#
# There is insufficient memory for the Java Runtime Environment to continue.
# Native memory allocation (malloc) failed to allocate 1422736 bytes for Chunk::new
# Possible reasons:
#   The system is out of physical RAM or swap space
#   The process is running with CompressedOops enabled, and the Java Heap may be blocking the growth of the native heap
# Possible solutions:
#   Reduce memory load on the system
#   Increase physical memory or swap space
#   Check if swap backing store is full
#   Decrease Java heap size (-Xmx/-Xms)
#   Decrease number of Java threads
#   Decrease Java thread stack sizes (-Xss)
#   Set larger code cache with -XX:ReservedCodeCacheSize=
#   JVM is running with Unscaled Compressed Oops mode in which the Java heap is
#     placed in the first 4GB address space. The Java Heap base address is the
#     maximum limit for the native heap growth. Please use -XX:HeapBaseMinAddress
#     to set the Java Heap base and to place the Java Heap above 4GB virtual address.
# This output file may be truncated or incomplete.
#
#  Out of Memory Error (arena.cpp:189), pid=8556, tid=28312
#
# JRE version: OpenJDK Runtime Environment Corretto-17.0.6.10.1 (17.0.6+10) (build 17.0.6+10-LTS)
# Java VM: OpenJDK 64-Bit Server VM Corretto-17.0.6.10.1 (17.0.6+10-LTS, mixed mode, sharing, tiered, compressed oops, compressed class ptrs, g1 gc, windows-amd64)
# No core dump will be written. Minidumps are not enabled by default on client versions of Windows
#

---------------  S U M M A R Y ------------

Command Line: --add-opens=java.base/java.lang=ALL-UNNAMED --add-opens=java.base/java.lang.invoke=ALL-UNNAMED --add-opens=java.base/java.util=ALL-UNNAMED --add-opens=java.prefs/java.util.prefs=ALL-UNNAMED --add-exports=jdk.compiler/com.sun.tools.javac.api=ALL-UNNAMED --add-exports=jdk.compiler/com.sun.tools.javac.util=ALL-UNNAMED --add-opens=java.base/java.util=ALL-UNNAMED --add-opens=java.prefs/java.util.prefs=ALL-UNNAMED --add-opens=java.base/java.nio.charset=ALL-UNNAMED --add-opens=java.base/java.net=ALL-UNNAMED --add-opens=java.base/java.util.concurrent.atomic=ALL-UNNAMED --add-opens=java.xml/javax.xml.namespace=ALL-UNNAMED -XX:MaxMetaspaceSize=384m -XX:+HeapDumpOnOutOfMemoryError -Xms256m -Xmx512m -Dfile.encoding=UTF-8 -Duser.country=KR -Duser.language=ko -Duser.variant -javaagent:C:\Users\user\.gradle\wrapper\dists\gradle-8.13-bin\5xuhj0ry160q40clulazy9h7d\gradle-8.13\lib\agents\gradle-instrumentation-agent-8.13.jar org.gradle.launcher.daemon.bootstrap.GradleDaemon 8.13

Host: 12th Gen Intel(R) Core(TM) i5-12400F, 12 cores, 23G,  Windows 11 , 64 bit Build 26100 (10.0.26100.3775)
Time: Wed May 14 17:08:25 2025  Windows 11 , 64 bit Build 26100 (10.0.26100.3775) elapsed time: 10.828562 seconds (0d 0h 0m 10s)

---------------  T H R E A D  ---------------

Current thread (0x000001e2b78f0ee0):  JavaThread "C2 CompilerThread2" daemon [_thread_in_native, id=28312, stack(0x0000009abbe00000,0x0000009abbf00000)]


Current CompileTask:
C2:  10828 7810 %     4       org.gradle.internal.instantiation.generator.AbstractClassGenerator::inspectType @ 107 (602 bytes)

Stack: [0x0000009abbe00000,0x0000009abbf00000]
Native frames: (J=compiled Java code, j=interpreted, Vv=VM code, C=native code)
V  [jvm.dll+0x64b39a]
V  [jvm.dll+0x7ff044]
V  [jvm.dll+0x8007fe]
V  [jvm.dll+0x800e53]
V  [jvm.dll+0x235848]
V  [jvm.dll+0xbce6c]
V  [jvm.dll+0xbd44c]
V  [jvm.dll+0x34f252]
V  [jvm.dll+0x319ccf]
V  [jvm.dll+0x31910a]
V  [jvm.dll+0x209ca5]
V  [jvm.dll+0x209237]
V  [jvm.dll+0x19926d]
V  [jvm.dll+0x2185dd]
V  [jvm.dll+0x216824]
V  [jvm.dll+0x7b77bb]
V  [jvm.dll+0x7b1d6a]
V  [jvm.dll+0x64a265]
C  [ucrtbase.dll+0x37b0]
C  [KERNEL32.DLL+0x2e8d7]
C  [ntdll.dll+0xb14fc]


---------------  P R O C E S S  ---------------

Threads class SMR info:
_java_thread_list=0x000001e2b8d46cd0, length=106, elements={
0x000001e295eb98e0, 0x000001e2b15f66d0, 0x000001e2b15f8fa0, 0x000001e2b1608860,
0x000001e2b1609120, 0x000001e2b16099e0, 0x000001e2b160a2a0, 0x000001e2b160ae90,
0x000001e2b160dfc0, 0x000001e2b2020060, 0x000001e2b15e4f90, 0x000001e2b21b4400,
0x000001e2b40635d0, 0x000001e2b30040f0, 0x000001e2b32eea50, 0x000001e2b420a080,
0x000001e2b4108470, 0x000001e2b4035450, 0x000001e2b408ee60, 0x000001e2b40d0320,
0x000001e2b40ac770, 0x000001e2b40adab0, 0x000001e2b40acc40, 0x000001e2b40ae450,
0x000001e2b40adf80, 0x000001e2b40ad5e0, 0x000001e2b40ac2a0, 0x000001e2b40aedf0,
0x000001e2b40ab900, 0x000001e2b40abdd0, 0x000001e2b40ad110, 0x000001e2b6fd0060,
0x000001e2b6fd0a00, 0x000001e2b6fced20, 0x000001e2b6fd0530, 0x000001e2b6fcf1f0,
0x000001e2b6fd13a0, 0x000001e2b6fce380, 0x000001e2b6fd0ed0, 0x000001e2b6fd1870,
0x000001e2b6fd2210, 0x000001e2b6fcf6c0, 0x000001e2b78f0ee0, 0x000001e2b6fce850,
0x000001e2b6fd3080, 0x000001e2b6fd2bb0, 0x000001e2b6fd3ef0, 0x000001e2b6fd5230,
0x000001e2b6fd3a20, 0x000001e2b6fd4890, 0x000001e2b6fd5700, 0x000001e2b6fd1d40,
0x000001e2b6fd5bd0, 0x000001e2b64c1490, 0x000001e2b64bfc80, 0x000001e2b64c0fc0,
0x000001e2b64c0af0, 0x000001e2b64c0150, 0x000001e2b64c0620, 0x000001e2b64c2300,
0x000001e2b64c1960, 0x000001e2b64c1e30, 0x000001e2b64bf2e0, 0x000001e2b64c27d0,
0x000001e2b64c2ca0, 0x000001e2b64c3170, 0x000001e2b64bf7b0, 0x000001e2b64c6660,
0x000001e2b64c57f0, 0x000001e2b64c3640, 0x000001e2b64c3b10, 0x000001e2b64c6190,
0x000001e2b64c44b0, 0x000001e2b64c4980, 0x000001e2b64c4e50, 0x000001e2b31f6760,
0x000001e2b31f7aa0, 0x000001e2b31f6c30, 0x000001e2b31f8440, 0x000001e2b31f5dc0,
0x000001e2b31f7100, 0x000001e2b31f7f70, 0x000001e2b31f75d0, 0x000001e2b31f8910,
0x000001e2b31f9c50, 0x000001e2b31f8de0, 0x000001e2b31f92b0, 0x000001e2b31f6290,
0x000001e2b31faf90, 0x000001e2b31fb460, 0x000001e2b31fb930, 0x000001e2b31fa120,
0x000001e2b31fc2d0, 0x000001e2b31fbe00, 0x000001e2b31fa5f0, 0x000001e2b31faac0,
0x000001e2b31fc7a0, 0x000001e2b31fcc70, 0x000001e2b31fd140, 0x000001e2b31f9780,
0x000001e2b31fd610, 0x000001e2b758a330, 0x000001e2b7588b20, 0x000001e2b75894c0,
0x000001e2b7589990, 0x000001e2b7589e60
}

Java Threads: ( => current thread )
  0x000001e295eb98e0 JavaThread "main" [_thread_blocked, id=12676, stack(0x0000009ab8100000,0x0000009ab8200000)]
  0x000001e2b15f66d0 JavaThread "Reference Handler" daemon [_thread_blocked, id=28068, stack(0x0000009ab8800000,0x0000009ab8900000)]
  0x000001e2b15f8fa0 JavaThread "Finalizer" daemon [_thread_blocked, id=29820, stack(0x0000009ab8900000,0x0000009ab8a00000)]
  0x000001e2b1608860 JavaThread "Signal Dispatcher" daemon [_thread_blocked, id=25652, stack(0x0000009ab8a00000,0x0000009ab8b00000)]
  0x000001e2b1609120 JavaThread "Attach Listener" daemon [_thread_blocked, id=27912, stack(0x0000009ab8b00000,0x0000009ab8c00000)]
  0x000001e2b16099e0 JavaThread "Service Thread" daemon [_thread_blocked, id=25488, stack(0x0000009ab8c00000,0x0000009ab8d00000)]
  0x000001e2b160a2a0 JavaThread "Monitor Deflation Thread" daemon [_thread_blocked, id=24080, stack(0x0000009ab8d00000,0x0000009ab8e00000)]
  0x000001e2b160ae90 JavaThread "C2 CompilerThread0" daemon [_thread_in_native, id=29592, stack(0x0000009ab8e00000,0x0000009ab8f00000)]
  0x000001e2b160dfc0 JavaThread "C1 CompilerThread0" daemon [_thread_blocked, id=23548, stack(0x0000009ab8f00000,0x0000009ab9000000)]
  0x000001e2b2020060 JavaThread "Sweeper thread" daemon [_thread_blocked, id=30704, stack(0x0000009ab9000000,0x0000009ab9100000)]
  0x000001e2b15e4f90 JavaThread "Common-Cleaner" daemon [_thread_blocked, id=31736, stack(0x0000009ab9100000,0x0000009ab9200000)]
  0x000001e2b21b4400 JavaThread "Notification Thread" daemon [_thread_blocked, id=2500, stack(0x0000009ab9200000,0x0000009ab9300000)]
  0x000001e2b40635d0 JavaThread "Daemon health stats" [_thread_blocked, id=23088, stack(0x0000009ab9500000,0x0000009ab9600000)]
  0x000001e2b30040f0 JavaThread "Incoming local TCP Connector on port 50876" [_thread_in_native, id=4768, stack(0x0000009ab9400000,0x0000009ab9500000)]
  0x000001e2b32eea50 JavaThread "Daemon periodic checks" [_thread_blocked, id=27196, stack(0x0000009ab9c00000,0x0000009ab9d00000)]
  0x000001e2b420a080 JavaThread "C2 CompilerThread1" daemon [_thread_in_native, id=27924, stack(0x0000009ab9d00000,0x0000009ab9e00000)]
  0x000001e2b4108470 JavaThread "Daemon" [_thread_blocked, id=27908, stack(0x0000009ab9e00000,0x0000009ab9f00000)]
  0x000001e2b4035450 JavaThread "Handler for socket connection from /127.0.0.1:50876 to /127.0.0.1:50877" [_thread_in_native, id=31220, stack(0x0000009ab9f00000,0x0000009aba000000)]
  0x000001e2b408ee60 JavaThread "Cancel handler" [_thread_blocked, id=12728, stack(0x0000009aba000000,0x0000009aba100000)]
  0x000001e2b40d0320 JavaThread "Daemon worker" [_thread_in_native, id=25464, stack(0x0000009aba100000,0x0000009aba200000)]
  0x000001e2b40ac770 JavaThread "Asynchronous log dispatcher for DefaultDaemonConnection: socket connection from /127.0.0.1:50876 to /127.0.0.1:50877" [_thread_blocked, id=18236, stack(0x0000009aba200000,0x0000009aba300000)]
  0x000001e2b40adab0 JavaThread "Stdin handler" [_thread_blocked, id=400, stack(0x0000009aba300000,0x0000009aba400000)]
  0x000001e2b40acc40 JavaThread "Daemon client event forwarder" [_thread_blocked, id=31440, stack(0x0000009aba400000,0x0000009aba500000)]
  0x000001e2b40ae450 JavaThread "Cache worker for journal cache (C:\Users\user\.gradle\caches\journal-1)" [_thread_blocked, id=24988, stack(0x0000009aba500000,0x0000009aba600000)]
  0x000001e2b40adf80 JavaThread "File lock request listener" [_thread_in_native, id=32496, stack(0x0000009aba600000,0x0000009aba700000)]
  0x000001e2b40ad5e0 JavaThread "Cache worker for file hash cache (C:\Users\user\.gradle\caches\8.13\fileHashes)" [_thread_blocked, id=29808, stack(0x0000009aba700000,0x0000009aba800000)]
  0x000001e2b40ac2a0 JavaThread "Cache worker for file hash cache (C:\study_\springBoot\cloud_msa\user-service\.gradle\8.13\fileHashes)" [_thread_blocked, id=20632, stack(0x0000009aba800000,0x0000009aba900000)]
  0x000001e2b40aedf0 JavaThread "Cache worker for Build Output Cleanup Cache (C:\study_\springBoot\cloud_msa\user-service\.gradle\buildOutputCleanup)" [_thread_blocked, id=5268, stack(0x0000009aba900000,0x0000009abaa00000)]
  0x000001e2b40ab900 JavaThread "File watcher server" daemon [_thread_in_native, id=29528, stack(0x0000009abb000000,0x0000009abb100000)]
  0x000001e2b40abdd0 JavaThread "File watcher consumer" daemon [_thread_blocked, id=13340, stack(0x0000009abb100000,0x0000009abb200000)]
  0x000001e2b40ad110 JavaThread "jar transforms" [_thread_blocked, id=2400, stack(0x0000009abb200000,0x0000009abb300000)]
  0x000001e2b6fd0060 JavaThread "jar transforms Thread 2" [_thread_blocked, id=2336, stack(0x0000009abb300000,0x0000009abb400000)]
  0x000001e2b6fd0a00 JavaThread "jar transforms Thread 3" [_thread_blocked, id=31396, stack(0x0000009abb400000,0x0000009abb500000)]
  0x000001e2b6fced20 JavaThread "jar transforms Thread 4" [_thread_blocked, id=17936, stack(0x0000009abb500000,0x0000009abb600000)]
  0x000001e2b6fd0530 JavaThread "jar transforms Thread 5" [_thread_blocked, id=8268, stack(0x0000009abb600000,0x0000009abb700000)]
  0x000001e2b6fcf1f0 JavaThread "jar transforms Thread 6" [_thread_blocked, id=25008, stack(0x0000009abb700000,0x0000009abb800000)]
  0x000001e2b6fd13a0 JavaThread "jar transforms Thread 7" [_thread_blocked, id=28320, stack(0x0000009abb800000,0x0000009abb900000)]
  0x000001e2b6fce380 JavaThread "jar transforms Thread 8" [_thread_blocked, id=17688, stack(0x0000009abb900000,0x0000009abba00000)]
  0x000001e2b6fd0ed0 JavaThread "jar transforms Thread 9" [_thread_blocked, id=4364, stack(0x0000009abba00000,0x0000009abbb00000)]
  0x000001e2b6fd1870 JavaThread "jar transforms Thread 10" [_thread_blocked, id=17856, stack(0x0000009abbb00000,0x0000009abbc00000)]
  0x000001e2b6fd2210 JavaThread "jar transforms Thread 11" [_thread_blocked, id=29212, stack(0x0000009abbc00000,0x0000009abbd00000)]
  0x000001e2b6fcf6c0 JavaThread "jar transforms Thread 12" [_thread_blocked, id=28244, stack(0x0000009abbd00000,0x0000009abbe00000)]
=>0x000001e2b78f0ee0 JavaThread "C2 CompilerThread2" daemon [_thread_in_native, id=28312, stack(0x0000009abbe00000,0x0000009abbf00000)]
  0x000001e2b6fce850 JavaThread "Cache worker for checksums cache (C:\study_\springBoot\cloud_msa\user-service\.gradle\8.13\checksums)" [_thread_blocked, id=2860, stack(0x0000009abbf00000,0x0000009abc000000)]
  0x000001e2b6fd3080 JavaThread "Cache worker for file content cache (C:\Users\user\.gradle\caches\8.13\fileContent)" [_thread_blocked, id=24852, stack(0x0000009abc000000,0x0000009abc100000)]
  0x000001e2b6fd2bb0 JavaThread "Cache worker for cache directory md-supplier (C:\Users\user\.gradle\caches\8.13\md-supplier)" [_thread_blocked, id=32656, stack(0x0000009abc100000,0x0000009abc200000)]
  0x000001e2b6fd3ef0 JavaThread "Cache worker for cache directory md-rule (C:\Users\user\.gradle\caches\8.13\md-rule)" [_thread_blocked, id=12844, stack(0x0000009abc200000,0x0000009abc300000)]
  0x000001e2b6fd5230 JavaThread "Unconstrained build operations" [_thread_blocked, id=27920, stack(0x0000009abc300000,0x0000009abc400000)]
  0x000001e2b6fd3a20 JavaThread "Unconstrained build operations Thread 2" [_thread_blocked, id=10168, stack(0x0000009abc400000,0x0000009abc500000)]
  0x000001e2b6fd4890 JavaThread "Unconstrained build operations Thread 3" [_thread_blocked, id=30076, stack(0x0000009abc500000,0x0000009abc600000)]
  0x000001e2b6fd5700 JavaThread "Unconstrained build operations Thread 4" [_thread_blocked, id=21684, stack(0x0000009abc600000,0x0000009abc700000)]
  0x000001e2b6fd1d40 JavaThread "Unconstrained build operations Thread 5" [_thread_blocked, id=32272, stack(0x0000009abc700000,0x0000009abc800000)]
  0x000001e2b6fd5bd0 JavaThread "Unconstrained build operations Thread 6" [_thread_blocked, id=11624, stack(0x0000009abc800000,0x0000009abc900000)]
  0x000001e2b64c1490 JavaThread "Unconstrained build operations Thread 7" [_thread_blocked, id=10204, stack(0x0000009abc900000,0x0000009abca00000)]
  0x000001e2b64bfc80 JavaThread "Unconstrained build operations Thread 8" [_thread_blocked, id=31956, stack(0x0000009abca00000,0x0000009abcb00000)]
  0x000001e2b64c0fc0 JavaThread "Unconstrained build operations Thread 9" [_thread_blocked, id=12340, stack(0x0000009abcb00000,0x0000009abcc00000)]
  0x000001e2b64c0af0 JavaThread "Unconstrained build operations Thread 10" [_thread_blocked, id=31136, stack(0x0000009abcc00000,0x0000009abcd00000)]
  0x000001e2b64c0150 JavaThread "Unconstrained build operations Thread 11" [_thread_blocked, id=21920, stack(0x0000009abcd00000,0x0000009abce00000)]
  0x000001e2b64c0620 JavaThread "Unconstrained build operations Thread 12" [_thread_blocked, id=13700, stack(0x0000009abce00000,0x0000009abcf00000)]
  0x000001e2b64c2300 JavaThread "Unconstrained build operations Thread 13" [_thread_blocked, id=30948, stack(0x0000009abcf00000,0x0000009abd000000)]
  0x000001e2b64c1960 JavaThread "Unconstrained build operations Thread 14" [_thread_blocked, id=22328, stack(0x0000009abd000000,0x0000009abd100000)]
  0x000001e2b64c1e30 JavaThread "Unconstrained build operations Thread 15" [_thread_blocked, id=8868, stack(0x0000009abd100000,0x0000009abd200000)]
  0x000001e2b64bf2e0 JavaThread "Unconstrained build operations Thread 16" [_thread_blocked, id=32104, stack(0x0000009abd200000,0x0000009abd300000)]
  0x000001e2b64c27d0 JavaThread "Unconstrained build operations Thread 17" [_thread_blocked, id=8608, stack(0x0000009abd300000,0x0000009abd400000)]
  0x000001e2b64c2ca0 JavaThread "Unconstrained build operations Thread 18" [_thread_blocked, id=25812, stack(0x0000009abd400000,0x0000009abd500000)]
  0x000001e2b64c3170 JavaThread "Unconstrained build operations Thread 19" [_thread_blocked, id=31096, stack(0x0000009abd500000,0x0000009abd600000)]
  0x000001e2b64bf7b0 JavaThread "Unconstrained build operations Thread 20" [_thread_blocked, id=25972, stack(0x0000009abd600000,0x0000009abd700000)]
  0x000001e2b64c6660 JavaThread "Unconstrained build operations Thread 21" [_thread_blocked, id=17076, stack(0x0000009abd700000,0x0000009abd800000)]
  0x000001e2b64c57f0 JavaThread "Unconstrained build operations Thread 22" [_thread_blocked, id=27540, stack(0x0000009abd800000,0x0000009abd900000)]
  0x000001e2b64c3640 JavaThread "Unconstrained build operations Thread 23" [_thread_blocked, id=2328, stack(0x0000009abd900000,0x0000009abda00000)]
  0x000001e2b64c3b10 JavaThread "Unconstrained build operations Thread 24" [_thread_blocked, id=28580, stack(0x0000009abda00000,0x0000009abdb00000)]
  0x000001e2b64c6190 JavaThread "Unconstrained build operations Thread 25" [_thread_blocked, id=31312, stack(0x0000009abdb00000,0x0000009abdc00000)]
  0x000001e2b64c44b0 JavaThread "Unconstrained build operations Thread 26" [_thread_blocked, id=27636, stack(0x0000009abdd00000,0x0000009abde00000)]
  0x000001e2b64c4980 JavaThread "Unconstrained build operations Thread 27" [_thread_blocked, id=5884, stack(0x0000009abde00000,0x0000009abdf00000)]
  0x000001e2b64c4e50 JavaThread "Unconstrained build operations Thread 28" [_thread_blocked, id=31016, stack(0x0000009abdf00000,0x0000009abe000000)]
  0x000001e2b31f6760 JavaThread "Unconstrained build operations Thread 29" [_thread_blocked, id=29860, stack(0x0000009abe000000,0x0000009abe100000)]
  0x000001e2b31f7aa0 JavaThread "Unconstrained build operations Thread 30" [_thread_blocked, id=23352, stack(0x0000009abe100000,0x0000009abe200000)]
  0x000001e2b31f6c30 JavaThread "Unconstrained build operations Thread 31" [_thread_blocked, id=4212, stack(0x0000009abe200000,0x0000009abe300000)]
  0x000001e2b31f8440 JavaThread "Unconstrained build operations Thread 32" [_thread_blocked, id=30856, stack(0x0000009abe300000,0x0000009abe400000)]
  0x000001e2b31f5dc0 JavaThread "Unconstrained build operations Thread 33" [_thread_blocked, id=25316, stack(0x0000009abe400000,0x0000009abe500000)]
  0x000001e2b31f7100 JavaThread "Unconstrained build operations Thread 34" [_thread_blocked, id=29036, stack(0x0000009abe500000,0x0000009abe600000)]
  0x000001e2b31f7f70 JavaThread "Unconstrained build operations Thread 35" [_thread_blocked, id=16548, stack(0x0000009abe600000,0x0000009abe700000)]
  0x000001e2b31f75d0 JavaThread "Unconstrained build operations Thread 36" [_thread_blocked, id=22824, stack(0x0000009abe700000,0x0000009abe800000)]
  0x000001e2b31f8910 JavaThread "Unconstrained build operations Thread 37" [_thread_blocked, id=25940, stack(0x0000009abe800000,0x0000009abe900000)]
  0x000001e2b31f9c50 JavaThread "Unconstrained build operations Thread 38" [_thread_blocked, id=31904, stack(0x0000009abe900000,0x0000009abea00000)]
  0x000001e2b31f8de0 JavaThread "Unconstrained build operations Thread 39" [_thread_blocked, id=22752, stack(0x0000009abea00000,0x0000009abeb00000)]
  0x000001e2b31f92b0 JavaThread "Unconstrained build operations Thread 40" [_thread_blocked, id=24540, stack(0x0000009abeb00000,0x0000009abec00000)]
  0x000001e2b31f6290 JavaThread "Unconstrained build operations Thread 41" [_thread_blocked, id=4040, stack(0x0000009abec00000,0x0000009abed00000)]
  0x000001e2b31faf90 JavaThread "Unconstrained build operations Thread 42" [_thread_blocked, id=29196, stack(0x0000009abed00000,0x0000009abee00000)]
  0x000001e2b31fb460 JavaThread "Unconstrained build operations Thread 43" [_thread_blocked, id=23776, stack(0x0000009abee00000,0x0000009abef00000)]
  0x000001e2b31fb930 JavaThread "Unconstrained build operations Thread 44" [_thread_blocked, id=19420, stack(0x0000009abef00000,0x0000009abf000000)]
  0x000001e2b31fa120 JavaThread "Unconstrained build operations Thread 45" [_thread_blocked, id=23744, stack(0x0000009abf000000,0x0000009abf100000)]
  0x000001e2b31fc2d0 JavaThread "Unconstrained build operations Thread 46" [_thread_blocked, id=32088, stack(0x0000009abf100000,0x0000009abf200000)]
  0x000001e2b31fbe00 JavaThread "Unconstrained build operations Thread 47" [_thread_blocked, id=30852, stack(0x0000009abf200000,0x0000009abf300000)]
  0x000001e2b31fa5f0 JavaThread "Unconstrained build operations Thread 48" [_thread_blocked, id=30756, stack(0x0000009abf300000,0x0000009abf400000)]
  0x000001e2b31faac0 JavaThread "Unconstrained build operations Thread 49" [_thread_blocked, id=14600, stack(0x0000009abf400000,0x0000009abf500000)]
  0x000001e2b31fc7a0 JavaThread "Unconstrained build operations Thread 50" [_thread_blocked, id=32352, stack(0x0000009abf500000,0x0000009abf600000)]
  0x000001e2b31fcc70 JavaThread "Unconstrained build operations Thread 51" [_thread_blocked, id=11480, stack(0x0000009abf600000,0x0000009abf700000)]
  0x000001e2b31fd140 JavaThread "Unconstrained build operations Thread 52" [_thread_blocked, id=24968, stack(0x0000009abf700000,0x0000009abf800000)]
  0x000001e2b31f9780 JavaThread "Unconstrained build operations Thread 53" [_thread_blocked, id=26868, stack(0x0000009abf800000,0x0000009abf900000)]
  0x000001e2b31fd610 JavaThread "Unconstrained build operations Thread 54" [_thread_blocked, id=26220, stack(0x0000009abf900000,0x0000009abfa00000)]
  0x000001e2b758a330 JavaThread "Unconstrained build operations Thread 55" [_thread_blocked, id=27728, stack(0x0000009abfa00000,0x0000009abfb00000)]
  0x000001e2b7588b20 JavaThread "Unconstrained build operations Thread 56" [_thread_blocked, id=384, stack(0x0000009abfb00000,0x0000009abfc00000)]
  0x000001e2b75894c0 JavaThread "Unconstrained build operations Thread 57" [_thread_blocked, id=24332, stack(0x0000009abfc00000,0x0000009abfd00000)]
  0x000001e2b7589990 JavaThread "Unconstrained build operations Thread 58" [_thread_blocked, id=21900, stack(0x0000009abfd00000,0x0000009abfe00000)]
  0x000001e2b7589e60 JavaThread "Memory manager" [_thread_blocked, id=4764, stack(0x0000009abfe00000,0x0000009abff00000)]

Other Threads:
  0x000001e2b15f2170 VMThread "VM Thread" [stack: 0x0000009ab8700000,0x0000009ab8800000] [id=28968]
  0x000001e295f3d060 WatcherThread [stack: 0x0000009ab9300000,0x0000009ab9400000] [id=8876]
  0x000001e295ee9760 GCTaskThread "GC Thread#0" [stack: 0x0000009ab8200000,0x0000009ab8300000] [id=23356]
  0x000001e2b28a59f0 GCTaskThread "GC Thread#1" [stack: 0x0000009ab9600000,0x0000009ab9700000] [id=5628]
  0x000001e2b26a29f0 GCTaskThread "GC Thread#2" [stack: 0x0000009ab9700000,0x0000009ab9800000] [id=26904]
  0x000001e2b259fa90 GCTaskThread "GC Thread#3" [stack: 0x0000009ab9800000,0x0000009ab9900000] [id=31048]
  0x000001e2b2687ab0 GCTaskThread "GC Thread#4" [stack: 0x0000009ab9900000,0x0000009ab9a00000] [id=4612]
  0x000001e2b2687d60 GCTaskThread "GC Thread#5" [stack: 0x0000009ab9a00000,0x0000009ab9b00000] [id=28936]
  0x000001e2b615c9f0 GCTaskThread "GC Thread#6" [stack: 0x0000009abaa00000,0x0000009abab00000] [id=11780]
  0x000001e2b43d73a0 GCTaskThread "GC Thread#7" [stack: 0x0000009abab00000,0x0000009abac00000] [id=3892]
  0x000001e2b7942b50 GCTaskThread "GC Thread#8" [stack: 0x0000009abac00000,0x0000009abad00000] [id=21648]
  0x000001e2b7943360 GCTaskThread "GC Thread#9" [stack: 0x0000009abad00000,0x0000009abae00000] [id=17316]
  0x000001e295eef5c0 ConcurrentGCThread "G1 Main Marker" [stack: 0x0000009ab8300000,0x0000009ab8400000] [id=32200]
  0x000001e295ef1a60 ConcurrentGCThread "G1 Conc#0" [stack: 0x0000009ab8400000,0x0000009ab8500000] [id=26576]
  0x000001e2b79425f0 ConcurrentGCThread "G1 Conc#1" [stack: 0x0000009abae00000,0x0000009abaf00000] [id=5100]
  0x000001e2b7942e00 ConcurrentGCThread "G1 Conc#2" [stack: 0x0000009abaf00000,0x0000009abb000000] [id=17548]
  0x000001e295f7e290 ConcurrentGCThread "G1 Refine#0" [stack: 0x0000009ab8500000,0x0000009ab8600000] [id=25668]
  0x000001e2b258f030 ConcurrentGCThread "G1 Refine#1" [stack: 0x0000009ab9b00000,0x0000009ab9c00000] [id=25328]
  0x000001e2b71a1770 ConcurrentGCThread "G1 Refine#2" [stack: 0x0000009abdc00000,0x0000009abdd00000] [id=25784]
  0x000001e295f7e960 ConcurrentGCThread "G1 Service" [stack: 0x0000009ab8600000,0x0000009ab8700000] [id=30936]

Threads with active compile tasks:
C2 CompilerThread0    10855 7792       4       java.beans.Introspector::addMethod (196 bytes)
C2 CompilerThread1    10856 7873       4       java.util.TreeMap$PrivateEntryIterator::nextEntry (54 bytes)
C2 CompilerThread2    10856 7810 %     4       org.gradle.internal.instantiation.generator.AbstractClassGenerator::inspectType @ 107 (602 bytes)

VM state: not at safepoint (normal execution)

VM Mutex/Monitor currently owned by a thread: None

Heap address: 0x00000000e0000000, size: 512 MB, Compressed Oops mode: 32-bit

CDS archive(s) mapped at: [0x0000000800000000-0x0000000800bc0000-0x0000000800bc0000), size 12320768, SharedBaseAddress: 0x0000000800000000, ArchiveRelocationMode: 0.
Compressed class space mapped at: 0x0000000800c00000-0x0000000814000000, reserved size: 322961408
Narrow klass base: 0x0000000800000000, Narrow klass shift: 0, Narrow klass range: 0x100000000

GC Precious Log:
 CPUs: 12 total, 12 available
 Memory: 24389M
 Large Page Support: Disabled
 NUMA Support: Disabled
 Compressed Oops: Enabled (32-bit)
 Heap Region Size: 1M
 Heap Min Capacity: 256M
 Heap Initial Capacity: 256M
 Heap Max Capacity: 512M
 Pre-touch: Disabled
 Parallel Workers: 10
 Concurrent Workers: 3
 Concurrent Refinement Workers: 10
 Periodic GC: Disabled

Heap:
 garbage-first heap   total 262144K, used 88435K [0x00000000e0000000, 0x0000000100000000)
  region size 1024K, 25 young (25600K), 12 survivors (12288K)
 Metaspace       used 59579K, committed 60288K, reserved 372736K
  class space    used 8523K, committed 8832K, reserved 315392K

Heap Regions: E=young(eden), S=young(survivor), O=old, HS=humongous(starts), HC=humongous(continues), CS=collection set, F=free, OA=open archive, CA=closed archive, TAMS=top-at-mark-start (previous, next)
|   0|0x00000000e0000000, 0x00000000e0100000, 0x00000000e0100000|100%|HS|  |TAMS 0x00000000e0100000, 0x00000000e0000000| Complete 
|   1|0x00000000e0100000, 0x00000000e0200000, 0x00000000e0200000|100%|HC|  |TAMS 0x00000000e0200000, 0x00000000e0100000| Complete 
|   2|0x00000000e0200000, 0x00000000e0300000, 0x00000000e0300000|100%|HC|  |TAMS 0x00000000e0300000, 0x00000000e0200000| Complete 
|   3|0x00000000e0300000, 0x00000000e0400000, 0x00000000e0400000|100%| O|  |TAMS 0x00000000e0400000, 0x00000000e0300000| Untracked 
|   4|0x00000000e0400000, 0x00000000e0500000, 0x00000000e0500000|100%| O|  |TAMS 0x00000000e0500000, 0x00000000e0400000| Untracked 
|   5|0x00000000e0500000, 0x00000000e0600000, 0x00000000e0600000|100%| O|  |TAMS 0x00000000e0600000, 0x00000000e0500000| Untracked 
|   6|0x00000000e0600000, 0x00000000e0700000, 0x00000000e0700000|100%|HS|  |TAMS 0x00000000e0700000, 0x00000000e0600000| Complete 
|   7|0x00000000e0700000, 0x00000000e0800000, 0x00000000e0800000|100%| O|  |TAMS 0x00000000e0800000, 0x00000000e0700000| Untracked 
|   8|0x00000000e0800000, 0x00000000e0900000, 0x00000000e0900000|100%| O|  |TAMS 0x00000000e0900000, 0x00000000e0800000| Untracked 
|   9|0x00000000e0900000, 0x00000000e0a00000, 0x00000000e0a00000|100%| O|  |TAMS 0x00000000e0a00000, 0x00000000e0900000| Untracked 
|  10|0x00000000e0a00000, 0x00000000e0b00000, 0x00000000e0b00000|100%| O|  |TAMS 0x00000000e0b00000, 0x00000000e0a00000| Untracked 
|  11|0x00000000e0b00000, 0x00000000e0c00000, 0x00000000e0c00000|100%| O|  |TAMS 0x00000000e0c00000, 0x00000000e0b00000| Untracked 
|  12|0x00000000e0c00000, 0x00000000e0d00000, 0x00000000e0d00000|100%| O|  |TAMS 0x00000000e0d00000, 0x00000000e0c00000| Untracked 
|  13|0x00000000e0d00000, 0x00000000e0e00000, 0x00000000e0e00000|100%|HS|  |TAMS 0x00000000e0e00000, 0x00000000e0d00000| Complete 
|  14|0x00000000e0e00000, 0x00000000e0f00000, 0x00000000e0f00000|100%|HC|  |TAMS 0x00000000e0f00000, 0x00000000e0e00000| Complete 
|  15|0x00000000e0f00000, 0x00000000e1000000, 0x00000000e1000000|100%|HS|  |TAMS 0x00000000e1000000, 0x00000000e0f00000| Complete 
|  16|0x00000000e1000000, 0x00000000e1100000, 0x00000000e1100000|100%|HC|  |TAMS 0x00000000e1100000, 0x00000000e1000000| Complete 
|  17|0x00000000e1100000, 0x00000000e1200000, 0x00000000e1200000|100%|HC|  |TAMS 0x00000000e1200000, 0x00000000e1100000| Complete 
|  18|0x00000000e1200000, 0x00000000e1300000, 0x00000000e1300000|100%|HS|  |TAMS 0x00000000e1300000, 0x00000000e1200000| Complete 
|  19|0x00000000e1300000, 0x00000000e1400000, 0x00000000e1400000|100%|HC|  |TAMS 0x00000000e1400000, 0x00000000e1300000| Complete 
|  20|0x00000000e1400000, 0x00000000e1500000, 0x00000000e1500000|100%|HC|  |TAMS 0x00000000e1500000, 0x00000000e1400000| Complete 
|  21|0x00000000e1500000, 0x00000000e1600000, 0x00000000e1600000|100%|HS|  |TAMS 0x00000000e1600000, 0x00000000e1500000| Complete 
|  22|0x00000000e1600000, 0x00000000e1700000, 0x00000000e1700000|100%|HC|  |TAMS 0x00000000e1700000, 0x00000000e1600000| Complete 
|  23|0x00000000e1700000, 0x00000000e1800000, 0x00000000e1800000|100%|HC|  |TAMS 0x00000000e1800000, 0x00000000e1700000| Complete 
|  24|0x00000000e1800000, 0x00000000e1900000, 0x00000000e1900000|100%|HS|  |TAMS 0x00000000e1900000, 0x00000000e1800000| Complete 
|  25|0x00000000e1900000, 0x00000000e1a00000, 0x00000000e1a00000|100%|HC|  |TAMS 0x00000000e1a00000, 0x00000000e1900000| Complete 
|  26|0x00000000e1a00000, 0x00000000e1b00000, 0x00000000e1b00000|100%|HC|  |TAMS 0x00000000e1b00000, 0x00000000e1a00000| Complete 
|  27|0x00000000e1b00000, 0x00000000e1c00000, 0x00000000e1c00000|100%| O|  |TAMS 0x00000000e1c00000, 0x00000000e1b00000| Untracked 
|  28|0x00000000e1c00000, 0x00000000e1d00000, 0x00000000e1d00000|100%| O|  |TAMS 0x00000000e1d00000, 0x00000000e1c00000| Untracked 
|  29|0x00000000e1d00000, 0x00000000e1e00000, 0x00000000e1e00000|100%| O|  |TAMS 0x00000000e1e00000, 0x00000000e1d00000| Untracked 
|  30|0x00000000e1e00000, 0x00000000e1f00000, 0x00000000e1f00000|100%| O|  |TAMS 0x00000000e1f00000, 0x00000000e1e00000| Untracked 
|  31|0x00000000e1f00000, 0x00000000e2000000, 0x00000000e2000000|100%| O|  |TAMS 0x00000000e2000000, 0x00000000e1f00000| Untracked 
|  32|0x00000000e2000000, 0x00000000e2100000, 0x00000000e2100000|100%|HS|  |TAMS 0x00000000e2100000, 0x00000000e2000000| Complete 
|  33|0x00000000e2100000, 0x00000000e2200000, 0x00000000e2200000|100%|HC|  |TAMS 0x00000000e2200000, 0x00000000e2100000| Complete 
|  34|0x00000000e2200000, 0x00000000e2300000, 0x00000000e2300000|100%|HC|  |TAMS 0x00000000e2300000, 0x00000000e2200000| Complete 
|  35|0x00000000e2300000, 0x00000000e2400000, 0x00000000e2400000|100%|HS|  |TAMS 0x00000000e2400000, 0x00000000e2300000| Complete 
|  36|0x00000000e2400000, 0x00000000e2500000, 0x00000000e2500000|100%|HC|  |TAMS 0x00000000e2500000, 0x00000000e2400000| Complete 
|  37|0x00000000e2500000, 0x00000000e2600000, 0x00000000e2600000|100%|HC|  |TAMS 0x00000000e2600000, 0x00000000e2500000| Complete 
|  38|0x00000000e2600000, 0x00000000e2700000, 0x00000000e2700000|100%| O|  |TAMS 0x00000000e2700000, 0x00000000e2600000| Untracked 
|  39|0x00000000e2700000, 0x00000000e2800000, 0x00000000e2800000|100%| O|  |TAMS 0x00000000e2800000, 0x00000000e2700000| Untracked 
|  40|0x00000000e2800000, 0x00000000e2900000, 0x00000000e2900000|100%| O|  |TAMS 0x00000000e2900000, 0x00000000e2800000| Untracked 
|  41|0x00000000e2900000, 0x00000000e2a00000, 0x00000000e2a00000|100%| O|  |TAMS 0x00000000e2a00000, 0x00000000e2900000| Untracked 
|  42|0x00000000e2a00000, 0x00000000e2b00000, 0x00000000e2b00000|100%| O|  |TAMS 0x00000000e2b00000, 0x00000000e2a00000| Untracked 
|  43|0x00000000e2b00000, 0x00000000e2c00000, 0x00000000e2c00000|100%| O|  |TAMS 0x00000000e2c00000, 0x00000000e2b00000| Untracked 
|  44|0x00000000e2c00000, 0x00000000e2d00000, 0x00000000e2d00000|100%| O|  |TAMS 0x00000000e2d00000, 0x00000000e2c00000| Untracked 
|  45|0x00000000e2d00000, 0x00000000e2e00000, 0x00000000e2e00000|100%| O|  |TAMS 0x00000000e2e00000, 0x00000000e2d00000| Untracked 
|  46|0x00000000e2e00000, 0x00000000e2f00000, 0x00000000e2f00000|100%| O|  |TAMS 0x00000000e2f00000, 0x00000000e2e00000| Untracked 
|  47|0x00000000e2f00000, 0x00000000e3000000, 0x00000000e3000000|100%| O|  |TAMS 0x00000000e3000000, 0x00000000e2f00000| Untracked 
|  48|0x00000000e3000000, 0x00000000e3100000, 0x00000000e3100000|100%| O|  |TAMS 0x00000000e3100000, 0x00000000e3000000| Untracked 
|  49|0x00000000e3100000, 0x00000000e3200000, 0x00000000e3200000|100%| O|  |TAMS 0x00000000e3200000, 0x00000000e3100000| Untracked 
|  50|0x00000000e3200000, 0x00000000e3300000, 0x00000000e3300000|100%| O|  |TAMS 0x00000000e3300000, 0x00000000e3200000| Untracked 
|  51|0x00000000e3300000, 0x00000000e3400000, 0x00000000e3400000|100%| O|  |TAMS 0x00000000e3400000, 0x00000000e3300000| Untracked 
|  52|0x00000000e3400000, 0x00000000e3500000, 0x00000000e3500000|100%| O|  |TAMS 0x00000000e3500000, 0x00000000e3400000| Untracked 
|  53|0x00000000e3500000, 0x00000000e3600000, 0x00000000e3600000|100%| O|  |TAMS 0x00000000e3600000, 0x00000000e3500000| Untracked 
|  54|0x00000000e3600000, 0x00000000e3700000, 0x00000000e3700000|100%| O|  |TAMS 0x00000000e3700000, 0x00000000e3600000| Untracked 
|  55|0x00000000e3700000, 0x00000000e3800000, 0x00000000e3800000|100%| O|  |TAMS 0x00000000e3800000, 0x00000000e3700000| Untracked 
|  56|0x00000000e3800000, 0x00000000e3900000, 0x00000000e3900000|100%| O|  |TAMS 0x00000000e3900000, 0x00000000e3800000| Untracked 
|  57|0x00000000e3900000, 0x00000000e3a00000, 0x00000000e3a00000|100%| O|  |TAMS 0x00000000e3a00000, 0x00000000e3900000| Untracked 
|  58|0x00000000e3a00000, 0x00000000e3b00000, 0x00000000e3b00000|100%| O|  |TAMS 0x00000000e3b00000, 0x00000000e3a00000| Untracked 
|  59|0x00000000e3b00000, 0x00000000e3c00000, 0x00000000e3c00000|100%| O|  |TAMS 0x00000000e3c00000, 0x00000000e3b00000| Untracked 
|  60|0x00000000e3c00000, 0x00000000e3d00000, 0x00000000e3d00000|100%| O|  |TAMS 0x00000000e3d00000, 0x00000000e3c00000| Untracked 
|  61|0x00000000e3d00000, 0x00000000e3e00000, 0x00000000e3e00000|100%| O|  |TAMS 0x00000000e3e00000, 0x00000000e3d00000| Untracked 
|  62|0x00000000e3e00000, 0x00000000e3f00000, 0x00000000e3f00000|100%| O|  |TAMS 0x00000000e3f00000, 0x00000000e3e00000| Untracked 
|  63|0x00000000e3f00000, 0x00000000e3f38200, 0x00000000e4000000| 21%| O|  |TAMS 0x00000000e3f38200, 0x00000000e3f00000| Untracked 
|  64|0x00000000e4000000, 0x00000000e4000000, 0x00000000e4100000|  0%| F|  |TAMS 0x00000000e4000000, 0x00000000e4000000| Untracked 
|  65|0x00000000e4100000, 0x00000000e4100000, 0x00000000e4200000|  0%| F|  |TAMS 0x00000000e4100000, 0x00000000e4100000| Untracked 
|  66|0x00000000e4200000, 0x00000000e4200000, 0x00000000e4300000|  0%| F|  |TAMS 0x00000000e4200000, 0x00000000e4200000| Untracked 
|  67|0x00000000e4300000, 0x00000000e4300000, 0x00000000e4400000|  0%| F|  |TAMS 0x00000000e4300000, 0x00000000e4300000| Untracked 
|  68|0x00000000e4400000, 0x00000000e4400000, 0x00000000e4500000|  0%| F|  |TAMS 0x00000000e4400000, 0x00000000e4400000| Untracked 
|  69|0x00000000e4500000, 0x00000000e4500000, 0x00000000e4600000|  0%| F|  |TAMS 0x00000000e4500000, 0x00000000e4500000| Untracked 
|  70|0x00000000e4600000, 0x00000000e4600000, 0x00000000e4700000|  0%| F|  |TAMS 0x00000000e4600000, 0x00000000e4600000| Untracked 
|  71|0x00000000e4700000, 0x00000000e4700000, 0x00000000e4800000|  0%| F|  |TAMS 0x00000000e4700000, 0x00000000e4700000| Untracked 
|  72|0x00000000e4800000, 0x00000000e4800000, 0x00000000e4900000|  0%| F|  |TAMS 0x00000000e4800000, 0x00000000e4800000| Untracked 
|  73|0x00000000e4900000, 0x00000000e4900000, 0x00000000e4a00000|  0%| F|  |TAMS 0x00000000e4900000, 0x00000000e4900000| Untracked 
|  74|0x00000000e4a00000, 0x00000000e4a00000, 0x00000000e4b00000|  0%| F|  |TAMS 0x00000000e4a00000, 0x00000000e4a00000| Untracked 
|  75|0x00000000e4b00000, 0x00000000e4b00000, 0x00000000e4c00000|  0%| F|  |TAMS 0x00000000e4b00000, 0x00000000e4b00000| Untracked 
|  76|0x00000000e4c00000, 0x00000000e4c00000, 0x00000000e4d00000|  0%| F|  |TAMS 0x00000000e4c00000, 0x00000000e4c00000| Untracked 
|  77|0x00000000e4d00000, 0x00000000e4d00000, 0x00000000e4e00000|  0%| F|  |TAMS 0x00000000e4d00000, 0x00000000e4d00000| Untracked 
|  78|0x00000000e4e00000, 0x00000000e4e00000, 0x00000000e4f00000|  0%| F|  |TAMS 0x00000000e4e00000, 0x00000000e4e00000| Untracked 
|  79|0x00000000e4f00000, 0x00000000e4f00000, 0x00000000e5000000|  0%| F|  |TAMS 0x00000000e4f00000, 0x00000000e4f00000| Untracked 
|  80|0x00000000e5000000, 0x00000000e5000000, 0x00000000e5100000|  0%| F|  |TAMS 0x00000000e5000000, 0x00000000e5000000| Untracked 
|  81|0x00000000e5100000, 0x00000000e5100000, 0x00000000e5200000|  0%| F|  |TAMS 0x00000000e5100000, 0x00000000e5100000| Untracked 
|  82|0x00000000e5200000, 0x00000000e5200000, 0x00000000e5300000|  0%| F|  |TAMS 0x00000000e5200000, 0x00000000e5200000| Untracked 
|  83|0x00000000e5300000, 0x00000000e5300000, 0x00000000e5400000|  0%| F|  |TAMS 0x00000000e5300000, 0x00000000e5300000| Untracked 
|  84|0x00000000e5400000, 0x00000000e5400000, 0x00000000e5500000|  0%| F|  |TAMS 0x00000000e5400000, 0x00000000e5400000| Untracked 
|  85|0x00000000e5500000, 0x00000000e5500000, 0x00000000e5600000|  0%| F|  |TAMS 0x00000000e5500000, 0x00000000e5500000| Untracked 
|  86|0x00000000e5600000, 0x00000000e5600000, 0x00000000e5700000|  0%| F|  |TAMS 0x00000000e5600000, 0x00000000e5600000| Untracked 
|  87|0x00000000e5700000, 0x00000000e5700000, 0x00000000e5800000|  0%| F|  |TAMS 0x00000000e5700000, 0x00000000e5700000| Untracked 
|  88|0x00000000e5800000, 0x00000000e5800000, 0x00000000e5900000|  0%| F|  |TAMS 0x00000000e5800000, 0x00000000e5800000| Untracked 
|  89|0x00000000e5900000, 0x00000000e5900000, 0x00000000e5a00000|  0%| F|  |TAMS 0x00000000e5900000, 0x00000000e5900000| Untracked 
|  90|0x00000000e5a00000, 0x00000000e5a00000, 0x00000000e5b00000|  0%| F|  |TAMS 0x00000000e5a00000, 0x00000000e5a00000| Untracked 
|  91|0x00000000e5b00000, 0x00000000e5b00000, 0x00000000e5c00000|  0%| F|  |TAMS 0x00000000e5b00000, 0x00000000e5b00000| Untracked 
|  92|0x00000000e5c00000, 0x00000000e5c00000, 0x00000000e5d00000|  0%| F|  |TAMS 0x00000000e5c00000, 0x00000000e5c00000| Untracked 
|  93|0x00000000e5d00000, 0x00000000e5d00000, 0x00000000e5e00000|  0%| F|  |TAMS 0x00000000e5d00000, 0x00000000e5d00000| Untracked 
|  94|0x00000000e5e00000, 0x00000000e5e00000, 0x00000000e5f00000|  0%| F|  |TAMS 0x00000000e5e00000, 0x00000000e5e00000| Untracked 
|  95|0x00000000e5f00000, 0x00000000e5f00000, 0x00000000e6000000|  0%| F|  |TAMS 0x00000000e5f00000, 0x00000000e5f00000| Untracked 
|  96|0x00000000e6000000, 0x00000000e6000000, 0x00000000e6100000|  0%| F|  |TAMS 0x00000000e6000000, 0x00000000e6000000| Untracked 
|  97|0x00000000e6100000, 0x00000000e6100000, 0x00000000e6200000|  0%| F|  |TAMS 0x00000000e6100000, 0x00000000e6100000| Untracked 
|  98|0x00000000e6200000, 0x00000000e6200000, 0x00000000e6300000|  0%| F|  |TAMS 0x00000000e6200000, 0x00000000e6200000| Untracked 
|  99|0x00000000e6300000, 0x00000000e6300000, 0x00000000e6400000|  0%| F|  |TAMS 0x00000000e6300000, 0x00000000e6300000| Untracked 
| 100|0x00000000e6400000, 0x00000000e6400000, 0x00000000e6500000|  0%| F|  |TAMS 0x00000000e6400000, 0x00000000e6400000| Untracked 
| 101|0x00000000e6500000, 0x00000000e6500000, 0x00000000e6600000|  0%| F|  |TAMS 0x00000000e6500000, 0x00000000e6500000| Untracked 
| 102|0x00000000e6600000, 0x00000000e6600000, 0x00000000e6700000|  0%| F|  |TAMS 0x00000000e6600000, 0x00000000e6600000| Untracked 
| 103|0x00000000e6700000, 0x00000000e6700000, 0x00000000e6800000|  0%| F|  |TAMS 0x00000000e6700000, 0x00000000e6700000| Untracked 
| 104|0x00000000e6800000, 0x00000000e6800000, 0x00000000e6900000|  0%| F|  |TAMS 0x00000000e6800000, 0x00000000e6800000| Untracked 
| 105|0x00000000e6900000, 0x00000000e6900000, 0x00000000e6a00000|  0%| F|  |TAMS 0x00000000e6900000, 0x00000000e6900000| Untracked 
| 106|0x00000000e6a00000, 0x00000000e6a00000, 0x00000000e6b00000|  0%| F|  |TAMS 0x00000000e6a00000, 0x00000000e6a00000| Untracked 
| 107|0x00000000e6b00000, 0x00000000e6b00000, 0x00000000e6c00000|  0%| F|  |TAMS 0x00000000e6b00000, 0x00000000e6b00000| Untracked 
| 108|0x00000000e6c00000, 0x00000000e6c00000, 0x00000000e6d00000|  0%| F|  |TAMS 0x00000000e6c00000, 0x00000000e6c00000| Untracked 
| 109|0x00000000e6d00000, 0x00000000e6d00000, 0x00000000e6e00000|  0%| F|  |TAMS 0x00000000e6d00000, 0x00000000e6d00000| Untracked 
| 110|0x00000000e6e00000, 0x00000000e6e00000, 0x00000000e6f00000|  0%| F|  |TAMS 0x00000000e6e00000, 0x00000000e6e00000| Untracked 
| 111|0x00000000e6f00000, 0x00000000e6f00000, 0x00000000e7000000|  0%| F|  |TAMS 0x00000000e6f00000, 0x00000000e6f00000| Untracked 
| 112|0x00000000e7000000, 0x00000000e7000000, 0x00000000e7100000|  0%| F|  |TAMS 0x00000000e7000000, 0x00000000e7000000| Untracked 
| 113|0x00000000e7100000, 0x00000000e7100000, 0x00000000e7200000|  0%| F|  |TAMS 0x00000000e7100000, 0x00000000e7100000| Untracked 
| 114|0x00000000e7200000, 0x00000000e7200000, 0x00000000e7300000|  0%| F|  |TAMS 0x00000000e7200000, 0x00000000e7200000| Untracked 
| 115|0x00000000e7300000, 0x00000000e7300000, 0x00000000e7400000|  0%| F|  |TAMS 0x00000000e7300000, 0x00000000e7300000| Untracked 
| 116|0x00000000e7400000, 0x00000000e7400000, 0x00000000e7500000|  0%| F|  |TAMS 0x00000000e7400000, 0x00000000e7400000| Untracked 
| 117|0x00000000e7500000, 0x00000000e7500000, 0x00000000e7600000|  0%| F|  |TAMS 0x00000000e7500000, 0x00000000e7500000| Untracked 
| 118|0x00000000e7600000, 0x00000000e7600000, 0x00000000e7700000|  0%| F|  |TAMS 0x00000000e7600000, 0x00000000e7600000| Untracked 
| 119|0x00000000e7700000, 0x00000000e7700000, 0x00000000e7800000|  0%| F|  |TAMS 0x00000000e7700000, 0x00000000e7700000| Untracked 
| 120|0x00000000e7800000, 0x00000000e7800000, 0x00000000e7900000|  0%| F|  |TAMS 0x00000000e7800000, 0x00000000e7800000| Untracked 
| 121|0x00000000e7900000, 0x00000000e7900000, 0x00000000e7a00000|  0%| F|  |TAMS 0x00000000e7900000, 0x00000000e7900000| Untracked 
| 122|0x00000000e7a00000, 0x00000000e7a00000, 0x00000000e7b00000|  0%| F|  |TAMS 0x00000000e7a00000, 0x00000000e7a00000| Untracked 
| 123|0x00000000e7b00000, 0x00000000e7b00000, 0x00000000e7c00000|  0%| F|  |TAMS 0x00000000e7b00000, 0x00000000e7b00000| Untracked 
| 124|0x00000000e7c00000, 0x00000000e7c00000, 0x00000000e7d00000|  0%| F|  |TAMS 0x00000000e7c00000, 0x00000000e7c00000| Untracked 
| 125|0x00000000e7d00000, 0x00000000e7d00000, 0x00000000e7e00000|  0%| F|  |TAMS 0x00000000e7d00000, 0x00000000e7d00000| Untracked 
| 126|0x00000000e7e00000, 0x00000000e7e00000, 0x00000000e7f00000|  0%| F|  |TAMS 0x00000000e7e00000, 0x00000000e7e00000| Untracked 
| 127|0x00000000e7f00000, 0x00000000e7f00000, 0x00000000e8000000|  0%| F|  |TAMS 0x00000000e7f00000, 0x00000000e7f00000| Untracked 
| 128|0x00000000e8000000, 0x00000000e8000000, 0x00000000e8100000|  0%| F|  |TAMS 0x00000000e8000000, 0x00000000e8000000| Untracked 
| 129|0x00000000e8100000, 0x00000000e8100000, 0x00000000e8200000|  0%| F|  |TAMS 0x00000000e8100000, 0x00000000e8100000| Untracked 
| 130|0x00000000e8200000, 0x00000000e8200000, 0x00000000e8300000|  0%| F|  |TAMS 0x00000000e8200000, 0x00000000e8200000| Untracked 
| 131|0x00000000e8300000, 0x00000000e8300000, 0x00000000e8400000|  0%| F|  |TAMS 0x00000000e8300000, 0x00000000e8300000| Untracked 
| 132|0x00000000e8400000, 0x00000000e8400000, 0x00000000e8500000|  0%| F|  |TAMS 0x00000000e8400000, 0x00000000e8400000| Untracked 
| 133|0x00000000e8500000, 0x00000000e8500000, 0x00000000e8600000|  0%| F|  |TAMS 0x00000000e8500000, 0x00000000e8500000| Untracked 
| 134|0x00000000e8600000, 0x00000000e8600000, 0x00000000e8700000|  0%| F|  |TAMS 0x00000000e8600000, 0x00000000e8600000| Untracked 
| 135|0x00000000e8700000, 0x00000000e8700000, 0x00000000e8800000|  0%| F|  |TAMS 0x00000000e8700000, 0x00000000e8700000| Untracked 
| 136|0x00000000e8800000, 0x00000000e8800000, 0x00000000e8900000|  0%| F|  |TAMS 0x00000000e8800000, 0x00000000e8800000| Untracked 
| 137|0x00000000e8900000, 0x00000000e8900000, 0x00000000e8a00000|  0%| F|  |TAMS 0x00000000e8900000, 0x00000000e8900000| Untracked 
| 138|0x00000000e8a00000, 0x00000000e8a00000, 0x00000000e8b00000|  0%| F|  |TAMS 0x00000000e8a00000, 0x00000000e8a00000| Untracked 
| 139|0x00000000e8b00000, 0x00000000e8b00000, 0x00000000e8c00000|  0%| F|  |TAMS 0x00000000e8b00000, 0x00000000e8b00000| Untracked 
| 140|0x00000000e8c00000, 0x00000000e8c00000, 0x00000000e8d00000|  0%| F|  |TAMS 0x00000000e8c00000, 0x00000000e8c00000| Untracked 
| 141|0x00000000e8d00000, 0x00000000e8d00000, 0x00000000e8e00000|  0%| F|  |TAMS 0x00000000e8d00000, 0x00000000e8d00000| Untracked 
| 142|0x00000000e8e00000, 0x00000000e8e00000, 0x00000000e8f00000|  0%| F|  |TAMS 0x00000000e8e00000, 0x00000000e8e00000| Untracked 
| 143|0x00000000e8f00000, 0x00000000e8f00000, 0x00000000e9000000|  0%| F|  |TAMS 0x00000000e8f00000, 0x00000000e8f00000| Untracked 
| 144|0x00000000e9000000, 0x00000000e9000000, 0x00000000e9100000|  0%| F|  |TAMS 0x00000000e9000000, 0x00000000e9000000| Untracked 
| 145|0x00000000e9100000, 0x00000000e9100000, 0x00000000e9200000|  0%| F|  |TAMS 0x00000000e9100000, 0x00000000e9100000| Untracked 
| 146|0x00000000e9200000, 0x00000000e9200000, 0x00000000e9300000|  0%| F|  |TAMS 0x00000000e9200000, 0x00000000e9200000| Untracked 
| 147|0x00000000e9300000, 0x00000000e9300000, 0x00000000e9400000|  0%| F|  |TAMS 0x00000000e9300000, 0x00000000e9300000| Untracked 
| 148|0x00000000e9400000, 0x00000000e9400000, 0x00000000e9500000|  0%| F|  |TAMS 0x00000000e9400000, 0x00000000e9400000| Untracked 
| 149|0x00000000e9500000, 0x00000000e9500000, 0x00000000e9600000|  0%| F|  |TAMS 0x00000000e9500000, 0x00000000e9500000| Untracked 
| 150|0x00000000e9600000, 0x00000000e9600000, 0x00000000e9700000|  0%| F|  |TAMS 0x00000000e9600000, 0x00000000e9600000| Untracked 
| 151|0x00000000e9700000, 0x00000000e9700000, 0x00000000e9800000|  0%| F|  |TAMS 0x00000000e9700000, 0x00000000e9700000| Untracked 
| 152|0x00000000e9800000, 0x00000000e9800000, 0x00000000e9900000|  0%| F|  |TAMS 0x00000000e9800000, 0x00000000e9800000| Untracked 
| 153|0x00000000e9900000, 0x00000000e9900000, 0x00000000e9a00000|  0%| F|  |TAMS 0x00000000e9900000, 0x00000000e9900000| Untracked 
| 154|0x00000000e9a00000, 0x00000000e9a00000, 0x00000000e9b00000|  0%| F|  |TAMS 0x00000000e9a00000, 0x00000000e9a00000| Untracked 
| 155|0x00000000e9b00000, 0x00000000e9b00000, 0x00000000e9c00000|  0%| F|  |TAMS 0x00000000e9b00000, 0x00000000e9b00000| Untracked 
| 156|0x00000000e9c00000, 0x00000000e9c00000, 0x00000000e9d00000|  0%| F|  |TAMS 0x00000000e9c00000, 0x00000000e9c00000| Untracked 
| 157|0x00000000e9d00000, 0x00000000e9d00000, 0x00000000e9e00000|  0%| F|  |TAMS 0x00000000e9d00000, 0x00000000e9d00000| Untracked 
| 158|0x00000000e9e00000, 0x00000000e9e00000, 0x00000000e9f00000|  0%| F|  |TAMS 0x00000000e9e00000, 0x00000000e9e00000| Untracked 
| 159|0x00000000e9f00000, 0x00000000e9f00000, 0x00000000ea000000|  0%| F|  |TAMS 0x00000000e9f00000, 0x00000000e9f00000| Untracked 
| 160|0x00000000ea000000, 0x00000000ea000000, 0x00000000ea100000|  0%| F|  |TAMS 0x00000000ea000000, 0x00000000ea000000| Untracked 
| 161|0x00000000ea100000, 0x00000000ea100000, 0x00000000ea200000|  0%| F|  |TAMS 0x00000000ea100000, 0x00000000ea100000| Untracked 
| 162|0x00000000ea200000, 0x00000000ea200000, 0x00000000ea300000|  0%| F|  |TAMS 0x00000000ea200000, 0x00000000ea200000| Untracked 
| 163|0x00000000ea300000, 0x00000000ea300000, 0x00000000ea400000|  0%| F|  |TAMS 0x00000000ea300000, 0x00000000ea300000| Untracked 
| 164|0x00000000ea400000, 0x00000000ea400000, 0x00000000ea500000|  0%| F|  |TAMS 0x00000000ea400000, 0x00000000ea400000| Untracked 
| 165|0x00000000ea500000, 0x00000000ea500000, 0x00000000ea600000|  0%| F|  |TAMS 0x00000000ea500000, 0x00000000ea500000| Untracked 
| 166|0x00000000ea600000, 0x00000000ea600000, 0x00000000ea700000|  0%| F|  |TAMS 0x00000000ea600000, 0x00000000ea600000| Untracked 
| 167|0x00000000ea700000, 0x00000000ea700000, 0x00000000ea800000|  0%| F|  |TAMS 0x00000000ea700000, 0x00000000ea700000| Untracked 
| 168|0x00000000ea800000, 0x00000000ea800000, 0x00000000ea900000|  0%| F|  |TAMS 0x00000000ea800000, 0x00000000ea800000| Untracked 
| 169|0x00000000ea900000, 0x00000000ea900000, 0x00000000eaa00000|  0%| F|  |TAMS 0x00000000ea900000, 0x00000000ea900000| Untracked 
| 170|0x00000000eaa00000, 0x00000000eaa00000, 0x00000000eab00000|  0%| F|  |TAMS 0x00000000eaa00000, 0x00000000eaa00000| Untracked 
| 171|0x00000000eab00000, 0x00000000eab00000, 0x00000000eac00000|  0%| F|  |TAMS 0x00000000eab00000, 0x00000000eab00000| Untracked 
| 172|0x00000000eac00000, 0x00000000eac00000, 0x00000000ead00000|  0%| F|  |TAMS 0x00000000eac00000, 0x00000000eac00000| Untracked 
| 173|0x00000000ead00000, 0x00000000ead00000, 0x00000000eae00000|  0%| F|  |TAMS 0x00000000ead00000, 0x00000000ead00000| Untracked 
| 174|0x00000000eae00000, 0x00000000eae00000, 0x00000000eaf00000|  0%| F|  |TAMS 0x00000000eae00000, 0x00000000eae00000| Untracked 
| 175|0x00000000eaf00000, 0x00000000eaf00000, 0x00000000eb000000|  0%| F|  |TAMS 0x00000000eaf00000, 0x00000000eaf00000| Untracked 
| 176|0x00000000eb000000, 0x00000000eb000000, 0x00000000eb100000|  0%| F|  |TAMS 0x00000000eb000000, 0x00000000eb000000| Untracked 
| 177|0x00000000eb100000, 0x00000000eb100000, 0x00000000eb200000|  0%| F|  |TAMS 0x00000000eb100000, 0x00000000eb100000| Untracked 
| 178|0x00000000eb200000, 0x00000000eb200000, 0x00000000eb300000|  0%| F|  |TAMS 0x00000000eb200000, 0x00000000eb200000| Untracked 
| 179|0x00000000eb300000, 0x00000000eb300000, 0x00000000eb400000|  0%| F|  |TAMS 0x00000000eb300000, 0x00000000eb300000| Untracked 
| 180|0x00000000eb400000, 0x00000000eb400000, 0x00000000eb500000|  0%| F|  |TAMS 0x00000000eb400000, 0x00000000eb400000| Untracked 
| 181|0x00000000eb500000, 0x00000000eb500000, 0x00000000eb600000|  0%| F|  |TAMS 0x00000000eb500000, 0x00000000eb500000| Untracked 
| 182|0x00000000eb600000, 0x00000000eb600000, 0x00000000eb700000|  0%| F|  |TAMS 0x00000000eb600000, 0x00000000eb600000| Untracked 
| 183|0x00000000eb700000, 0x00000000eb700000, 0x00000000eb800000|  0%| F|  |TAMS 0x00000000eb700000, 0x00000000eb700000| Untracked 
| 184|0x00000000eb800000, 0x00000000eb800000, 0x00000000eb900000|  0%| F|  |TAMS 0x00000000eb800000, 0x00000000eb800000| Untracked 
| 185|0x00000000eb900000, 0x00000000eb900000, 0x00000000eba00000|  0%| F|  |TAMS 0x00000000eb900000, 0x00000000eb900000| Untracked 
| 186|0x00000000eba00000, 0x00000000eba00000, 0x00000000ebb00000|  0%| F|  |TAMS 0x00000000eba00000, 0x00000000eba00000| Untracked 
| 187|0x00000000ebb00000, 0x00000000ebb00000, 0x00000000ebc00000|  0%| F|  |TAMS 0x00000000ebb00000, 0x00000000ebb00000| Untracked 
| 188|0x00000000ebc00000, 0x00000000ebc00000, 0x00000000ebd00000|  0%| F|  |TAMS 0x00000000ebc00000, 0x00000000ebc00000| Untracked 
| 189|0x00000000ebd00000, 0x00000000ebd00000, 0x00000000ebe00000|  0%| F|  |TAMS 0x00000000ebd00000, 0x00000000ebd00000| Untracked 
| 190|0x00000000ebe00000, 0x00000000ebe00000, 0x00000000ebf00000|  0%| F|  |TAMS 0x00000000ebe00000, 0x00000000ebe00000| Untracked 
| 191|0x00000000ebf00000, 0x00000000ebf00000, 0x00000000ec000000|  0%| F|  |TAMS 0x00000000ebf00000, 0x00000000ebf00000| Untracked 
| 192|0x00000000ec000000, 0x00000000ec000000, 0x00000000ec100000|  0%| F|  |TAMS 0x00000000ec000000, 0x00000000ec000000| Untracked 
| 193|0x00000000ec100000, 0x00000000ec100000, 0x00000000ec200000|  0%| F|  |TAMS 0x00000000ec100000, 0x00000000ec100000| Untracked 
| 194|0x00000000ec200000, 0x00000000ec200000, 0x00000000ec300000|  0%| F|  |TAMS 0x00000000ec200000, 0x00000000ec200000| Untracked 
| 195|0x00000000ec300000, 0x00000000ec300000, 0x00000000ec400000|  0%| F|  |TAMS 0x00000000ec300000, 0x00000000ec300000| Untracked 
| 196|0x00000000ec400000, 0x00000000ec400000, 0x00000000ec500000|  0%| F|  |TAMS 0x00000000ec400000, 0x00000000ec400000| Untracked 
| 197|0x00000000ec500000, 0x00000000ec500000, 0x00000000ec600000|  0%| F|  |TAMS 0x00000000ec500000, 0x00000000ec500000| Untracked 
| 198|0x00000000ec600000, 0x00000000ec600000, 0x00000000ec700000|  0%| F|  |TAMS 0x00000000ec600000, 0x00000000ec600000| Untracked 
| 199|0x00000000ec700000, 0x00000000ec700000, 0x00000000ec800000|  0%| F|  |TAMS 0x00000000ec700000, 0x00000000ec700000| Untracked 
| 200|0x00000000ec800000, 0x00000000ec800000, 0x00000000ec900000|  0%| F|  |TAMS 0x00000000ec800000, 0x00000000ec800000| Untracked 
| 201|0x00000000ec900000, 0x00000000ec900000, 0x00000000eca00000|  0%| F|  |TAMS 0x00000000ec900000, 0x00000000ec900000| Untracked 
| 202|0x00000000eca00000, 0x00000000eca00000, 0x00000000ecb00000|  0%| F|  |TAMS 0x00000000eca00000, 0x00000000eca00000| Untracked 
| 203|0x00000000ecb00000, 0x00000000ecb00000, 0x00000000ecc00000|  0%| F|  |TAMS 0x00000000ecb00000, 0x00000000ecb00000| Untracked 
| 204|0x00000000ecc00000, 0x00000000ecc24bd8, 0x00000000ecd00000| 14%| S|CS|TAMS 0x00000000ecc00000, 0x00000000ecc00000| Complete 
| 205|0x00000000ecd00000, 0x00000000ece00000, 0x00000000ece00000|100%| S|CS|TAMS 0x00000000ecd00000, 0x00000000ecd00000| Complete 
| 206|0x00000000ece00000, 0x00000000ecf00000, 0x00000000ecf00000|100%| S|CS|TAMS 0x00000000ece00000, 0x00000000ece00000| Complete 
| 207|0x00000000ecf00000, 0x00000000ed000000, 0x00000000ed000000|100%| S|CS|TAMS 0x00000000ecf00000, 0x00000000ecf00000| Complete 
| 208|0x00000000ed000000, 0x00000000ed100000, 0x00000000ed100000|100%| S|CS|TAMS 0x00000000ed000000, 0x00000000ed000000| Complete 
| 209|0x00000000ed100000, 0x00000000ed200000, 0x00000000ed200000|100%| S|CS|TAMS 0x00000000ed100000, 0x00000000ed100000| Complete 
| 210|0x00000000ed200000, 0x00000000ed300000, 0x00000000ed300000|100%| S|CS|TAMS 0x00000000ed200000, 0x00000000ed200000| Complete 
| 211|0x00000000ed300000, 0x00000000ed400000, 0x00000000ed400000|100%| S|CS|TAMS 0x00000000ed300000, 0x00000000ed300000| Complete 
| 212|0x00000000ed400000, 0x00000000ed500000, 0x00000000ed500000|100%| S|CS|TAMS 0x00000000ed400000, 0x00000000ed400000| Complete 
| 213|0x00000000ed500000, 0x00000000ed600000, 0x00000000ed600000|100%| S|CS|TAMS 0x00000000ed500000, 0x00000000ed500000| Complete 
| 214|0x00000000ed600000, 0x00000000ed700000, 0x00000000ed700000|100%| S|CS|TAMS 0x00000000ed600000, 0x00000000ed600000| Complete 
| 215|0x00000000ed700000, 0x00000000ed800000, 0x00000000ed800000|100%| S|CS|TAMS 0x00000000ed700000, 0x00000000ed700000| Complete 
| 216|0x00000000ed800000, 0x00000000ed800000, 0x00000000ed900000|  0%| F|  |TAMS 0x00000000ed800000, 0x00000000ed800000| Untracked 
| 217|0x00000000ed900000, 0x00000000ed900000, 0x00000000eda00000|  0%| F|  |TAMS 0x00000000ed900000, 0x00000000ed900000| Untracked 
| 218|0x00000000eda00000, 0x00000000eda00000, 0x00000000edb00000|  0%| F|  |TAMS 0x00000000eda00000, 0x00000000eda00000| Untracked 
| 219|0x00000000edb00000, 0x00000000edb00000, 0x00000000edc00000|  0%| F|  |TAMS 0x00000000edb00000, 0x00000000edb00000| Untracked 
| 220|0x00000000edc00000, 0x00000000edc00000, 0x00000000edd00000|  0%| F|  |TAMS 0x00000000edc00000, 0x00000000edc00000| Untracked 
| 221|0x00000000edd00000, 0x00000000edd00000, 0x00000000ede00000|  0%| F|  |TAMS 0x00000000edd00000, 0x00000000edd00000| Untracked 
| 222|0x00000000ede00000, 0x00000000ede00000, 0x00000000edf00000|  0%| F|  |TAMS 0x00000000ede00000, 0x00000000ede00000| Untracked 
| 223|0x00000000edf00000, 0x00000000edf00000, 0x00000000ee000000|  0%| F|  |TAMS 0x00000000edf00000, 0x00000000edf00000| Untracked 
| 224|0x00000000ee000000, 0x00000000ee000000, 0x00000000ee100000|  0%| F|  |TAMS 0x00000000ee000000, 0x00000000ee000000| Untracked 
| 225|0x00000000ee100000, 0x00000000ee100000, 0x00000000ee200000|  0%| F|  |TAMS 0x00000000ee100000, 0x00000000ee100000| Untracked 
| 226|0x00000000ee200000, 0x00000000ee200000, 0x00000000ee300000|  0%| F|  |TAMS 0x00000000ee200000, 0x00000000ee200000| Untracked 
| 227|0x00000000ee300000, 0x00000000ee300000, 0x00000000ee400000|  0%| F|  |TAMS 0x00000000ee300000, 0x00000000ee300000| Untracked 
| 228|0x00000000ee400000, 0x00000000ee400000, 0x00000000ee500000|  0%| F|  |TAMS 0x00000000ee400000, 0x00000000ee400000| Untracked 
| 229|0x00000000ee500000, 0x00000000ee500000, 0x00000000ee600000|  0%| F|  |TAMS 0x00000000ee500000, 0x00000000ee500000| Untracked 
| 230|0x00000000ee600000, 0x00000000ee600000, 0x00000000ee700000|  0%| F|  |TAMS 0x00000000ee600000, 0x00000000ee600000| Untracked 
| 231|0x00000000ee700000, 0x00000000ee700000, 0x00000000ee800000|  0%| F|  |TAMS 0x00000000ee700000, 0x00000000ee700000| Untracked 
| 232|0x00000000ee800000, 0x00000000ee800000, 0x00000000ee900000|  0%| F|  |TAMS 0x00000000ee800000, 0x00000000ee800000| Untracked 
| 233|0x00000000ee900000, 0x00000000ee900000, 0x00000000eea00000|  0%| F|  |TAMS 0x00000000ee900000, 0x00000000ee900000| Untracked 
| 234|0x00000000eea00000, 0x00000000eea00000, 0x00000000eeb00000|  0%| F|  |TAMS 0x00000000eea00000, 0x00000000eea00000| Untracked 
| 235|0x00000000eeb00000, 0x00000000eeb00000, 0x00000000eec00000|  0%| F|  |TAMS 0x00000000eeb00000, 0x00000000eeb00000| Untracked 
| 236|0x00000000eec00000, 0x00000000eec00000, 0x00000000eed00000|  0%| F|  |TAMS 0x00000000eec00000, 0x00000000eec00000| Untracked 
| 237|0x00000000eed00000, 0x00000000eed00000, 0x00000000eee00000|  0%| F|  |TAMS 0x00000000eed00000, 0x00000000eed00000| Untracked 
| 238|0x00000000eee00000, 0x00000000eee00000, 0x00000000eef00000|  0%| F|  |TAMS 0x00000000eee00000, 0x00000000eee00000| Untracked 
| 239|0x00000000eef00000, 0x00000000eef00000, 0x00000000ef000000|  0%| F|  |TAMS 0x00000000eef00000, 0x00000000eef00000| Untracked 
| 240|0x00000000ef000000, 0x00000000ef000000, 0x00000000ef100000|  0%| F|  |TAMS 0x00000000ef000000, 0x00000000ef000000| Untracked 
| 241|0x00000000ef100000, 0x00000000ef100000, 0x00000000ef200000|  0%| F|  |TAMS 0x00000000ef100000, 0x00000000ef100000| Untracked 
| 242|0x00000000ef200000, 0x00000000ef200000, 0x00000000ef300000|  0%| F|  |TAMS 0x00000000ef200000, 0x00000000ef200000| Untracked 
| 243|0x00000000ef300000, 0x00000000ef400000, 0x00000000ef400000|100%| E|  |TAMS 0x00000000ef300000, 0x00000000ef300000| Complete 
| 244|0x00000000ef400000, 0x00000000ef500000, 0x00000000ef500000|100%| E|CS|TAMS 0x00000000ef400000, 0x00000000ef400000| Complete 
| 245|0x00000000ef500000, 0x00000000ef600000, 0x00000000ef600000|100%| E|CS|TAMS 0x00000000ef500000, 0x00000000ef500000| Complete 
| 246|0x00000000ef600000, 0x00000000ef700000, 0x00000000ef700000|100%| E|CS|TAMS 0x00000000ef600000, 0x00000000ef600000| Complete 
| 247|0x00000000ef700000, 0x00000000ef800000, 0x00000000ef800000|100%| E|CS|TAMS 0x00000000ef700000, 0x00000000ef700000| Complete 
| 248|0x00000000ef800000, 0x00000000ef900000, 0x00000000ef900000|100%| E|CS|TAMS 0x00000000ef800000, 0x00000000ef800000| Complete 
| 249|0x00000000ef900000, 0x00000000efa00000, 0x00000000efa00000|100%| E|CS|TAMS 0x00000000ef900000, 0x00000000ef900000| Complete 
| 250|0x00000000efa00000, 0x00000000efb00000, 0x00000000efb00000|100%| E|CS|TAMS 0x00000000efa00000, 0x00000000efa00000| Complete 
| 251|0x00000000efb00000, 0x00000000efc00000, 0x00000000efc00000|100%| E|CS|TAMS 0x00000000efb00000, 0x00000000efb00000| Complete 
| 252|0x00000000efc00000, 0x00000000efd00000, 0x00000000efd00000|100%| E|CS|TAMS 0x00000000efc00000, 0x00000000efc00000| Complete 
| 253|0x00000000efd00000, 0x00000000efe00000, 0x00000000efe00000|100%| E|CS|TAMS 0x00000000efd00000, 0x00000000efd00000| Complete 
| 254|0x00000000efe00000, 0x00000000eff00000, 0x00000000eff00000|100%| E|CS|TAMS 0x00000000efe00000, 0x00000000efe00000| Complete 
| 255|0x00000000eff00000, 0x00000000f0000000, 0x00000000f0000000|100%| E|CS|TAMS 0x00000000eff00000, 0x00000000eff00000| Complete 

Card table byte_map: [0x000001e2ad790000,0x000001e2ad890000] _byte_map_base: 0x000001e2ad090000

Marking Bits (Prev, Next): (CMBitMap*) 0x000001e295eeacd0, (CMBitMap*) 0x000001e295eeac90
 Prev Bits: [0x000001e2ae190000, 0x000001e2ae990000)
 Next Bits: [0x000001e2ad990000, 0x000001e2ae190000)

Polling page: 0x000001e2946a0000

Metaspace:

Usage:
  Non-class:     49.86 MB used.
      Class:      8.32 MB used.
       Both:     58.18 MB used.

Virtual space:
  Non-class space:       56.00 MB reserved,      50.25 MB ( 90%) committed,  7 nodes.
      Class space:      308.00 MB reserved,       8.63 MB (  3%) committed,  1 nodes.
             Both:      364.00 MB reserved,      58.88 MB ( 16%) committed. 

Chunk freelists:
   Non-Class:  1.39 MB
       Class:  3.27 MB
        Both:  4.66 MB

MaxMetaspaceSize: 384.00 MB
CompressedClassSpaceSize: 308.00 MB
Initial GC threshold: 21.00 MB
Current GC threshold: 98.06 MB
CDS: on
MetaspaceReclaimPolicy: balanced
 - commit_granule_bytes: 65536.
 - commit_granule_words: 8192.
 - virtual_space_node_default_size: 1048576.
 - enlarge_chunks_in_place: 1.
 - new_chunks_are_fully_committed: 0.
 - uncommit_free_chunks: 1.
 - use_allocation_guard: 0.
 - handle_deallocations: 1.


Internal statistics:

num_allocs_failed_limit: 9.
num_arena_births: 740.
num_arena_deaths: 0.
num_vsnodes_births: 8.
num_vsnodes_deaths: 0.
num_space_committed: 942.
num_space_uncommitted: 0.
num_chunks_returned_to_freelist: 9.
num_chunks_taken_from_freelist: 3293.
num_chunk_merges: 9.
num_chunk_splits: 2112.
num_chunks_enlarged: 1372.
num_purges: 0.
num_inconsistent_stats: 0.

CodeHeap 'non-profiled nmethods': size=120000Kb used=4737Kb max_used=4737Kb free=115262Kb
 bounds [0x000001e2a54e0000, 0x000001e2a5990000, 0x000001e2aca10000]
CodeHeap 'profiled nmethods': size=120000Kb used=13911Kb max_used=13911Kb free=106088Kb
 bounds [0x000001e29da10000, 0x000001e29e7b0000, 0x000001e2a4f40000]
CodeHeap 'non-nmethods': size=5760Kb used=2348Kb max_used=2414Kb free=3411Kb
 bounds [0x000001e2a4f40000, 0x000001e2a51b0000, 0x000001e2a54e0000]
 total_blobs=7969 nmethods=7098 adapters=783
 compilation: enabled
              stopped_count=0, restarted_count=0
 full_count=0

Compilation events (20 events):
Event: 8.759 Thread 0x000001e2b160dfc0 nmethod 7895 0x000001e29e79f910 code [0x000001e29e79fb00, 0x000001e29e7a0118]
Event: 8.759 Thread 0x000001e2b160dfc0 7894   !   3       java.beans.PropertyDescriptor::updateGenericsFor (37 bytes)
Event: 8.760 Thread 0x000001e2b160dfc0 nmethod 7894 0x000001e29e7a0310 code [0x000001e29e7a05e0, 0x000001e29e7a1698]
Event: 8.761 Thread 0x000001e2b160dfc0 7896       3       org.codehaus.groovy.util.ComplexKeyHashMap::resize (103 bytes)
Event: 8.761 Thread 0x000001e2b160dfc0 nmethod 7896 0x000001e29e7a1c10 code [0x000001e29e7a1de0, 0x000001e29e7a23b8]
Event: 8.764 Thread 0x000001e2b160dfc0 7897       3       java.util.stream.Streams$RangeIntSpliterator::estimateSize (18 bytes)
Event: 8.764 Thread 0x000001e2b160dfc0 nmethod 7897 0x000001e29e7a2590 code [0x000001e29e7a2720, 0x000001e29e7a2838]
Event: 8.785 Thread 0x000001e2b160dfc0 7898       3       org.gradle.api.internal.artifacts.ivyservice.moduleconverter.DefaultRootComponentMetadataBuilder$MetadataHolder::validateMutation (23 bytes)
Event: 9.797 Thread 0x000001e2b160dfc0 nmethod 7898 0x000001e29e7a2910 code [0x000001e29e7a2b20, 0x000001e29e7a32d8]
Event: 9.797 Thread 0x000001e2b160dfc0 7899       3       org.gradle.api.internal.artifacts.configurations.DefaultConfiguration::isFullyResoled (20 bytes)
Event: 9.799 Thread 0x000001e2b160dfc0 nmethod 7899 0x000001e29e7a3590 code [0x000001e29e7a37e0, 0x000001e29e7a4378]
Event: 9.799 Thread 0x000001e2b160dfc0 7901       3       org.gradle.api.internal.project.DefaultProjectStateRegistry$CalculatedModelValueImpl::get (41 bytes)
Event: 9.800 Thread 0x000001e2b160dfc0 nmethod 7901 0x000001e29e7a4710 code [0x000001e29e7a4960, 0x000001e29e7a51e8]
Event: 9.800 Thread 0x000001e2b160dfc0 7903       1       org.gradle.api.internal.collections.AbstractIterationOrderRetainingElementSource::getLazyBehaviorGuard (5 bytes)
Event: 9.800 Thread 0x000001e2b160dfc0 nmethod 7903 0x000001e2a596fd10 code [0x000001e2a596fea0, 0x000001e2a596ff78]
Event: 9.800 Thread 0x000001e2b160dfc0 7902       1       org.gradle.api.internal.DefaultDomainObjectCollection::getStore (5 bytes)
Event: 9.800 Thread 0x000001e2b160dfc0 nmethod 7902 0x000001e2a5970010 code [0x000001e2a59701a0, 0x000001e2a5970278]
Event: 9.800 Thread 0x000001e2b160dfc0 7904       1       org.gradle.api.internal.collections.AbstractIterationOrderRetainingElementSource::getInserted (5 bytes)
Event: 9.800 Thread 0x000001e2b160dfc0 nmethod 7904 0x000001e2a5970310 code [0x000001e2a59704a0, 0x000001e2a5970578]
Event: 10.344 Thread 0x000001e2b160dfc0 7905       3       java.util.concurrent.locks.AbstractQueuedSynchronizer::acquire (20 bytes)

GC Heap History (16 events):
Event: 0.380 GC heap before
{Heap before GC invocations=0 (full 0):
 garbage-first heap   total 262144K, used 22528K [0x00000000e0000000, 0x0000000100000000)
  region size 1024K, 23 young (23552K), 0 survivors (0K)
 Metaspace       used 1058K, committed 1216K, reserved 323584K
  class space    used 73K, committed 128K, reserved 315392K
}
Event: 0.381 GC heap after
{Heap after GC invocations=1 (full 0):
 garbage-first heap   total 262144K, used 2741K [0x00000000e0000000, 0x0000000100000000)
  region size 1024K, 3 young (3072K), 3 survivors (3072K)
 Metaspace       used 1058K, committed 1216K, reserved 323584K
  class space    used 73K, committed 128K, reserved 315392K
}
Event: 0.846 GC heap before
{Heap before GC invocations=1 (full 0):
 garbage-first heap   total 262144K, used 40629K [0x00000000e0000000, 0x0000000100000000)
  region size 1024K, 38 young (38912K), 3 survivors (3072K)
 Metaspace       used 4394K, committed 4544K, reserved 323584K
  class space    used 549K, committed 640K, reserved 315392K
}
Event: 0.849 GC heap after
{Heap after GC invocations=2 (full 0):
 garbage-first heap   total 262144K, used 10791K [0x00000000e0000000, 0x0000000100000000)
  region size 1024K, 5 young (5120K), 5 survivors (5120K)
 Metaspace       used 4394K, committed 4544K, reserved 323584K
  class space    used 549K, committed 640K, reserved 315392K
}
Event: 1.237 GC heap before
{Heap before GC invocations=2 (full 0):
 garbage-first heap   total 262144K, used 58919K [0x00000000e0000000, 0x0000000100000000)
  region size 1024K, 50 young (51200K), 5 survivors (5120K)
 Metaspace       used 5073K, committed 5312K, reserved 323584K
  class space    used 666K, committed 768K, reserved 315392K
}
Event: 1.241 GC heap after
{Heap after GC invocations=3 (full 0):
 garbage-first heap   total 262144K, used 16526K [0x00000000e0000000, 0x0000000100000000)
  region size 1024K, 5 young (5120K), 5 survivors (5120K)
 Metaspace       used 5073K, committed 5312K, reserved 323584K
  class space    used 666K, committed 768K, reserved 315392K
}
Event: 2.946 GC heap before
{Heap before GC invocations=3 (full 0):
 garbage-first heap   total 262144K, used 118926K [0x00000000e0000000, 0x0000000100000000)
  region size 1024K, 106 young (108544K), 5 survivors (5120K)
 Metaspace       used 21136K, committed 21504K, reserved 339968K
  class space    used 3092K, committed 3200K, reserved 315392K
}
Event: 2.954 GC heap after
{Heap after GC invocations=4 (full 0):
 garbage-first heap   total 262144K, used 23755K [0x00000000e0000000, 0x0000000100000000)
  region size 1024K, 12 young (12288K), 12 survivors (12288K)
 Metaspace       used 21136K, committed 21504K, reserved 339968K
  class space    used 3092K, committed 3200K, reserved 315392K
}
Event: 4.403 GC heap before
{Heap before GC invocations=5 (full 0):
 garbage-first heap   total 262144K, used 161995K [0x00000000e0000000, 0x0000000100000000)
  region size 1024K, 133 young (136192K), 12 survivors (12288K)
 Metaspace       used 35517K, committed 35968K, reserved 348160K
  class space    used 4933K, committed 5184K, reserved 315392K
}
Event: 4.415 GC heap after
{Heap after GC invocations=6 (full 0):
 garbage-first heap   total 262144K, used 46443K [0x00000000e0000000, 0x0000000100000000)
  region size 1024K, 19 young (19456K), 19 survivors (19456K)
 Metaspace       used 35517K, committed 35968K, reserved 348160K
  class space    used 4933K, committed 5184K, reserved 315392K
}
Event: 5.862 GC heap before
{Heap before GC invocations=7 (full 0):
 garbage-first heap   total 262144K, used 193899K [0x00000000e0000000, 0x0000000100000000)
  region size 1024K, 153 young (156672K), 19 survivors (19456K)
 Metaspace       used 47333K, committed 47936K, reserved 356352K
  class space    used 6696K, committed 6976K, reserved 315392K
}
Event: 5.872 GC heap after
{Heap after GC invocations=8 (full 0):
 garbage-first heap   total 262144K, used 64651K [0x00000000e0000000, 0x0000000100000000)
  region size 1024K, 11 young (11264K), 11 survivors (11264K)
 Metaspace       used 47333K, committed 47936K, reserved 356352K
  class space    used 6696K, committed 6976K, reserved 315392K
}
Event: 8.244 GC heap before
{Heap before GC invocations=8 (full 0):
 garbage-first heap   total 262144K, used 196747K [0x00000000e0000000, 0x0000000100000000)
  region size 1024K, 141 young (144384K), 11 survivors (11264K)
 Metaspace       used 58120K, committed 58752K, reserved 372736K
  class space    used 8307K, committed 8576K, reserved 315392K
}
Event: 8.251 GC heap after
{Heap after GC invocations=9 (full 0):
 garbage-first heap   total 262144K, used 73300K [0x00000000e0000000, 0x0000000100000000)
  region size 1024K, 9 young (9216K), 9 survivors (9216K)
 Metaspace       used 58120K, committed 58752K, reserved 372736K
  class space    used 8307K, committed 8576K, reserved 315392K
}
Event: 8.657 GC heap before
{Heap before GC invocations=9 (full 0):
 garbage-first heap   total 262144K, used 113236K [0x00000000e0000000, 0x0000000100000000)
  region size 1024K, 49 young (50176K), 9 survivors (9216K)
 Metaspace       used 59435K, committed 60096K, reserved 372736K
  class space    used 8490K, committed 8768K, reserved 315392K
}
Event: 8.661 GC heap after
{Heap after GC invocations=10 (full 0):
 garbage-first heap   total 262144K, used 76147K [0x00000000e0000000, 0x0000000100000000)
  region size 1024K, 12 young (12288K), 12 survivors (12288K)
 Metaspace       used 59435K, committed 60096K, reserved 372736K
  class space    used 8490K, committed 8768K, reserved 315392K
}

Dll operation events (14 events):
Event: 0.010 Loaded shared library C:\Users\user\.jdks\corretto-17.0.6\bin\java.dll
Event: 0.018 Loaded shared library C:\Users\user\.jdks\corretto-17.0.6\bin\jsvml.dll
Event: 0.059 Loaded shared library C:\Users\user\.jdks\corretto-17.0.6\bin\zip.dll
Event: 0.061 Loaded shared library C:\Users\user\.jdks\corretto-17.0.6\bin\instrument.dll
Event: 0.065 Loaded shared library C:\Users\user\.jdks\corretto-17.0.6\bin\net.dll
Event: 0.067 Loaded shared library C:\Users\user\.jdks\corretto-17.0.6\bin\nio.dll
Event: 0.069 Loaded shared library C:\Users\user\.jdks\corretto-17.0.6\bin\zip.dll
Event: 0.316 Loaded shared library C:\Users\user\.jdks\corretto-17.0.6\bin\jimage.dll
Event: 0.463 Loaded shared library C:\Users\user\.jdks\corretto-17.0.6\bin\verify.dll
Event: 0.539 Loaded shared library C:\Users\user\.gradle\native\1def1411415f61bf3af743bc5b6707747c0891f09f0c88961ee8f79bc544acac\windows-amd64\native-platform.dll
Event: 0.558 Loaded shared library C:\Users\user\.gradle\native\0.2.7\x86_64-windows-gnu\gradle-fileevents.dll
Event: 1.317 Loaded shared library C:\Users\user\.jdks\corretto-17.0.6\bin\management.dll
Event: 1.319 Loaded shared library C:\Users\user\.jdks\corretto-17.0.6\bin\management_ext.dll
Event: 1.815 Loaded shared library C:\Users\user\.jdks\corretto-17.0.6\bin\sunmscapi.dll

Deoptimization events (20 events):
Event: 8.613 Thread 0x000001e2b40d0320 DEOPT PACKING pc=0x000001e2a58cab98 sp=0x0000009aba1f70f0
Event: 8.613 Thread 0x000001e2b40d0320 DEOPT UNPACKING pc=0x000001e2a4f969a3 sp=0x0000009aba1f6f20 mode 2
Event: 8.613 Thread 0x000001e2b40d0320 Uncommon trap: trap_request=0xffffff45 fr.pc=0x000001e2a58c1098 relative=0x0000000000000938
Event: 8.613 Thread 0x000001e2b40d0320 Uncommon trap: reason=unstable_if action=reinterpret pc=0x000001e2a58c1098 method=org.objectweb.asm.Frame.accept(Lorg/objectweb/asm/MethodWriter;)V @ 32 c2
Event: 8.613 Thread 0x000001e2b40d0320 DEOPT PACKING pc=0x000001e2a58c1098 sp=0x0000009aba1f7070
Event: 8.613 Thread 0x000001e2b40d0320 DEOPT UNPACKING pc=0x000001e2a4f969a3 sp=0x0000009aba1f7020 mode 2
Event: 8.637 Thread 0x000001e2b40d0320 DEOPT PACKING pc=0x000001e29ddf53cc sp=0x0000009aba1f5ce0
Event: 8.637 Thread 0x000001e2b40d0320 DEOPT UNPACKING pc=0x000001e2a4f97143 sp=0x0000009aba1f5118 mode 0
Event: 8.637 Thread 0x000001e2b40d0320 DEOPT PACKING pc=0x000001e29ddf54e4 sp=0x0000009aba1f5d50
Event: 8.637 Thread 0x000001e2b40d0320 DEOPT UNPACKING pc=0x000001e2a4f97143 sp=0x0000009aba1f51f0 mode 0
Event: 8.637 Thread 0x000001e2b40d0320 DEOPT PACKING pc=0x000001e29db7d504 sp=0x0000009aba1f5dc0
Event: 8.637 Thread 0x000001e2b40d0320 DEOPT UNPACKING pc=0x000001e2a4f97143 sp=0x0000009aba1f51c0 mode 0
Event: 8.638 Thread 0x000001e2b40d0320 Uncommon trap: trap_request=0xfffffff4 fr.pc=0x000001e2a58d2ffc relative=0x00000000000027bc
Event: 8.638 Thread 0x000001e2b40d0320 Uncommon trap: reason=null_check action=make_not_entrant pc=0x000001e2a58d2ffc method=sun.reflect.generics.visitor.Reifier.reifyTypeArguments([Lsun/reflect/generics/tree/TypeArgument;)[Ljava/lang/reflect/Type; @ 29 c2
Event: 8.638 Thread 0x000001e2b40d0320 DEOPT PACKING pc=0x000001e2a58d2ffc sp=0x0000009aba1f5e40
Event: 8.638 Thread 0x000001e2b40d0320 DEOPT UNPACKING pc=0x000001e2a4f969a3 sp=0x0000009aba1f5d88 mode 2
Event: 8.654 Thread 0x000001e2b40d0320 DEOPT PACKING pc=0x000001e29e4c5c6c sp=0x0000009aba1f6a60
Event: 8.654 Thread 0x000001e2b40d0320 DEOPT UNPACKING pc=0x000001e2a4f97143 sp=0x0000009aba1f6000 mode 0
Event: 8.758 Thread 0x000001e2b40d0320 DEOPT PACKING pc=0x000001e29e23b5e4 sp=0x0000009aba1f6540
Event: 8.758 Thread 0x000001e2b40d0320 DEOPT UNPACKING pc=0x000001e2a4f97143 sp=0x0000009aba1f59e0 mode 0

Classes unloaded (0 events):
No events

Classes redefined (0 events):
No events

Internal exceptions (20 events):
Event: 8.597 Thread 0x000001e2b40d0320 Exception <a 'java/lang/ClassNotFoundException'{0x00000000edfcf688}: org/gradle/api/internal/tasks/DefaultTaskCollectionCustomizer> (0x00000000edfcf688) 
thrown [s\src\hotspot\share\classfile\systemDictionary.cpp, line 256]
Event: 8.598 Thread 0x000001e2b40d0320 Exception <a 'java/lang/ClassNotFoundException'{0x00000000ede16520}: org/gradle/api/internal/tasks/DefaultTaskContainerCustomizer> (0x00000000ede16520) 
thrown [s\src\hotspot\share\classfile\systemDictionary.cpp, line 256]
Event: 8.600 Thread 0x000001e2b40d0320 Exception <a 'java/lang/ClassNotFoundException'{0x00000000ede7c640}: org/gradle/api/internal/tasks/DefaultTaskContainer_DecoratedCustomizer> (0x00000000ede7c640) 
thrown [s\src\hotspot\share\classfile\systemDictionary.cpp, line 256]
Event: 8.638 Thread 0x000001e2b40d0320 Implicit null exception at 0x000001e2a58d0f17 to 0x000001e2a58d2fc0
Event: 8.734 Thread 0x000001e2b40d0320 Exception <a 'java/lang/ClassNotFoundException'{0x00000000efd8c008}: org/gradle/api/tasks/testing/Test_DecoratedBeanInfo> (0x00000000efd8c008) 
thrown [s\src\hotspot\share\classfile\systemDictionary.cpp, line 256]
Event: 8.735 Thread 0x000001e2b40d0320 Exception <a 'java/lang/ClassNotFoundException'{0x00000000efda4228}: org/gradle/api/tasks/testing/TestBeanInfo> (0x00000000efda4228) 
thrown [s\src\hotspot\share\classfile\systemDictionary.cpp, line 256]
Event: 8.736 Thread 0x000001e2b40d0320 Exception <a 'java/lang/ClassNotFoundException'{0x00000000efdbc790}: org/gradle/api/tasks/testing/AbstractTestTaskBeanInfo> (0x00000000efdbc790) 
thrown [s\src\hotspot\share\classfile\systemDictionary.cpp, line 256]
Event: 8.736 Thread 0x000001e2b40d0320 Exception <a 'java/lang/ClassNotFoundException'{0x00000000efdd24f0}: org/gradle/api/internal/ConventionTaskBeanInfo> (0x00000000efdd24f0) 
thrown [s\src\hotspot\share\classfile\systemDictionary.cpp, line 256]
Event: 8.737 Thread 0x000001e2b40d0320 Exception <a 'java/lang/ClassNotFoundException'{0x00000000efde7da0}: org/gradle/api/DefaultTaskBeanInfo> (0x00000000efde7da0) 
thrown [s\src\hotspot\share\classfile\systemDictionary.cpp, line 256]
Event: 8.738 Thread 0x000001e2b40d0320 Exception <a 'java/lang/ClassNotFoundException'{0x00000000efdfda90}: org/gradle/api/internal/AbstractTaskBeanInfo> (0x00000000efdfda90) 
thrown [s\src\hotspot\share\classfile\systemDictionary.cpp, line 256]
Event: 8.738 Thread 0x000001e2b40d0320 Exception <a 'java/lang/ClassNotFoundException'{0x00000000efc13ce0}: org/gradle/api/internal/AbstractTaskCustomizer> (0x00000000efc13ce0) 
thrown [s\src\hotspot\share\classfile\systemDictionary.cpp, line 256]
Event: 8.740 Thread 0x000001e2b40d0320 Exception <a 'java/lang/ClassNotFoundException'{0x00000000efc7bd40}: org/gradle/api/DefaultTaskCustomizer> (0x00000000efc7bd40) 
thrown [s\src\hotspot\share\classfile\systemDictionary.cpp, line 256]
Event: 8.743 Thread 0x000001e2b40d0320 Exception <a 'java/lang/ClassNotFoundException'{0x00000000efcee5d8}: org/gradle/api/internal/ConventionTaskCustomizer> (0x00000000efcee5d8) 
thrown [s\src\hotspot\share\classfile\systemDictionary.cpp, line 256]
Event: 8.745 Thread 0x000001e2b40d0320 Exception <a 'java/lang/ClassNotFoundException'{0x00000000efb16678}: org/gradle/api/tasks/testing/AbstractTestTaskCustomizer> (0x00000000efb16678) 
thrown [s\src\hotspot\share\classfile\systemDictionary.cpp, line 256]
Event: 8.747 Thread 0x000001e2b40d0320 Exception <a 'java/lang/ClassNotFoundException'{0x00000000efb4bb48}: org/gradle/api/tasks/testing/TestCustomizer> (0x00000000efb4bb48) 
thrown [s\src\hotspot\share\classfile\systemDictionary.cpp, line 256]
Event: 8.758 Thread 0x000001e2b40d0320 Exception <a 'java/lang/ClassNotFoundException'{0x00000000efbeea30}: org/gradle/api/tasks/testing/Test_DecoratedCustomizer> (0x00000000efbeea30) 
thrown [s\src\hotspot\share\classfile\systemDictionary.cpp, line 256]
Event: 9.810 Thread 0x000001e2b40d0320 Exception <a 'java/lang/ClassNotFoundException'{0x00000000ef9d3048}: groovy/lang/GString$1BeanInfo> (0x00000000ef9d3048) 
thrown [s\src\hotspot\share\classfile\systemDictionary.cpp, line 256]
Event: 9.813 Thread 0x000001e2b40d0320 Exception <a 'java/lang/ClassNotFoundException'{0x00000000ef9f6058}: groovy/lang/GStringBeanInfo> (0x00000000ef9f6058) 
thrown [s\src\hotspot\share\classfile\systemDictionary.cpp, line 256]
Event: 9.814 Thread 0x000001e2b40d0320 Exception <a 'java/lang/ClassNotFoundException'{0x00000000ef819500}: groovy/lang/GStringCustomizer> (0x00000000ef819500) 
thrown [s\src\hotspot\share\classfile\systemDictionary.cpp, line 256]
Event: 9.816 Thread 0x000001e2b40d0320 Exception <a 'java/lang/ClassNotFoundException'{0x00000000ef846ae0}: groovy/lang/GString$1Customizer> (0x00000000ef846ae0) 
thrown [s\src\hotspot\share\classfile\systemDictionary.cpp, line 256]

VM Operations (20 events):
Event: 8.251 Executing VM operation: G1CollectForAllocation done
Event: 8.350 Executing VM operation: HandshakeAllThreads
Event: 8.350 Executing VM operation: HandshakeAllThreads done
Event: 8.360 Executing VM operation: HandshakeAllThreads
Event: 8.360 Executing VM operation: HandshakeAllThreads done
Event: 8.361 Executing VM operation: ICBufferFull
Event: 8.361 Executing VM operation: ICBufferFull done
Event: 8.531 Executing VM operation: ICBufferFull
Event: 8.531 Executing VM operation: ICBufferFull done
Event: 8.637 Executing VM operation: HandshakeAllThreads
Event: 8.637 Executing VM operation: HandshakeAllThreads done
Event: 8.657 Executing VM operation: CollectForMetadataAllocation
Event: 8.661 Executing VM operation: CollectForMetadataAllocation done
Event: 8.682 Executing VM operation: G1Concurrent
Event: 8.687 Executing VM operation: G1Concurrent done
Event: 8.695 Executing VM operation: G1Concurrent
Event: 8.695 Executing VM operation: G1Concurrent done
Event: 9.702 Executing VM operation: Cleanup
Event: 9.702 Executing VM operation: Cleanup done
Event: 10.717 Executing VM operation: Cleanup

Events (20 events):
Event: 7.919 loading class java/util/ArrayList$SubList$1
Event: 7.919 loading class java/util/ArrayList$SubList$1 done
Event: 7.937 loading class java/util/regex/Pattern$SliceI
Event: 7.937 loading class java/util/regex/Pattern$SliceI done
Event: 7.963 Thread 0x000001e2b7589e60 Thread added: 0x000001e2b7589e60
Event: 8.360 Thread 0x000001e2b2020060 flushing nmethod 0x000001e2a5614310
Event: 8.361 Thread 0x000001e2b2020060 flushing nmethod 0x000001e2a5782110
Event: 8.364 Thread 0x000001e2b2020060 flushing nmethod 0x000001e29dd3cc10
Event: 8.558 loading class java/util/AbstractCollectionBeanInfo
Event: 8.558 loading class java/util/AbstractCollectionBeanInfo done
Event: 8.558 loading class java/util/AbstractCollectionBeanInfo
Event: 8.558 loading class java/util/AbstractCollectionBeanInfo done
Event: 8.558 loading class java/util/AbstractCollectionCustomizer
Event: 8.558 loading class java/util/AbstractCollectionCustomizer done
Event: 8.559 loading class java/util/AbstractCollectionCustomizer
Event: 8.559 loading class java/util/AbstractCollectionCustomizer done
Event: 8.599 loading class sun/reflect/generics/tree/LongSignature
Event: 8.599 loading class sun/reflect/generics/tree/LongSignature done
Event: 8.636 loading class sun/reflect/generics/scope/DummyScope
Event: 8.636 loading class sun/reflect/generics/scope/DummyScope done


Dynamic libraries:
0x00007ff746a60000 - 0x00007ff746a6d000 	C:\Users\user\.jdks\corretto-17.0.6\bin\java.exe
0x00007ffedb020000 - 0x00007ffedb280000 	C:\WINDOWS\SYSTEM32\ntdll.dll
0x00007ffeda710000 - 0x00007ffeda7d7000 	C:\WINDOWS\System32\KERNEL32.DLL
0x00007ffed8830000 - 0x00007ffed8bfa000 	C:\WINDOWS\System32\KERNELBASE.dll
0x00007ffed84c0000 - 0x00007ffed860b000 	C:\WINDOWS\System32\ucrtbase.dll
0x00007ffec28c0000 - 0x00007ffec28d7000 	C:\Users\user\.jdks\corretto-17.0.6\bin\jli.dll
0x00007ffec2920000 - 0x00007ffec2935000 	C:\Users\user\.jdks\corretto-17.0.6\bin\VCRUNTIME140.dll
0x00007ffedab80000 - 0x00007ffedad4c000 	C:\WINDOWS\System32\USER32.dll
0x00007ffed8760000 - 0x00007ffed8787000 	C:\WINDOWS\System32\win32u.dll
0x00007ffedaaa0000 - 0x00007ffedaaca000 	C:\WINDOWS\System32\GDI32.dll
0x00007ffed8380000 - 0x00007ffed84b1000 	C:\WINDOWS\System32\gdi32full.dll
0x00007ffed8c00000 - 0x00007ffed8ca3000 	C:\WINDOWS\System32\msvcp_win.dll
0x00007ffed7360000 - 0x00007ffed75f7000 	C:\WINDOWS\WinSxS\amd64_microsoft.windows.common-controls_6595b64144ccf1df_6.0.26100.3624_none_3e086962e3345f24\COMCTL32.dll
0x00007ffeda940000 - 0x00007ffeda9e9000 	C:\WINDOWS\System32\msvcrt.dll
0x00007ffed9b70000 - 0x00007ffed9b9f000 	C:\WINDOWS\System32\IMM32.DLL
0x00007ffea9380000 - 0x00007ffea941b000 	C:\Users\user\.jdks\corretto-17.0.6\bin\msvcp140.dll
0x00007ffe56d50000 - 0x00007ffe57968000 	C:\Users\user\.jdks\corretto-17.0.6\bin\server\jvm.dll
0x00007ffeda430000 - 0x00007ffeda4e2000 	C:\WINDOWS\System32\ADVAPI32.dll
0x00007ffedaf30000 - 0x00007ffedafd6000 	C:\WINDOWS\System32\sechost.dll
0x00007ffed9750000 - 0x00007ffed9866000 	C:\WINDOWS\System32\RPCRT4.dll
0x00007ffec94d0000 - 0x00007ffec9506000 	C:\WINDOWS\SYSTEM32\WINMM.dll
0x00007ffed0f50000 - 0x00007ffed0f5b000 	C:\WINDOWS\SYSTEM32\VERSION.dll
0x00007ffea5c00000 - 0x00007ffea5c0a000 	C:\WINDOWS\SYSTEM32\WSOCK32.dll
0x00007ffed9340000 - 0x00007ffed93b4000 	C:\WINDOWS\System32\WS2_32.dll
0x00007ffed66c0000 - 0x00007ffed66da000 	C:\WINDOWS\SYSTEM32\kernel.appcore.dll
0x00007ffec5300000 - 0x00007ffec530a000 	C:\Users\user\.jdks\corretto-17.0.6\bin\jimage.dll
0x00007ffed7aa0000 - 0x00007ffed7ce1000 	C:\WINDOWS\SYSTEM32\DBGHELP.DLL
0x00007ffed93c0000 - 0x00007ffed9742000 	C:\WINDOWS\System32\combase.dll
0x00007ffeda570000 - 0x00007ffeda646000 	C:\WINDOWS\System32\OLEAUT32.dll
0x00007ffed7920000 - 0x00007ffed7959000 	C:\WINDOWS\SYSTEM32\dbgcore.DLL
0x00007ffed8790000 - 0x00007ffed8829000 	C:\WINDOWS\System32\bcryptPrimitives.dll
0x00007ffed1910000 - 0x00007ffed191e000 	C:\Users\user\.jdks\corretto-17.0.6\bin\instrument.dll
0x00007ffebe400000 - 0x00007ffebe425000 	C:\Users\user\.jdks\corretto-17.0.6\bin\java.dll
0x00007ffea92a0000 - 0x00007ffea9376000 	C:\Users\user\.jdks\corretto-17.0.6\bin\jsvml.dll
0x00007ffed9cc0000 - 0x00007ffeda3e9000 	C:\WINDOWS\System32\SHELL32.dll
0x00007ffed8cb0000 - 0x00007ffed8e18000 	C:\WINDOWS\System32\wintypes.dll
0x00007ffed5400000 - 0x00007ffed5c52000 	C:\WINDOWS\SYSTEM32\windows.storage.dll
0x00007ffed9bb0000 - 0x00007ffed9c9d000 	C:\WINDOWS\System32\SHCORE.dll
0x00007ffeda650000 - 0x00007ffeda6b4000 	C:\WINDOWS\System32\shlwapi.dll
0x00007ffed8110000 - 0x00007ffed813f000 	C:\WINDOWS\SYSTEM32\profapi.dll
0x00007ffeb91a0000 - 0x00007ffeb91b8000 	C:\Users\user\.jdks\corretto-17.0.6\bin\zip.dll
0x00007ffec2bc0000 - 0x00007ffec2bd9000 	C:\Users\user\.jdks\corretto-17.0.6\bin\net.dll
0x00007ffed0df0000 - 0x00007ffed0f0d000 	C:\WINDOWS\SYSTEM32\WINHTTP.dll
0x00007ffed6c40000 - 0x00007ffed6caa000 	C:\WINDOWS\system32\mswsock.dll
0x00007ffec28f0000 - 0x00007ffec2905000 	C:\Users\user\.jdks\corretto-17.0.6\bin\nio.dll
0x00007ffec2b70000 - 0x00007ffec2b80000 	C:\Users\user\.jdks\corretto-17.0.6\bin\verify.dll
0x00007ffec2870000 - 0x00007ffec2897000 	C:\Users\user\.gradle\native\1def1411415f61bf3af743bc5b6707747c0891f09f0c88961ee8f79bc544acac\windows-amd64\native-platform.dll
0x00007ffea9e90000 - 0x00007ffea9f08000 	C:\Users\user\.gradle\native\0.2.7\x86_64-windows-gnu\gradle-fileevents.dll
0x00007ffec2b00000 - 0x00007ffec2b09000 	C:\Users\user\.jdks\corretto-17.0.6\bin\management.dll
0x00007ffec28e0000 - 0x00007ffec28eb000 	C:\Users\user\.jdks\corretto-17.0.6\bin\management_ext.dll
0x00007ffeda400000 - 0x00007ffeda408000 	C:\WINDOWS\System32\PSAPI.DLL
0x00007ffed60f0000 - 0x00007ffed6123000 	C:\WINDOWS\SYSTEM32\IPHLPAPI.DLL
0x00007ffeda420000 - 0x00007ffeda42a000 	C:\WINDOWS\System32\NSI.dll
0x00007ffed0c10000 - 0x00007ffed0c2f000 	C:\WINDOWS\SYSTEM32\dhcpcsvc6.DLL
0x00007ffed0bb0000 - 0x00007ffed0bd5000 	C:\WINDOWS\SYSTEM32\dhcpcsvc.DLL
0x00007ffed6190000 - 0x00007ffed62b5000 	C:\WINDOWS\SYSTEM32\DNSAPI.dll
0x00007ffed7e10000 - 0x00007ffed7e2c000 	C:\WINDOWS\SYSTEM32\CRYPTSP.dll
0x00007ffed6cb0000 - 0x00007ffed6cea000 	C:\WINDOWS\system32\rsaenh.dll
0x00007ffed6d20000 - 0x00007ffed6d4b000 	C:\WINDOWS\SYSTEM32\USERENV.dll
0x00007ffed80e0000 - 0x00007ffed8106000 	C:\WINDOWS\SYSTEM32\bcrypt.dll
0x00007ffed7170000 - 0x00007ffed717c000 	C:\WINDOWS\SYSTEM32\CRYPTBASE.dll
0x00007ffec2860000 - 0x00007ffec286e000 	C:\Users\user\.jdks\corretto-17.0.6\bin\sunmscapi.dll
0x00007ffed8200000 - 0x00007ffed8377000 	C:\WINDOWS\System32\CRYPT32.dll
0x00007ffed7320000 - 0x00007ffed7350000 	C:\WINDOWS\SYSTEM32\ncrypt.dll
0x00007ffed72d0000 - 0x00007ffed730f000 	C:\WINDOWS\SYSTEM32\NTASN1.dll
0x00007ffebe220000 - 0x00007ffebe228000 	C:\WINDOWS\system32\wshunix.dll

dbghelp: loaded successfully - version: 4.0.5 - missing functions: none
symbol engine: initialized successfully - sym options: 0x614 - pdb path: .;C:\Users\user\.jdks\corretto-17.0.6\bin;C:\WINDOWS\SYSTEM32;C:\WINDOWS\WinSxS\amd64_microsoft.windows.common-controls_6595b64144ccf1df_6.0.26100.3624_none_3e086962e3345f24;C:\Users\user\.jdks\corretto-17.0.6\bin\server;C:\Users\user\.gradle\native\1def1411415f61bf3af743bc5b6707747c0891f09f0c88961ee8f79bc544acac\windows-amd64;C:\Users\user\.gradle\native\0.2.7\x86_64-windows-gnu

VM Arguments:
jvm_args: --add-opens=java.base/java.lang=ALL-UNNAMED --add-opens=java.base/java.lang.invoke=ALL-UNNAMED --add-opens=java.base/java.util=ALL-UNNAMED --add-opens=java.prefs/java.util.prefs=ALL-UNNAMED --add-exports=jdk.compiler/com.sun.tools.javac.api=ALL-UNNAMED --add-exports=jdk.compiler/com.sun.tools.javac.util=ALL-UNNAMED --add-opens=java.base/java.util=ALL-UNNAMED --add-opens=java.prefs/java.util.prefs=ALL-UNNAMED --add-opens=java.base/java.nio.charset=ALL-UNNAMED --add-opens=java.base/java.net=ALL-UNNAMED --add-opens=java.base/java.util.concurrent.atomic=ALL-UNNAMED --add-opens=java.xml/javax.xml.namespace=ALL-UNNAMED -XX:MaxMetaspaceSize=384m -XX:+HeapDumpOnOutOfMemoryError -Xms256m -Xmx512m -Dfile.encoding=UTF-8 -Duser.country=KR -Duser.language=ko -Duser.variant -javaagent:C:\Users\user\.gradle\wrapper\dists\gradle-8.13-bin\5xuhj0ry160q40clulazy9h7d\gradle-8.13\lib\agents\gradle-instrumentation-agent-8.13.jar 
java_command: org.gradle.launcher.daemon.bootstrap.GradleDaemon 8.13
java_class_path (initial): C:\Users\user\.gradle\wrapper\dists\gradle-8.13-bin\5xuhj0ry160q40clulazy9h7d\gradle-8.13\lib\gradle-daemon-main-8.13.jar
Launcher Type: SUN_STANDARD

[Global flags]
     intx CICompilerCount                          = 4                                         {product} {ergonomic}
   size_t CompressedClassSpaceSize                 = 322961408                                 {product} {ergonomic}
     uint ConcGCThreads                            = 3                                         {product} {ergonomic}
     uint G1ConcRefinementThreads                  = 10                                        {product} {ergonomic}
   size_t G1HeapRegionSize                         = 1048576                                   {product} {ergonomic}
    uintx GCDrainStackTargetSize                   = 64                                        {product} {ergonomic}
     bool HeapDumpOnOutOfMemoryError               = true                                   {manageable} {command line}
   size_t InitialHeapSize                          = 268435456                                 {product} {command line}
   size_t MarkStackSize                            = 4194304                                   {product} {ergonomic}
   size_t MaxHeapSize                              = 536870912                                 {product} {command line}
   size_t MaxMetaspaceSize                         = 402653184                                 {product} {command line}
   size_t MaxNewSize                               = 321912832                                 {product} {ergonomic}
   size_t MinHeapDeltaBytes                        = 1048576                                   {product} {ergonomic}
   size_t MinHeapSize                              = 268435456                                 {product} {command line}
    uintx NonNMethodCodeHeapSize                   = 5839372                                {pd product} {ergonomic}
    uintx NonProfiledCodeHeapSize                  = 122909434                              {pd product} {ergonomic}
    uintx ProfiledCodeHeapSize                     = 122909434                              {pd product} {ergonomic}
    uintx ReservedCodeCacheSize                    = 251658240                              {pd product} {ergonomic}
     bool SegmentedCodeCache                       = true                                      {product} {ergonomic}
   size_t SoftMaxHeapSize                          = 536870912                              {manageable} {ergonomic}
     bool UseCompressedClassPointers               = true                           {product lp64_product} {ergonomic}
     bool UseCompressedOops                        = true                           {product lp64_product} {ergonomic}
     bool UseG1GC                                  = true                                      {product} {ergonomic}
     bool UseLargePagesIndividualAllocation        = false                                  {pd product} {ergonomic}

Logging:
Log output configuration:
 #0: stdout all=warning uptime,level,tags
 #1: stderr all=off uptime,level,tags

Environment Variables:
JAVA_HOME=C:\Program Files\Java\jdk-17
CLASSPATH=C:\Program Files\Java\jdk-17\lib
PATH=C:\Program Files\Common Files\Oracle\Java\javapath;C:\Program Files\Java\jdk-17\bin;C:\Program Files\Apache Software Foundation\Tomcat 9.0\bin;%JRE_HOME%\bin;C:\Program Files (x86)\NAT Service;C:\Windows\system32;C:\Windows;C:\Windows\System32\Wbem;C:\Windows\System32\WindowsPowerShell\v1.0\;C:\Windows\System32\OpenSSH\;C:\Program Files (x86)\NVIDIA Corporation\PhysX\Common;C:\Program Files (x86)\dotnet\;C:\Program Files\Bandizip\;C:\Program Files\Git\cmd;C:\Program Files\dotnet\;C:\Program Files\PuTTY\;C:\Users\user\AppData\Roaming\nvm;C:\Program Files\nodejs;C:\Program Files\nodejs\;C:\Program Files\Java\jdk-17\bin\;;C:\Program Files\Docker\Docker\resources\bin;C:\Program Files\Rancher Desktop\resources\resources\win32\bin\;C:\Program Files\Rancher Desktop\resources\resources\win32\docker-cli-plugins\;C:\Program Files\Rancher Desktop\resources\resources\linux\bin\;C:\Program Files\Rancher Desktop\resources\resources\linux\docker-cli-plugins\;C:\WINDOWS\system32;C:\WINDOWS;C:\WINDOWS\System32\Wbem;C:\WINDOWS\System32\WindowsPowerShell\v1.0\;C:\WINDOWS\System32\OpenSSH\;C:\Program Files\MySQL\MySQL Shell 8.0\bin\;C:\Users\user\AppData\Local\Microsoft\WindowsApps;C:\Users\user\AppData\Local\Programs\Microsoft VS Code\bin;C:\Program Files\JetBrains\IntelliJ IDEA 2023.2.8\bin;;C:\study_\apache-maven-3.8.6\bin;C:\Program Files\JetBrains\DataGrip 2024.2.1\bin;;C:\Users\user\AppData\Roaming\nvm;C:\Program Files\nodejs;C:\Users\user\AppData\Roaming\npm
USERNAME=user
OS=Windows_NT
PROCESSOR_IDENTIFIER=Intel64 Family 6 Model 151 Stepping 2, GenuineIntel
TMP=C:\Users\user\AppData\Local\Temp
TEMP=C:\Users\user\AppData\Local\Temp



---------------  S Y S T E M  ---------------

OS:
 Windows 11 , 64 bit Build 26100 (10.0.26100.3775)
OS uptime: 1 days 6:28 hours
Hyper-V role detected

CPU: total 12 (initial active 12) (6 cores per cpu, 2 threads per core) family 6 model 151 stepping 2 microcode 0x18, cx8, cmov, fxsr, ht, mmx, 3dnowpref, sse, sse2, sse3, ssse3, sse4.1, sse4.2, popcnt, lzcnt, tsc, tscinvbit, avx, avx2, aes, erms, clmul, bmi1, bmi2, adx, sha, fma, vzeroupper, clflush, clflushopt, clwb, hv

Memory: 4k page, system-wide physical 24389M (1942M free)
TotalPageFile size 83898M (AvailPageFile size 26M)
current process WorkingSet (physical memory assigned to process): 425M, peak: 450M
current process commit charge ("private bytes"): 504M, peak: 530M

vm_info: OpenJDK 64-Bit Server VM (17.0.6+10-LTS) for windows-amd64 JRE (17.0.6+10-LTS), built on Jan 13 2023 22:57:04 by "Administrator" with MS VC++ 15.9 (VS2017)

END.
