#
# There is insufficient memory for the Java Runtime Environment to continue.
# Native memory allocation (malloc) failed to allocate 1254176 bytes for Chunk::new
# Possible reasons:
#   The system is out of physical RAM or swap space
#   The process is running with CompressedOops enabled, and the Java Heap may be blocking the growth of the native heap
# Possible solutions:
#   Reduce memory load on the system
#   Increase physical memory or swap space
#   Check if swap backing store is full
#   Decrease Java heap size (-Xmx/-Xms)
#   Decrease number of Java threads
#   Decrease Java thread stack sizes (-Xss)
#   Set larger code cache with -XX:ReservedCodeCacheSize=
#   JVM is running with Unscaled Compressed Oops mode in which the Java heap is
#     placed in the first 4GB address space. The Java Heap base address is the
#     maximum limit for the native heap growth. Please use -XX:HeapBaseMinAddress
#     to set the Java Heap base and to place the Java Heap above 4GB virtual address.
# This output file may be truncated or incomplete.
#
#  Out of Memory Error (arena.cpp:189), pid=32160, tid=32708
#
# JRE version: OpenJDK Runtime Environment Corretto-17.0.6.10.1 (17.0.6+10) (build 17.0.6+10-LTS)
# Java VM: OpenJDK 64-Bit Server VM Corretto-17.0.6.10.1 (17.0.6+10-LTS, mixed mode, sharing, tiered, compressed oops, compressed class ptrs, g1 gc, windows-amd64)
# No core dump will be written. Minidumps are not enabled by default on client versions of Windows
#

---------------  S U M M A R Y ------------

Command Line: --add-opens=java.base/java.lang=ALL-UNNAMED --add-opens=java.base/java.lang.invoke=ALL-UNNAMED --add-opens=java.base/java.util=ALL-UNNAMED --add-opens=java.prefs/java.util.prefs=ALL-UNNAMED --add-exports=jdk.compiler/com.sun.tools.javac.api=ALL-UNNAMED --add-exports=jdk.compiler/com.sun.tools.javac.util=ALL-UNNAMED --add-opens=java.base/java.util=ALL-UNNAMED --add-opens=java.prefs/java.util.prefs=ALL-UNNAMED --add-opens=java.base/java.nio.charset=ALL-UNNAMED --add-opens=java.base/java.net=ALL-UNNAMED --add-opens=java.base/java.util.concurrent.atomic=ALL-UNNAMED --add-opens=java.xml/javax.xml.namespace=ALL-UNNAMED -XX:MaxMetaspaceSize=384m -XX:+HeapDumpOnOutOfMemoryError -Xms256m -Xmx512m -Dfile.encoding=UTF-8 -Duser.country=KR -Duser.language=ko -Duser.variant -javaagent:C:\Users\user\.gradle\wrapper\dists\gradle-8.13-bin\5xuhj0ry160q40clulazy9h7d\gradle-8.13\lib\agents\gradle-instrumentation-agent-8.13.jar org.gradle.launcher.daemon.bootstrap.GradleDaemon 8.13

Host: 12th Gen Intel(R) Core(TM) i5-12400F, 12 cores, 23G,  Windows 11 , 64 bit Build 26100 (10.0.26100.3775)
Time: Wed May 14 17:01:58 2025  Windows 11 , 64 bit Build 26100 (10.0.26100.3775) elapsed time: 34.548801 seconds (0d 0h 0m 34s)

---------------  T H R E A D  ---------------

Current thread (0x00000218e567e330):  JavaThread "C2 CompilerThread0" daemon [_thread_in_native, id=32708, stack(0x00000052fe800000,0x00000052fe900000)]


Current CompileTask:
C2:  34548 8598 %     4       org.gradle.internal.instantiation.generator.AbstractClassGenerator::inspectType @ 292 (602 bytes)

Stack: [0x00000052fe800000,0x00000052fe900000]
Native frames: (J=compiled Java code, j=interpreted, Vv=VM code, C=native code)
V  [jvm.dll+0x64b39a]
V  [jvm.dll+0x7ff044]
V  [jvm.dll+0x8007fe]
V  [jvm.dll+0x800e53]
V  [jvm.dll+0x235848]
V  [jvm.dll+0xbce6c]
V  [jvm.dll+0xbd44c]
V  [jvm.dll+0x29cc12]
V  [jvm.dll+0x557b28]
V  [jvm.dll+0x211cfb]
V  [jvm.dll+0x20b3ad]
V  [jvm.dll+0x209122]
V  [jvm.dll+0x19926d]
V  [jvm.dll+0x2185dd]
V  [jvm.dll+0x216824]
V  [jvm.dll+0x7b77bb]
V  [jvm.dll+0x7b1d6a]
V  [jvm.dll+0x64a265]
C  [ucrtbase.dll+0x37b0]
C  [KERNEL32.DLL+0x2e8d7]
C  [ntdll.dll+0xb14fc]


---------------  P R O C E S S  ---------------

Threads class SMR info:
_java_thread_list=0x00000218ed3e1710, length=117, elements={
0x00000218c8729bd0, 0x00000218e56668c0, 0x00000218e5667380, 0x00000218e5679cf0,
0x00000218e567c5c0, 0x00000218e567ce80, 0x00000218e567d740, 0x00000218e567e330,
0x00000218e5680cf0, 0x00000218e5684af0, 0x00000218e5650260, 0x00000218e61a1950,
0x00000218e6e35010, 0x00000218e76f0800, 0x00000218e6b6a0d0, 0x00000218e6bb0230,
0x00000218e71f6070, 0x00000218e6bb3330, 0x00000218e6e634e0, 0x00000218e6802290,
0x00000218e67ff270, 0x00000218e67ffc10, 0x00000218e6800f50, 0x00000218e6800a80,
0x00000218e67fe8d0, 0x00000218e67ff740, 0x00000218e6801420, 0x00000218e68018f0,
0x00000218e68000e0, 0x00000218e68005b0, 0x00000218e6801dc0, 0x00000218e92574e0,
0x00000218e925b370, 0x00000218e925a030, 0x00000218e92579b0, 0x00000218e9258820,
0x00000218e9258cf0, 0x00000218e92591c0, 0x00000218e9259690, 0x00000218e9259b60,
0x00000218e925a9d0, 0x00000218e925aea0, 0x00000218e9258350, 0x00000218e925dec0,
0x00000218e925b840, 0x00000218e925e860, 0x00000218e925d9f0, 0x00000218e925e390,
0x00000218e925bd10, 0x00000218e925ed30, 0x00000218e925c1e0, 0x00000218e925cb80,
0x00000218e925d050, 0x00000218e925d520, 0x00000218eae7f9a0, 0x00000218eae7bfe0,
0x00000218eae7d7f0, 0x00000218eae7ce50, 0x00000218eae7eb30, 0x00000218eae7fe70,
0x00000218eae7f4d0, 0x00000218eae7f000, 0x00000218eae7dcc0, 0x00000218eae7d320,
0x00000218eae7c980, 0x00000218eae7c4b0, 0x00000218eae80810, 0x00000218eae80ce0,
0x00000218eae811b0, 0x00000218eae80340, 0x00000218eae81680, 0x00000218eae7e190,
0x00000218eae81b50, 0x00000218eae82020, 0x00000218eae7e660, 0x00000218eae824f0,
0x00000218eae829c0, 0x00000218eae82e90, 0x00000218eae83360, 0x00000218eae83830,
0x00000218e917a390, 0x00000218e9179520, 0x00000218e9179050, 0x00000218e91799f0,
0x00000218e917a860, 0x00000218e9177370, 0x00000218e917ad30, 0x00000218e9179ec0,
0x00000218e917b200, 0x00000218e91781e0, 0x00000218e91786b0, 0x00000218e9177840,
0x00000218e9178b80, 0x00000218e917b6d0, 0x00000218e9177d10, 0x00000218e917e6f0,
0x00000218e917d880, 0x00000218e917bba0, 0x00000218e917c540, 0x00000218e917c070,
0x00000218e917cee0, 0x00000218e917ebc0, 0x00000218e917ca10, 0x00000218e917e220,
0x00000218e8d5c8b0, 0x00000218e8d5cd80, 0x00000218e8d5b570, 0x00000218e8d5b0a0,
0x00000218e8d5d720, 0x00000218e8d5a230, 0x00000218e8d5ba40, 0x00000218e8d5bf10,
0x00000218e8d5abd0, 0x00000218e8d5c3e0, 0x00000218e8d5d250, 0x00000218e8d5dbf0,
0x00000218e8d5e0c0
}

Java Threads: ( => current thread )
  0x00000218c8729bd0 JavaThread "main" [_thread_blocked, id=19516, stack(0x00000052fdb00000,0x00000052fdc00000)]
  0x00000218e56668c0 JavaThread "Reference Handler" daemon [_thread_blocked, id=27452, stack(0x00000052fe200000,0x00000052fe300000)]
  0x00000218e5667380 JavaThread "Finalizer" daemon [_thread_blocked, id=384, stack(0x00000052fe300000,0x00000052fe400000)]
  0x00000218e5679cf0 JavaThread "Signal Dispatcher" daemon [_thread_blocked, id=22076, stack(0x00000052fe400000,0x00000052fe500000)]
  0x00000218e567c5c0 JavaThread "Attach Listener" daemon [_thread_blocked, id=29060, stack(0x00000052fe500000,0x00000052fe600000)]
  0x00000218e567ce80 JavaThread "Service Thread" daemon [_thread_blocked, id=31316, stack(0x00000052fe600000,0x00000052fe700000)]
  0x00000218e567d740 JavaThread "Monitor Deflation Thread" daemon [_thread_blocked, id=24828, stack(0x00000052fe700000,0x00000052fe800000)]
=>0x00000218e567e330 JavaThread "C2 CompilerThread0" daemon [_thread_in_native, id=32708, stack(0x00000052fe800000,0x00000052fe900000)]
  0x00000218e5680cf0 JavaThread "C1 CompilerThread0" daemon [_thread_blocked, id=24960, stack(0x00000052fe900000,0x00000052fea00000)]
  0x00000218e5684af0 JavaThread "Sweeper thread" daemon [_thread_blocked, id=3792, stack(0x00000052fea00000,0x00000052feb00000)]
  0x00000218e5650260 JavaThread "Common-Cleaner" daemon [_thread_blocked, id=7164, stack(0x00000052feb00000,0x00000052fec00000)]
  0x00000218e61a1950 JavaThread "Notification Thread" daemon [_thread_blocked, id=21848, stack(0x00000052fec00000,0x00000052fed00000)]
  0x00000218e6e35010 JavaThread "Daemon health stats" [_thread_blocked, id=25344, stack(0x00000052ff400000,0x00000052ff500000)]
  0x00000218e76f0800 JavaThread "Incoming local TCP Connector on port 50592" [_thread_in_native, id=31564, stack(0x00000052ff300000,0x00000052ff400000)]
  0x00000218e6b6a0d0 JavaThread "Daemon periodic checks" [_thread_blocked, id=29476, stack(0x00000052ff500000,0x00000052ff600000)]
  0x00000218e6bb0230 JavaThread "Daemon" [_thread_blocked, id=11732, stack(0x00000052ff700000,0x00000052ff800000)]
  0x00000218e71f6070 JavaThread "Handler for socket connection from /127.0.0.1:50592 to /127.0.0.1:50593" [_thread_in_native, id=32144, stack(0x00000052ff800000,0x00000052ff900000)]
  0x00000218e6bb3330 JavaThread "Cancel handler" [_thread_blocked, id=26304, stack(0x00000052ff900000,0x00000052ffa00000)]
  0x00000218e6e634e0 JavaThread "Daemon worker" [_thread_in_Java, id=30568, stack(0x00000052ffa00000,0x00000052ffb00000)]
  0x00000218e6802290 JavaThread "Asynchronous log dispatcher for DefaultDaemonConnection: socket connection from /127.0.0.1:50592 to /127.0.0.1:50593" [_thread_blocked, id=5212, stack(0x00000052ffb00000,0x00000052ffc00000)]
  0x00000218e67ff270 JavaThread "Stdin handler" [_thread_blocked, id=18720, stack(0x00000052ffc00000,0x00000052ffd00000)]
  0x00000218e67ffc10 JavaThread "Daemon client event forwarder" [_thread_blocked, id=24424, stack(0x00000052ffd00000,0x00000052ffe00000)]
  0x00000218e6800f50 JavaThread "Cache worker for journal cache (C:\Users\user\.gradle\caches\journal-1)" [_thread_blocked, id=20508, stack(0x00000052ffe00000,0x00000052fff00000)]
  0x00000218e6800a80 JavaThread "File lock request listener" [_thread_in_native, id=25372, stack(0x00000052fff00000,0x0000005300000000)]
  0x00000218e67fe8d0 JavaThread "Cache worker for file hash cache (C:\Users\user\.gradle\caches\8.13\fileHashes)" [_thread_blocked, id=26132, stack(0x0000005280000000,0x0000005280100000)]
  0x00000218e67ff740 JavaThread "Cache worker for file hash cache (C:\study_\springBoot\cloud_msa\user-service\.gradle\8.13\fileHashes)" [_thread_blocked, id=31404, stack(0x0000005280200000,0x0000005280300000)]
  0x00000218e6801420 JavaThread "Cache worker for Build Output Cleanup Cache (C:\study_\springBoot\cloud_msa\user-service\.gradle\buildOutputCleanup)" [_thread_blocked, id=30604, stack(0x0000005280300000,0x0000005280400000)]
  0x00000218e68018f0 JavaThread "File watcher server" daemon [_thread_in_native, id=23444, stack(0x0000005280a00000,0x0000005280b00000)]
  0x00000218e68000e0 JavaThread "File watcher consumer" daemon [_thread_blocked, id=26460, stack(0x0000005280b00000,0x0000005280c00000)]
  0x00000218e68005b0 JavaThread "jar transforms" [_thread_blocked, id=18468, stack(0x0000005280c00000,0x0000005280d00000)]
  0x00000218e6801dc0 JavaThread "jar transforms Thread 2" [_thread_blocked, id=26968, stack(0x0000005280d00000,0x0000005280e00000)]
  0x00000218e92574e0 JavaThread "jar transforms Thread 3" [_thread_blocked, id=30728, stack(0x0000005280e00000,0x0000005280f00000)]
  0x00000218e925b370 JavaThread "jar transforms Thread 4" [_thread_blocked, id=17752, stack(0x0000005280f00000,0x0000005281000000)]
  0x00000218e925a030 JavaThread "jar transforms Thread 5" [_thread_blocked, id=27168, stack(0x0000005281000000,0x0000005281100000)]
  0x00000218e92579b0 JavaThread "jar transforms Thread 6" [_thread_blocked, id=30940, stack(0x0000005281100000,0x0000005281200000)]
  0x00000218e9258820 JavaThread "jar transforms Thread 7" [_thread_blocked, id=26732, stack(0x0000005281200000,0x0000005281300000)]
  0x00000218e9258cf0 JavaThread "jar transforms Thread 8" [_thread_blocked, id=20600, stack(0x0000005281300000,0x0000005281400000)]
  0x00000218e92591c0 JavaThread "jar transforms Thread 9" [_thread_blocked, id=1720, stack(0x0000005281400000,0x0000005281500000)]
  0x00000218e9259690 JavaThread "jar transforms Thread 10" [_thread_blocked, id=1180, stack(0x0000005281500000,0x0000005281600000)]
  0x00000218e9259b60 JavaThread "jar transforms Thread 11" [_thread_blocked, id=27412, stack(0x0000005281600000,0x0000005281700000)]
  0x00000218e925a9d0 JavaThread "jar transforms Thread 12" [_thread_blocked, id=25644, stack(0x0000005281700000,0x0000005281800000)]
  0x00000218e925aea0 JavaThread "Cache worker for checksums cache (C:\study_\springBoot\cloud_msa\user-service\.gradle\8.13\checksums)" [_thread_blocked, id=2852, stack(0x0000005281900000,0x0000005281a00000)]
  0x00000218e9258350 JavaThread "Cache worker for file content cache (C:\Users\user\.gradle\caches\8.13\fileContent)" [_thread_blocked, id=29396, stack(0x0000005281a00000,0x0000005281b00000)]
  0x00000218e925dec0 JavaThread "Cache worker for cache directory md-supplier (C:\Users\user\.gradle\caches\8.13\md-supplier)" [_thread_blocked, id=30960, stack(0x0000005281800000,0x0000005281900000)]
  0x00000218e925b840 JavaThread "Cache worker for cache directory md-rule (C:\Users\user\.gradle\caches\8.13\md-rule)" [_thread_blocked, id=27816, stack(0x0000005281b00000,0x0000005281c00000)]
  0x00000218e925e860 JavaThread "Unconstrained build operations" [_thread_blocked, id=24824, stack(0x0000005281c00000,0x0000005281d00000)]
  0x00000218e925d9f0 JavaThread "Unconstrained build operations Thread 2" [_thread_blocked, id=20116, stack(0x0000005281d00000,0x0000005281e00000)]
  0x00000218e925e390 JavaThread "Unconstrained build operations Thread 3" [_thread_blocked, id=31684, stack(0x0000005281e00000,0x0000005281f00000)]
  0x00000218e925bd10 JavaThread "Unconstrained build operations Thread 4" [_thread_blocked, id=25388, stack(0x0000005281f00000,0x0000005282000000)]
  0x00000218e925ed30 JavaThread "Unconstrained build operations Thread 5" [_thread_blocked, id=31536, stack(0x0000005282000000,0x0000005282100000)]
  0x00000218e925c1e0 JavaThread "Unconstrained build operations Thread 6" [_thread_blocked, id=28484, stack(0x0000005282100000,0x0000005282200000)]
  0x00000218e925cb80 JavaThread "Unconstrained build operations Thread 7" [_thread_blocked, id=6536, stack(0x0000005282200000,0x0000005282300000)]
  0x00000218e925d050 JavaThread "Unconstrained build operations Thread 8" [_thread_blocked, id=5132, stack(0x0000005282300000,0x0000005282400000)]
  0x00000218e925d520 JavaThread "Unconstrained build operations Thread 9" [_thread_blocked, id=26376, stack(0x0000005282400000,0x0000005282500000)]
  0x00000218eae7f9a0 JavaThread "Unconstrained build operations Thread 10" [_thread_blocked, id=32732, stack(0x0000005282500000,0x0000005282600000)]
  0x00000218eae7bfe0 JavaThread "Unconstrained build operations Thread 11" [_thread_blocked, id=30320, stack(0x0000005282600000,0x0000005282700000)]
  0x00000218eae7d7f0 JavaThread "Unconstrained build operations Thread 12" [_thread_blocked, id=31688, stack(0x0000005282700000,0x0000005282800000)]
  0x00000218eae7ce50 JavaThread "Unconstrained build operations Thread 13" [_thread_blocked, id=2292, stack(0x0000005282800000,0x0000005282900000)]
  0x00000218eae7eb30 JavaThread "Unconstrained build operations Thread 14" [_thread_blocked, id=23872, stack(0x0000005282900000,0x0000005282a00000)]
  0x00000218eae7fe70 JavaThread "Unconstrained build operations Thread 15" [_thread_blocked, id=28992, stack(0x0000005282a00000,0x0000005282b00000)]
  0x00000218eae7f4d0 JavaThread "Unconstrained build operations Thread 16" [_thread_blocked, id=28728, stack(0x0000005282b00000,0x0000005282c00000)]
  0x00000218eae7f000 JavaThread "Unconstrained build operations Thread 17" [_thread_blocked, id=28080, stack(0x0000005282c00000,0x0000005282d00000)]
  0x00000218eae7dcc0 JavaThread "Unconstrained build operations Thread 18" [_thread_blocked, id=31008, stack(0x0000005282d00000,0x0000005282e00000)]
  0x00000218eae7d320 JavaThread "Unconstrained build operations Thread 19" [_thread_blocked, id=31928, stack(0x0000005282e00000,0x0000005282f00000)]
  0x00000218eae7c980 JavaThread "Unconstrained build operations Thread 20" [_thread_blocked, id=4560, stack(0x0000005282f00000,0x0000005283000000)]
  0x00000218eae7c4b0 JavaThread "Unconstrained build operations Thread 21" [_thread_blocked, id=25200, stack(0x0000005283000000,0x0000005283100000)]
  0x00000218eae80810 JavaThread "Unconstrained build operations Thread 22" [_thread_blocked, id=28220, stack(0x0000005283100000,0x0000005283200000)]
  0x00000218eae80ce0 JavaThread "Unconstrained build operations Thread 23" [_thread_blocked, id=28764, stack(0x0000005283200000,0x0000005283300000)]
  0x00000218eae811b0 JavaThread "Unconstrained build operations Thread 24" [_thread_blocked, id=28892, stack(0x0000005283300000,0x0000005283400000)]
  0x00000218eae80340 JavaThread "Unconstrained build operations Thread 25" [_thread_blocked, id=23944, stack(0x0000005283400000,0x0000005283500000)]
  0x00000218eae81680 JavaThread "Unconstrained build operations Thread 26" [_thread_blocked, id=31896, stack(0x0000005283700000,0x0000005283800000)]
  0x00000218eae7e190 JavaThread "Unconstrained build operations Thread 27" [_thread_blocked, id=14852, stack(0x0000005283800000,0x0000005283900000)]
  0x00000218eae81b50 JavaThread "Unconstrained build operations Thread 28" [_thread_blocked, id=29240, stack(0x0000005283900000,0x0000005283a00000)]
  0x00000218eae82020 JavaThread "Unconstrained build operations Thread 29" [_thread_blocked, id=32644, stack(0x0000005283a00000,0x0000005283b00000)]
  0x00000218eae7e660 JavaThread "Unconstrained build operations Thread 30" [_thread_blocked, id=5232, stack(0x0000005283b00000,0x0000005283c00000)]
  0x00000218eae824f0 JavaThread "Unconstrained build operations Thread 31" [_thread_blocked, id=2336, stack(0x0000005283c00000,0x0000005283d00000)]
  0x00000218eae829c0 JavaThread "Unconstrained build operations Thread 32" [_thread_blocked, id=1056, stack(0x0000005283d00000,0x0000005283e00000)]
  0x00000218eae82e90 JavaThread "Unconstrained build operations Thread 33" [_thread_blocked, id=31416, stack(0x0000005283e00000,0x0000005283f00000)]
  0x00000218eae83360 JavaThread "Unconstrained build operations Thread 34" [_thread_blocked, id=3752, stack(0x0000005283f00000,0x0000005284000000)]
  0x00000218eae83830 JavaThread "Unconstrained build operations Thread 35" [_thread_blocked, id=26904, stack(0x0000005284000000,0x0000005284100000)]
  0x00000218e917a390 JavaThread "Unconstrained build operations Thread 36" [_thread_blocked, id=30240, stack(0x0000005284100000,0x0000005284200000)]
  0x00000218e9179520 JavaThread "Unconstrained build operations Thread 37" [_thread_blocked, id=32584, stack(0x0000005284200000,0x0000005284300000)]
  0x00000218e9179050 JavaThread "Unconstrained build operations Thread 38" [_thread_blocked, id=18300, stack(0x0000005284300000,0x0000005284400000)]
  0x00000218e91799f0 JavaThread "Unconstrained build operations Thread 39" [_thread_blocked, id=30696, stack(0x0000005284400000,0x0000005284500000)]
  0x00000218e917a860 JavaThread "Unconstrained build operations Thread 40" [_thread_blocked, id=24872, stack(0x0000005284500000,0x0000005284600000)]
  0x00000218e9177370 JavaThread "Unconstrained build operations Thread 41" [_thread_blocked, id=32248, stack(0x0000005284600000,0x0000005284700000)]
  0x00000218e917ad30 JavaThread "Unconstrained build operations Thread 42" [_thread_blocked, id=6000, stack(0x0000005284700000,0x0000005284800000)]
  0x00000218e9179ec0 JavaThread "Unconstrained build operations Thread 43" [_thread_blocked, id=30956, stack(0x0000005284800000,0x0000005284900000)]
  0x00000218e917b200 JavaThread "Unconstrained build operations Thread 44" [_thread_blocked, id=2352, stack(0x0000005284900000,0x0000005284a00000)]
  0x00000218e91781e0 JavaThread "Unconstrained build operations Thread 45" [_thread_blocked, id=22752, stack(0x0000005284a00000,0x0000005284b00000)]
  0x00000218e91786b0 JavaThread "Unconstrained build operations Thread 46" [_thread_blocked, id=5948, stack(0x0000005284b00000,0x0000005284c00000)]
  0x00000218e9177840 JavaThread "Unconstrained build operations Thread 47" [_thread_blocked, id=5728, stack(0x0000005284c00000,0x0000005284d00000)]
  0x00000218e9178b80 JavaThread "Unconstrained build operations Thread 48" [_thread_blocked, id=23128, stack(0x0000005284d00000,0x0000005284e00000)]
  0x00000218e917b6d0 JavaThread "Unconstrained build operations Thread 49" [_thread_blocked, id=5840, stack(0x0000005284e00000,0x0000005284f00000)]
  0x00000218e9177d10 JavaThread "Unconstrained build operations Thread 50" [_thread_blocked, id=24520, stack(0x0000005284f00000,0x0000005285000000)]
  0x00000218e917e6f0 JavaThread "Unconstrained build operations Thread 51" [_thread_blocked, id=18544, stack(0x0000005285000000,0x0000005285100000)]
  0x00000218e917d880 JavaThread "Unconstrained build operations Thread 52" [_thread_blocked, id=26536, stack(0x0000005285100000,0x0000005285200000)]
  0x00000218e917bba0 JavaThread "Unconstrained build operations Thread 53" [_thread_blocked, id=25048, stack(0x0000005285200000,0x0000005285300000)]
  0x00000218e917c540 JavaThread "Unconstrained build operations Thread 54" [_thread_blocked, id=29604, stack(0x0000005285300000,0x0000005285400000)]
  0x00000218e917c070 JavaThread "Unconstrained build operations Thread 55" [_thread_blocked, id=29196, stack(0x0000005285400000,0x0000005285500000)]
  0x00000218e917cee0 JavaThread "Unconstrained build operations Thread 56" [_thread_blocked, id=31904, stack(0x0000005285500000,0x0000005285600000)]
  0x00000218e917ebc0 JavaThread "Unconstrained build operations Thread 57" [_thread_blocked, id=27084, stack(0x0000005285600000,0x0000005285700000)]
  0x00000218e917ca10 JavaThread "Unconstrained build operations Thread 58" [_thread_blocked, id=26348, stack(0x0000005285700000,0x0000005285800000)]
  0x00000218e917e220 JavaThread "Memory manager" [_thread_blocked, id=25800, stack(0x0000005285800000,0x0000005285900000)]
  0x00000218e8d5c8b0 JavaThread "included builds" [_thread_blocked, id=27676, stack(0x0000005285a00000,0x0000005285b00000)]
  0x00000218e8d5cd80 JavaThread "Execution worker" [_thread_blocked, id=28072, stack(0x0000005285b00000,0x0000005285c00000)]
  0x00000218e8d5b570 JavaThread "Execution worker Thread 2" [_thread_blocked, id=6684, stack(0x0000005285c00000,0x0000005285d00000)]
  0x00000218e8d5b0a0 JavaThread "Execution worker Thread 3" [_thread_blocked, id=22256, stack(0x0000005285d00000,0x0000005285e00000)]
  0x00000218e8d5d720 JavaThread "Execution worker Thread 4" [_thread_blocked, id=11624, stack(0x0000005285e00000,0x0000005285f00000)]
  0x00000218e8d5a230 JavaThread "Execution worker Thread 5" [_thread_blocked, id=24924, stack(0x0000005285f00000,0x0000005286000000)]
  0x00000218e8d5ba40 JavaThread "Execution worker Thread 6" [_thread_blocked, id=8608, stack(0x0000005286000000,0x0000005286100000)]
  0x00000218e8d5bf10 JavaThread "Execution worker Thread 7" [_thread_blocked, id=27860, stack(0x0000005286100000,0x0000005286200000)]
  0x00000218e8d5abd0 JavaThread "Execution worker Thread 8" [_thread_blocked, id=30208, stack(0x0000005286200000,0x0000005286300000)]
  0x00000218e8d5c3e0 JavaThread "Execution worker Thread 9" [_thread_blocked, id=18212, stack(0x0000005286300000,0x0000005286400000)]
  0x00000218e8d5d250 JavaThread "Execution worker Thread 10" [_thread_blocked, id=24452, stack(0x0000005286400000,0x0000005286500000)]
  0x00000218e8d5dbf0 JavaThread "Execution worker Thread 11" [_thread_blocked, id=23932, stack(0x0000005286500000,0x0000005286600000)]
  0x00000218e8d5e0c0 JavaThread "Cache worker for execution history cache (C:\study_\springBoot\cloud_msa\user-service\.gradle\8.13\executionHistory)" [_thread_blocked, id=24540, stack(0x0000005286600000,0x0000005286700000)]

Other Threads:
  0x00000218e5662360 VMThread "VM Thread" [stack: 0x00000052fe100000,0x00000052fe200000] [id=8664]
  0x00000218c876a220 WatcherThread [stack: 0x00000052fed00000,0x00000052fee00000] [id=30124]
  0x00000218c8757a40 GCTaskThread "GC Thread#0" [stack: 0x00000052fdc00000,0x00000052fdd00000] [id=20884]
  0x00000218e63fec70 GCTaskThread "GC Thread#1" [stack: 0x00000052fee00000,0x00000052fef00000] [id=12980]
  0x00000218e647b8a0 GCTaskThread "GC Thread#2" [stack: 0x00000052fef00000,0x00000052ff000000] [id=24208]
  0x00000218e647bb50 GCTaskThread "GC Thread#3" [stack: 0x00000052ff000000,0x00000052ff100000] [id=31036]
  0x00000218e66a5340 GCTaskThread "GC Thread#4" [stack: 0x00000052ff100000,0x00000052ff200000] [id=31180]
  0x00000218e66a55f0 GCTaskThread "GC Thread#5" [stack: 0x00000052ff200000,0x00000052ff300000] [id=30484]
  0x00000218e9908db0 GCTaskThread "GC Thread#6" [stack: 0x0000005280400000,0x0000005280500000] [id=5220]
  0x00000218eb6c2ae0 GCTaskThread "GC Thread#7" [stack: 0x0000005280500000,0x0000005280600000] [id=26912]
  0x00000218ea5a4cb0 GCTaskThread "GC Thread#8" [stack: 0x0000005280600000,0x0000005280700000] [id=27652]
  0x00000218e9512cd0 GCTaskThread "GC Thread#9" [stack: 0x0000005280700000,0x0000005280800000] [id=28304]
  0x00000218c875d8a0 ConcurrentGCThread "G1 Main Marker" [stack: 0x00000052fdd00000,0x00000052fde00000] [id=31588]
  0x00000218c875ee90 ConcurrentGCThread "G1 Conc#0" [stack: 0x00000052fde00000,0x00000052fdf00000] [id=29152]
  0x00000218e909c020 ConcurrentGCThread "G1 Conc#1" [stack: 0x0000005280800000,0x0000005280900000] [id=10932]
  0x00000218e9176d30 ConcurrentGCThread "G1 Conc#2" [stack: 0x0000005280900000,0x0000005280a00000] [id=26688]
  0x00000218c87ee610 ConcurrentGCThread "G1 Refine#0" [stack: 0x00000052fdf00000,0x00000052fe000000] [id=29508]
  0x00000218e95b64c0 ConcurrentGCThread "G1 Refine#1" [stack: 0x0000005280100000,0x0000005280200000] [id=24248]
  0x00000218e95b5f00 ConcurrentGCThread "G1 Refine#2" [stack: 0x0000005283500000,0x0000005283600000] [id=11064]
  0x00000218e95b4ae0 ConcurrentGCThread "G1 Refine#3" [stack: 0x0000005285900000,0x0000005285a00000] [id=1360]
  0x00000218e551b1c0 ConcurrentGCThread "G1 Service" [stack: 0x00000052fe000000,0x00000052fe100000] [id=10336]

Threads with active compile tasks:
C2 CompilerThread0    34581 8598 %     4       org.gradle.internal.instantiation.generator.AbstractClassGenerator::inspectType @ 292 (602 bytes)
C2 CompilerThread1    34581 8627       4       org.objectweb.asm.Frame::execute (2303 bytes)

VM state: not at safepoint (normal execution)

VM Mutex/Monitor currently owned by a thread: None

Heap address: 0x00000000e0000000, size: 512 MB, Compressed Oops mode: 32-bit

CDS archive(s) mapped at: [0x0000000800000000-0x0000000800bc0000-0x0000000800bc0000), size 12320768, SharedBaseAddress: 0x0000000800000000, ArchiveRelocationMode: 0.
Compressed class space mapped at: 0x0000000800c00000-0x0000000814000000, reserved size: 322961408
Narrow klass base: 0x0000000800000000, Narrow klass shift: 0, Narrow klass range: 0x100000000

GC Precious Log:
 CPUs: 12 total, 12 available
 Memory: 24389M
 Large Page Support: Disabled
 NUMA Support: Disabled
 Compressed Oops: Enabled (32-bit)
 Heap Region Size: 1M
 Heap Min Capacity: 256M
 Heap Initial Capacity: 256M
 Heap Max Capacity: 512M
 Pre-touch: Disabled
 Parallel Workers: 10
 Concurrent Workers: 3
 Concurrent Refinement Workers: 10
 Periodic GC: Disabled

Heap:
 garbage-first heap   total 262144K, used 125897K [0x00000000e0000000, 0x0000000100000000)
  region size 1024K, 27 young (27648K), 17 survivors (17408K)
 Metaspace       used 68613K, committed 69376K, reserved 380928K
  class space    used 9673K, committed 10048K, reserved 315392K

Heap Regions: E=young(eden), S=young(survivor), O=old, HS=humongous(starts), HC=humongous(continues), CS=collection set, F=free, OA=open archive, CA=closed archive, TAMS=top-at-mark-start (previous, next)
|   0|0x00000000e0000000, 0x00000000e0100000, 0x00000000e0100000|100%|HS|  |TAMS 0x00000000e0100000, 0x00000000e0000000| Complete 
|   1|0x00000000e0100000, 0x00000000e0200000, 0x00000000e0200000|100%|HC|  |TAMS 0x00000000e0200000, 0x00000000e0100000| Complete 
|   2|0x00000000e0200000, 0x00000000e0300000, 0x00000000e0300000|100%|HC|  |TAMS 0x00000000e0300000, 0x00000000e0200000| Complete 
|   3|0x00000000e0300000, 0x00000000e0400000, 0x00000000e0400000|100%| O|  |TAMS 0x00000000e0400000, 0x00000000e0300000| Untracked 
|   4|0x00000000e0400000, 0x00000000e0500000, 0x00000000e0500000|100%| O|  |TAMS 0x00000000e0500000, 0x00000000e0400000| Untracked 
|   5|0x00000000e0500000, 0x00000000e0600000, 0x00000000e0600000|100%| O|  |TAMS 0x00000000e0600000, 0x00000000e0500000| Untracked 
|   6|0x00000000e0600000, 0x00000000e0700000, 0x00000000e0700000|100%|HS|  |TAMS 0x00000000e0700000, 0x00000000e0600000| Complete 
|   7|0x00000000e0700000, 0x00000000e0800000, 0x00000000e0800000|100%| O|  |TAMS 0x00000000e0800000, 0x00000000e0700000| Untracked 
|   8|0x00000000e0800000, 0x00000000e0900000, 0x00000000e0900000|100%| O|  |TAMS 0x00000000e0900000, 0x00000000e0800000| Untracked 
|   9|0x00000000e0900000, 0x00000000e0a00000, 0x00000000e0a00000|100%| O|  |TAMS 0x00000000e0a00000, 0x00000000e0900000| Untracked 
|  10|0x00000000e0a00000, 0x00000000e0b00000, 0x00000000e0b00000|100%| O|  |TAMS 0x00000000e0b00000, 0x00000000e0a00000| Untracked 
|  11|0x00000000e0b00000, 0x00000000e0c00000, 0x00000000e0c00000|100%|HS|  |TAMS 0x00000000e0c00000, 0x00000000e0b00000| Complete 
|  12|0x00000000e0c00000, 0x00000000e0d00000, 0x00000000e0d00000|100%|HC|  |TAMS 0x00000000e0d00000, 0x00000000e0c00000| Complete 
|  13|0x00000000e0d00000, 0x00000000e0e00000, 0x00000000e0e00000|100%|HS|  |TAMS 0x00000000e0e00000, 0x00000000e0d00000| Complete 
|  14|0x00000000e0e00000, 0x00000000e0f00000, 0x00000000e0f00000|100%|HC|  |TAMS 0x00000000e0f00000, 0x00000000e0e00000| Complete 
|  15|0x00000000e0f00000, 0x00000000e1000000, 0x00000000e1000000|100%|HC|  |TAMS 0x00000000e1000000, 0x00000000e0f00000| Complete 
|  16|0x00000000e1000000, 0x00000000e1100000, 0x00000000e1100000|100%|HS|  |TAMS 0x00000000e1100000, 0x00000000e1000000| Complete 
|  17|0x00000000e1100000, 0x00000000e1200000, 0x00000000e1200000|100%|HC|  |TAMS 0x00000000e1200000, 0x00000000e1100000| Complete 
|  18|0x00000000e1200000, 0x00000000e1300000, 0x00000000e1300000|100%|HC|  |TAMS 0x00000000e1300000, 0x00000000e1200000| Complete 
|  19|0x00000000e1300000, 0x00000000e1400000, 0x00000000e1400000|100%|HS|  |TAMS 0x00000000e1400000, 0x00000000e1300000| Complete 
|  20|0x00000000e1400000, 0x00000000e1500000, 0x00000000e1500000|100%|HC|  |TAMS 0x00000000e1500000, 0x00000000e1400000| Complete 
|  21|0x00000000e1500000, 0x00000000e1600000, 0x00000000e1600000|100%|HC|  |TAMS 0x00000000e1600000, 0x00000000e1500000| Complete 
|  22|0x00000000e1600000, 0x00000000e1700000, 0x00000000e1700000|100%| O|  |TAMS 0x00000000e1700000, 0x00000000e1600000| Untracked 
|  23|0x00000000e1700000, 0x00000000e1800000, 0x00000000e1800000|100%| O|  |TAMS 0x00000000e1800000, 0x00000000e1700000| Untracked 
|  24|0x00000000e1800000, 0x00000000e1900000, 0x00000000e1900000|100%| O|  |TAMS 0x00000000e1900000, 0x00000000e1800000| Untracked 
|  25|0x00000000e1900000, 0x00000000e1a00000, 0x00000000e1a00000|100%| O|  |TAMS 0x00000000e1a00000, 0x00000000e1900000| Untracked 
|  26|0x00000000e1a00000, 0x00000000e1b00000, 0x00000000e1b00000|100%| O|  |TAMS 0x00000000e1b00000, 0x00000000e1a00000| Untracked 
|  27|0x00000000e1b00000, 0x00000000e1c00000, 0x00000000e1c00000|100%| O|  |TAMS 0x00000000e1c00000, 0x00000000e1b00000| Untracked 
|  28|0x00000000e1c00000, 0x00000000e1d00000, 0x00000000e1d00000|100%| O|  |TAMS 0x00000000e1d00000, 0x00000000e1c00000| Untracked 
|  29|0x00000000e1d00000, 0x00000000e1e00000, 0x00000000e1e00000|100%| O|  |TAMS 0x00000000e1e00000, 0x00000000e1d00000| Untracked 
|  30|0x00000000e1e00000, 0x00000000e1f00000, 0x00000000e1f00000|100%| O|  |TAMS 0x00000000e1f00000, 0x00000000e1e00000| Untracked 
|  31|0x00000000e1f00000, 0x00000000e2000000, 0x00000000e2000000|100%| O|  |TAMS 0x00000000e2000000, 0x00000000e1f00000| Untracked 
|  32|0x00000000e2000000, 0x00000000e2100000, 0x00000000e2100000|100%| O|  |TAMS 0x00000000e2100000, 0x00000000e2000000| Untracked 
|  33|0x00000000e2100000, 0x00000000e2200000, 0x00000000e2200000|100%| O|  |TAMS 0x00000000e2200000, 0x00000000e2100000| Untracked 
|  34|0x00000000e2200000, 0x00000000e2300000, 0x00000000e2300000|100%| O|  |TAMS 0x00000000e2300000, 0x00000000e2200000| Untracked 
|  35|0x00000000e2300000, 0x00000000e2400000, 0x00000000e2400000|100%|HS|  |TAMS 0x00000000e2400000, 0x00000000e2300000| Complete 
|  36|0x00000000e2400000, 0x00000000e2500000, 0x00000000e2500000|100%|HC|  |TAMS 0x00000000e2500000, 0x00000000e2400000| Complete 
|  37|0x00000000e2500000, 0x00000000e2600000, 0x00000000e2600000|100%|HC|  |TAMS 0x00000000e2600000, 0x00000000e2500000| Complete 
|  38|0x00000000e2600000, 0x00000000e2700000, 0x00000000e2700000|100%|HS|  |TAMS 0x00000000e2700000, 0x00000000e2600000| Complete 
|  39|0x00000000e2700000, 0x00000000e2800000, 0x00000000e2800000|100%|HC|  |TAMS 0x00000000e2800000, 0x00000000e2700000| Complete 
|  40|0x00000000e2800000, 0x00000000e2900000, 0x00000000e2900000|100%|HC|  |TAMS 0x00000000e2900000, 0x00000000e2800000| Complete 
|  41|0x00000000e2900000, 0x00000000e2a00000, 0x00000000e2a00000|100%|HS|  |TAMS 0x00000000e2a00000, 0x00000000e2900000| Complete 
|  42|0x00000000e2a00000, 0x00000000e2b00000, 0x00000000e2b00000|100%|HC|  |TAMS 0x00000000e2b00000, 0x00000000e2a00000| Complete 
|  43|0x00000000e2b00000, 0x00000000e2c00000, 0x00000000e2c00000|100%|HC|  |TAMS 0x00000000e2c00000, 0x00000000e2b00000| Complete 
|  44|0x00000000e2c00000, 0x00000000e2d00000, 0x00000000e2d00000|100%| O|  |TAMS 0x00000000e2c00000, 0x00000000e2c00000| Untracked 
|  45|0x00000000e2d00000, 0x00000000e2e00000, 0x00000000e2e00000|100%| O|  |TAMS 0x00000000e2d00000, 0x00000000e2d00000| Untracked 
|  46|0x00000000e2e00000, 0x00000000e2f00000, 0x00000000e2f00000|100%| O|  |TAMS 0x00000000e2f00000, 0x00000000e2e00000| Untracked 
|  47|0x00000000e2f00000, 0x00000000e3000000, 0x00000000e3000000|100%| O|  |TAMS 0x00000000e3000000, 0x00000000e2f00000| Untracked 
|  48|0x00000000e3000000, 0x00000000e3100000, 0x00000000e3100000|100%| O|  |TAMS 0x00000000e3100000, 0x00000000e3000000| Untracked 
|  49|0x00000000e3100000, 0x00000000e3200000, 0x00000000e3200000|100%| O|  |TAMS 0x00000000e3200000, 0x00000000e3100000| Untracked 
|  50|0x00000000e3200000, 0x00000000e3300000, 0x00000000e3300000|100%| O|  |TAMS 0x00000000e3300000, 0x00000000e3200000| Untracked 
|  51|0x00000000e3300000, 0x00000000e3400000, 0x00000000e3400000|100%| O|  |TAMS 0x00000000e3400000, 0x00000000e3300000| Untracked 
|  52|0x00000000e3400000, 0x00000000e3500000, 0x00000000e3500000|100%| O|  |TAMS 0x00000000e3500000, 0x00000000e3400000| Untracked 
|  53|0x00000000e3500000, 0x00000000e3600000, 0x00000000e3600000|100%| O|  |TAMS 0x00000000e3600000, 0x00000000e3500000| Untracked 
|  54|0x00000000e3600000, 0x00000000e3700000, 0x00000000e3700000|100%| O|  |TAMS 0x00000000e3700000, 0x00000000e3600000| Untracked 
|  55|0x00000000e3700000, 0x00000000e3800000, 0x00000000e3800000|100%| O|  |TAMS 0x00000000e3800000, 0x00000000e3700000| Untracked 
|  56|0x00000000e3800000, 0x00000000e3900000, 0x00000000e3900000|100%| O|  |TAMS 0x00000000e3864600, 0x00000000e3800000| Untracked 
|  57|0x00000000e3900000, 0x00000000e3a00000, 0x00000000e3a00000|100%| O|  |TAMS 0x00000000e3900000, 0x00000000e3900000| Untracked 
|  58|0x00000000e3a00000, 0x00000000e3b00000, 0x00000000e3b00000|100%| O|  |TAMS 0x00000000e3a00000, 0x00000000e3a00000| Untracked 
|  59|0x00000000e3b00000, 0x00000000e3c00000, 0x00000000e3c00000|100%| O|  |TAMS 0x00000000e3b00000, 0x00000000e3b00000| Untracked 
|  60|0x00000000e3c00000, 0x00000000e3d00000, 0x00000000e3d00000|100%| O|  |TAMS 0x00000000e3c00000, 0x00000000e3c00000| Untracked 
|  61|0x00000000e3d00000, 0x00000000e3e00000, 0x00000000e3e00000|100%| O|  |TAMS 0x00000000e3d00000, 0x00000000e3d00000| Untracked 
|  62|0x00000000e3e00000, 0x00000000e3f00000, 0x00000000e3f00000|100%| O|  |TAMS 0x00000000e3e00000, 0x00000000e3e00000| Untracked 
|  63|0x00000000e3f00000, 0x00000000e4000000, 0x00000000e4000000|100%| O|  |TAMS 0x00000000e3f00000, 0x00000000e3f00000| Untracked 
|  64|0x00000000e4000000, 0x00000000e4100000, 0x00000000e4100000|100%| O|  |TAMS 0x00000000e4000000, 0x00000000e4000000| Untracked 
|  65|0x00000000e4100000, 0x00000000e4200000, 0x00000000e4200000|100%|HS|  |TAMS 0x00000000e4100000, 0x00000000e4100000| Complete 
|  66|0x00000000e4200000, 0x00000000e4300000, 0x00000000e4300000|100%|HC|  |TAMS 0x00000000e4200000, 0x00000000e4200000| Complete 
|  67|0x00000000e4300000, 0x00000000e4400000, 0x00000000e4400000|100%|HS|  |TAMS 0x00000000e4300000, 0x00000000e4300000| Complete 
|  68|0x00000000e4400000, 0x00000000e4500000, 0x00000000e4500000|100%|HC|  |TAMS 0x00000000e4400000, 0x00000000e4400000| Complete 
|  69|0x00000000e4500000, 0x00000000e4600000, 0x00000000e4600000|100%|HC|  |TAMS 0x00000000e4500000, 0x00000000e4500000| Complete 
|  70|0x00000000e4600000, 0x00000000e4700000, 0x00000000e4700000|100%|HC|  |TAMS 0x00000000e4600000, 0x00000000e4600000| Complete 
|  71|0x00000000e4700000, 0x00000000e4800000, 0x00000000e4800000|100%|HC|  |TAMS 0x00000000e4700000, 0x00000000e4700000| Complete 
|  72|0x00000000e4800000, 0x00000000e4900000, 0x00000000e4900000|100%|HC|  |TAMS 0x00000000e4800000, 0x00000000e4800000| Complete 
|  73|0x00000000e4900000, 0x00000000e4a00000, 0x00000000e4a00000|100%|HS|  |TAMS 0x00000000e4900000, 0x00000000e4900000| Complete 
|  74|0x00000000e4a00000, 0x00000000e4b00000, 0x00000000e4b00000|100%|HS|  |TAMS 0x00000000e4a00000, 0x00000000e4a00000| Complete 
|  75|0x00000000e4b00000, 0x00000000e4c00000, 0x00000000e4c00000|100%|HC|  |TAMS 0x00000000e4b00000, 0x00000000e4b00000| Complete 
|  76|0x00000000e4c00000, 0x00000000e4d00000, 0x00000000e4d00000|100%|HS|  |TAMS 0x00000000e4c00000, 0x00000000e4c00000| Complete 
|  77|0x00000000e4d00000, 0x00000000e4e00000, 0x00000000e4e00000|100%|HC|  |TAMS 0x00000000e4d00000, 0x00000000e4d00000| Complete 
|  78|0x00000000e4e00000, 0x00000000e4f00000, 0x00000000e4f00000|100%|HC|  |TAMS 0x00000000e4e00000, 0x00000000e4e00000| Complete 
|  79|0x00000000e4f00000, 0x00000000e5000000, 0x00000000e5000000|100%|HS|  |TAMS 0x00000000e4f00000, 0x00000000e4f00000| Complete 
|  80|0x00000000e5000000, 0x00000000e5100000, 0x00000000e5100000|100%|HC|  |TAMS 0x00000000e5000000, 0x00000000e5000000| Complete 
|  81|0x00000000e5100000, 0x00000000e5200000, 0x00000000e5200000|100%|HC|  |TAMS 0x00000000e5100000, 0x00000000e5100000| Complete 
|  82|0x00000000e5200000, 0x00000000e5300000, 0x00000000e5300000|100%|HS|  |TAMS 0x00000000e5200000, 0x00000000e5200000| Complete 
|  83|0x00000000e5300000, 0x00000000e5400000, 0x00000000e5400000|100%|HC|  |TAMS 0x00000000e5300000, 0x00000000e5300000| Complete 
|  84|0x00000000e5400000, 0x00000000e5500000, 0x00000000e5500000|100%|HC|  |TAMS 0x00000000e5400000, 0x00000000e5400000| Complete 
|  85|0x00000000e5500000, 0x00000000e5600000, 0x00000000e5600000|100%|HS|  |TAMS 0x00000000e5500000, 0x00000000e5500000| Complete 
|  86|0x00000000e5600000, 0x00000000e5700000, 0x00000000e5700000|100%|HC|  |TAMS 0x00000000e5600000, 0x00000000e5600000| Complete 
|  87|0x00000000e5700000, 0x00000000e5800000, 0x00000000e5800000|100%|HS|  |TAMS 0x00000000e5700000, 0x00000000e5700000| Complete 
|  88|0x00000000e5800000, 0x00000000e5900000, 0x00000000e5900000|100%|HC|  |TAMS 0x00000000e5800000, 0x00000000e5800000| Complete 
|  89|0x00000000e5900000, 0x00000000e5a00000, 0x00000000e5a00000|100%|HC|  |TAMS 0x00000000e5900000, 0x00000000e5900000| Complete 
|  90|0x00000000e5a00000, 0x00000000e5b00000, 0x00000000e5b00000|100%|HC|  |TAMS 0x00000000e5a00000, 0x00000000e5a00000| Complete 
|  91|0x00000000e5b00000, 0x00000000e5c00000, 0x00000000e5c00000|100%|HC|  |TAMS 0x00000000e5b00000, 0x00000000e5b00000| Complete 
|  92|0x00000000e5c00000, 0x00000000e5d00000, 0x00000000e5d00000|100%|HC|  |TAMS 0x00000000e5c00000, 0x00000000e5c00000| Complete 
|  93|0x00000000e5d00000, 0x00000000e5e00000, 0x00000000e5e00000|100%|HS|  |TAMS 0x00000000e5d00000, 0x00000000e5d00000| Complete 
|  94|0x00000000e5e00000, 0x00000000e5f00000, 0x00000000e5f00000|100%| O|  |TAMS 0x00000000e5e00000, 0x00000000e5e00000| Untracked 
|  95|0x00000000e5f00000, 0x00000000e6000000, 0x00000000e6000000|100%| O|  |TAMS 0x00000000e5f00000, 0x00000000e5f00000| Untracked 
|  96|0x00000000e6000000, 0x00000000e60f2600, 0x00000000e6100000| 94%| O|  |TAMS 0x00000000e6000000, 0x00000000e6000000| Untracked 
|  97|0x00000000e6100000, 0x00000000e6100000, 0x00000000e6200000|  0%| F|  |TAMS 0x00000000e6100000, 0x00000000e6100000| Untracked 
|  98|0x00000000e6200000, 0x00000000e6200000, 0x00000000e6300000|  0%| F|  |TAMS 0x00000000e6200000, 0x00000000e6200000| Untracked 
|  99|0x00000000e6300000, 0x00000000e6300000, 0x00000000e6400000|  0%| F|  |TAMS 0x00000000e6300000, 0x00000000e6300000| Untracked 
| 100|0x00000000e6400000, 0x00000000e6400000, 0x00000000e6500000|  0%| F|  |TAMS 0x00000000e6400000, 0x00000000e6400000| Untracked 
| 101|0x00000000e6500000, 0x00000000e6500000, 0x00000000e6600000|  0%| F|  |TAMS 0x00000000e6500000, 0x00000000e6500000| Untracked 
| 102|0x00000000e6600000, 0x00000000e6600000, 0x00000000e6700000|  0%| F|  |TAMS 0x00000000e6600000, 0x00000000e6600000| Untracked 
| 103|0x00000000e6700000, 0x00000000e6700000, 0x00000000e6800000|  0%| F|  |TAMS 0x00000000e6700000, 0x00000000e6700000| Untracked 
| 104|0x00000000e6800000, 0x00000000e6800000, 0x00000000e6900000|  0%| F|  |TAMS 0x00000000e6800000, 0x00000000e6800000| Untracked 
| 105|0x00000000e6900000, 0x00000000e6900000, 0x00000000e6a00000|  0%| F|  |TAMS 0x00000000e6900000, 0x00000000e6900000| Untracked 
| 106|0x00000000e6a00000, 0x00000000e6a00000, 0x00000000e6b00000|  0%| F|  |TAMS 0x00000000e6a00000, 0x00000000e6a00000| Untracked 
| 107|0x00000000e6b00000, 0x00000000e6b00000, 0x00000000e6c00000|  0%| F|  |TAMS 0x00000000e6b00000, 0x00000000e6b00000| Untracked 
| 108|0x00000000e6c00000, 0x00000000e6d00000, 0x00000000e6d00000|100%| S|CS|TAMS 0x00000000e6c00000, 0x00000000e6c00000| Complete 
| 109|0x00000000e6d00000, 0x00000000e6e00000, 0x00000000e6e00000|100%| S|CS|TAMS 0x00000000e6d00000, 0x00000000e6d00000| Complete 
| 110|0x00000000e6e00000, 0x00000000e6f00000, 0x00000000e6f00000|100%| S|CS|TAMS 0x00000000e6e00000, 0x00000000e6e00000| Complete 
| 111|0x00000000e6f00000, 0x00000000e7000000, 0x00000000e7000000|100%| S|CS|TAMS 0x00000000e6f00000, 0x00000000e6f00000| Complete 
| 112|0x00000000e7000000, 0x00000000e7100000, 0x00000000e7100000|100%| S|CS|TAMS 0x00000000e7000000, 0x00000000e7000000| Complete 
| 113|0x00000000e7100000, 0x00000000e7200000, 0x00000000e7200000|100%| S|CS|TAMS 0x00000000e7100000, 0x00000000e7100000| Complete 
| 114|0x00000000e7200000, 0x00000000e7300000, 0x00000000e7300000|100%| S|CS|TAMS 0x00000000e7200000, 0x00000000e7200000| Complete 
| 115|0x00000000e7300000, 0x00000000e7400000, 0x00000000e7400000|100%| S|CS|TAMS 0x00000000e7300000, 0x00000000e7300000| Complete 
| 116|0x00000000e7400000, 0x00000000e7500000, 0x00000000e7500000|100%| S|CS|TAMS 0x00000000e7400000, 0x00000000e7400000| Complete 
| 117|0x00000000e7500000, 0x00000000e7600000, 0x00000000e7600000|100%| S|CS|TAMS 0x00000000e7500000, 0x00000000e7500000| Complete 
| 118|0x00000000e7600000, 0x00000000e7700000, 0x00000000e7700000|100%| S|CS|TAMS 0x00000000e7600000, 0x00000000e7600000| Complete 
| 119|0x00000000e7700000, 0x00000000e7800000, 0x00000000e7800000|100%| S|CS|TAMS 0x00000000e7700000, 0x00000000e7700000| Complete 
| 120|0x00000000e7800000, 0x00000000e7900000, 0x00000000e7900000|100%| S|CS|TAMS 0x00000000e7800000, 0x00000000e7800000| Complete 
| 121|0x00000000e7900000, 0x00000000e7a00000, 0x00000000e7a00000|100%| S|CS|TAMS 0x00000000e7900000, 0x00000000e7900000| Complete 
| 122|0x00000000e7a00000, 0x00000000e7b00000, 0x00000000e7b00000|100%| S|CS|TAMS 0x00000000e7a00000, 0x00000000e7a00000| Complete 
| 123|0x00000000e7b00000, 0x00000000e7c00000, 0x00000000e7c00000|100%| S|CS|TAMS 0x00000000e7b00000, 0x00000000e7b00000| Complete 
| 124|0x00000000e7c00000, 0x00000000e7d00000, 0x00000000e7d00000|100%| S|CS|TAMS 0x00000000e7c00000, 0x00000000e7c00000| Complete 
| 125|0x00000000e7d00000, 0x00000000e7d00000, 0x00000000e7e00000|  0%| F|  |TAMS 0x00000000e7d00000, 0x00000000e7d00000| Untracked 
| 126|0x00000000e7e00000, 0x00000000e7e00000, 0x00000000e7f00000|  0%| F|  |TAMS 0x00000000e7e00000, 0x00000000e7e00000| Untracked 
| 127|0x00000000e7f00000, 0x00000000e7f00000, 0x00000000e8000000|  0%| F|  |TAMS 0x00000000e7f00000, 0x00000000e7f00000| Untracked 
| 128|0x00000000e8000000, 0x00000000e8000000, 0x00000000e8100000|  0%| F|  |TAMS 0x00000000e8000000, 0x00000000e8000000| Untracked 
| 129|0x00000000e8100000, 0x00000000e8100000, 0x00000000e8200000|  0%| F|  |TAMS 0x00000000e8100000, 0x00000000e8100000| Untracked 
| 130|0x00000000e8200000, 0x00000000e8200000, 0x00000000e8300000|  0%| F|  |TAMS 0x00000000e8200000, 0x00000000e8200000| Untracked 
| 131|0x00000000e8300000, 0x00000000e8300000, 0x00000000e8400000|  0%| F|  |TAMS 0x00000000e8300000, 0x00000000e8300000| Untracked 
| 132|0x00000000e8400000, 0x00000000e8400000, 0x00000000e8500000|  0%| F|  |TAMS 0x00000000e8400000, 0x00000000e8400000| Untracked 
| 133|0x00000000e8500000, 0x00000000e8500000, 0x00000000e8600000|  0%| F|  |TAMS 0x00000000e8500000, 0x00000000e8500000| Untracked 
| 134|0x00000000e8600000, 0x00000000e8600000, 0x00000000e8700000|  0%| F|  |TAMS 0x00000000e8600000, 0x00000000e8600000| Untracked 
| 135|0x00000000e8700000, 0x00000000e8700000, 0x00000000e8800000|  0%| F|  |TAMS 0x00000000e8700000, 0x00000000e8700000| Untracked 
| 136|0x00000000e8800000, 0x00000000e8800000, 0x00000000e8900000|  0%| F|  |TAMS 0x00000000e8800000, 0x00000000e8800000| Untracked 
| 137|0x00000000e8900000, 0x00000000e8900000, 0x00000000e8a00000|  0%| F|  |TAMS 0x00000000e8900000, 0x00000000e8900000| Untracked 
| 138|0x00000000e8a00000, 0x00000000e8a00000, 0x00000000e8b00000|  0%| F|  |TAMS 0x00000000e8a00000, 0x00000000e8a00000| Untracked 
| 139|0x00000000e8b00000, 0x00000000e8b00000, 0x00000000e8c00000|  0%| F|  |TAMS 0x00000000e8b00000, 0x00000000e8b00000| Untracked 
| 140|0x00000000e8c00000, 0x00000000e8c00000, 0x00000000e8d00000|  0%| F|  |TAMS 0x00000000e8c00000, 0x00000000e8c00000| Untracked 
| 141|0x00000000e8d00000, 0x00000000e8d00000, 0x00000000e8e00000|  0%| F|  |TAMS 0x00000000e8d00000, 0x00000000e8d00000| Untracked 
| 142|0x00000000e8e00000, 0x00000000e8e00000, 0x00000000e8f00000|  0%| F|  |TAMS 0x00000000e8e00000, 0x00000000e8e00000| Untracked 
| 143|0x00000000e8f00000, 0x00000000e8f00000, 0x00000000e9000000|  0%| F|  |TAMS 0x00000000e8f00000, 0x00000000e8f00000| Untracked 
| 144|0x00000000e9000000, 0x00000000e9000000, 0x00000000e9100000|  0%| F|  |TAMS 0x00000000e9000000, 0x00000000e9000000| Untracked 
| 145|0x00000000e9100000, 0x00000000e9100000, 0x00000000e9200000|  0%| F|  |TAMS 0x00000000e9100000, 0x00000000e9100000| Untracked 
| 146|0x00000000e9200000, 0x00000000e9200000, 0x00000000e9300000|  0%| F|  |TAMS 0x00000000e9200000, 0x00000000e9200000| Untracked 
| 147|0x00000000e9300000, 0x00000000e9300000, 0x00000000e9400000|  0%| F|  |TAMS 0x00000000e9300000, 0x00000000e9300000| Untracked 
| 148|0x00000000e9400000, 0x00000000e9400000, 0x00000000e9500000|  0%| F|  |TAMS 0x00000000e9400000, 0x00000000e9400000| Untracked 
| 149|0x00000000e9500000, 0x00000000e9500000, 0x00000000e9600000|  0%| F|  |TAMS 0x00000000e9500000, 0x00000000e9500000| Untracked 
| 150|0x00000000e9600000, 0x00000000e9600000, 0x00000000e9700000|  0%| F|  |TAMS 0x00000000e9600000, 0x00000000e9600000| Untracked 
| 151|0x00000000e9700000, 0x00000000e9700000, 0x00000000e9800000|  0%| F|  |TAMS 0x00000000e9700000, 0x00000000e9700000| Untracked 
| 152|0x00000000e9800000, 0x00000000e9800000, 0x00000000e9900000|  0%| F|  |TAMS 0x00000000e9800000, 0x00000000e9800000| Untracked 
| 153|0x00000000e9900000, 0x00000000e9900000, 0x00000000e9a00000|  0%| F|  |TAMS 0x00000000e9900000, 0x00000000e9900000| Untracked 
| 154|0x00000000e9a00000, 0x00000000e9a00000, 0x00000000e9b00000|  0%| F|  |TAMS 0x00000000e9a00000, 0x00000000e9a00000| Untracked 
| 155|0x00000000e9b00000, 0x00000000e9b00000, 0x00000000e9c00000|  0%| F|  |TAMS 0x00000000e9b00000, 0x00000000e9b00000| Untracked 
| 156|0x00000000e9c00000, 0x00000000e9c00000, 0x00000000e9d00000|  0%| F|  |TAMS 0x00000000e9c00000, 0x00000000e9c00000| Untracked 
| 157|0x00000000e9d00000, 0x00000000e9d00000, 0x00000000e9e00000|  0%| F|  |TAMS 0x00000000e9d00000, 0x00000000e9d00000| Untracked 
| 158|0x00000000e9e00000, 0x00000000e9e00000, 0x00000000e9f00000|  0%| F|  |TAMS 0x00000000e9e00000, 0x00000000e9e00000| Untracked 
| 159|0x00000000e9f00000, 0x00000000e9f00000, 0x00000000ea000000|  0%| F|  |TAMS 0x00000000e9f00000, 0x00000000e9f00000| Untracked 
| 160|0x00000000ea000000, 0x00000000ea000000, 0x00000000ea100000|  0%| F|  |TAMS 0x00000000ea000000, 0x00000000ea000000| Untracked 
| 161|0x00000000ea100000, 0x00000000ea100000, 0x00000000ea200000|  0%| F|  |TAMS 0x00000000ea100000, 0x00000000ea100000| Untracked 
| 162|0x00000000ea200000, 0x00000000ea200000, 0x00000000ea300000|  0%| F|  |TAMS 0x00000000ea200000, 0x00000000ea200000| Untracked 
| 163|0x00000000ea300000, 0x00000000ea300000, 0x00000000ea400000|  0%| F|  |TAMS 0x00000000ea300000, 0x00000000ea300000| Untracked 
| 164|0x00000000ea400000, 0x00000000ea400000, 0x00000000ea500000|  0%| F|  |TAMS 0x00000000ea400000, 0x00000000ea400000| Untracked 
| 165|0x00000000ea500000, 0x00000000ea500000, 0x00000000ea600000|  0%| F|  |TAMS 0x00000000ea500000, 0x00000000ea500000| Untracked 
| 166|0x00000000ea600000, 0x00000000ea600000, 0x00000000ea700000|  0%| F|  |TAMS 0x00000000ea600000, 0x00000000ea600000| Untracked 
| 167|0x00000000ea700000, 0x00000000ea700000, 0x00000000ea800000|  0%| F|  |TAMS 0x00000000ea700000, 0x00000000ea700000| Untracked 
| 168|0x00000000ea800000, 0x00000000ea800000, 0x00000000ea900000|  0%| F|  |TAMS 0x00000000ea800000, 0x00000000ea800000| Untracked 
| 169|0x00000000ea900000, 0x00000000ea900000, 0x00000000eaa00000|  0%| F|  |TAMS 0x00000000ea900000, 0x00000000ea900000| Untracked 
| 170|0x00000000eaa00000, 0x00000000eaa00000, 0x00000000eab00000|  0%| F|  |TAMS 0x00000000eaa00000, 0x00000000eaa00000| Untracked 
| 171|0x00000000eab00000, 0x00000000eab00000, 0x00000000eac00000|  0%| F|  |TAMS 0x00000000eab00000, 0x00000000eab00000| Untracked 
| 172|0x00000000eac00000, 0x00000000eac00000, 0x00000000ead00000|  0%| F|  |TAMS 0x00000000eac00000, 0x00000000eac00000| Untracked 
| 173|0x00000000ead00000, 0x00000000ead00000, 0x00000000eae00000|  0%| F|  |TAMS 0x00000000ead00000, 0x00000000ead00000| Untracked 
| 174|0x00000000eae00000, 0x00000000eae00000, 0x00000000eaf00000|  0%| F|  |TAMS 0x00000000eae00000, 0x00000000eae00000| Untracked 
| 175|0x00000000eaf00000, 0x00000000eaf00000, 0x00000000eb000000|  0%| F|  |TAMS 0x00000000eaf00000, 0x00000000eaf00000| Untracked 
| 176|0x00000000eb000000, 0x00000000eb000000, 0x00000000eb100000|  0%| F|  |TAMS 0x00000000eb000000, 0x00000000eb000000| Untracked 
| 177|0x00000000eb100000, 0x00000000eb100000, 0x00000000eb200000|  0%| F|  |TAMS 0x00000000eb100000, 0x00000000eb100000| Untracked 
| 178|0x00000000eb200000, 0x00000000eb200000, 0x00000000eb300000|  0%| F|  |TAMS 0x00000000eb200000, 0x00000000eb200000| Untracked 
| 179|0x00000000eb300000, 0x00000000eb300000, 0x00000000eb400000|  0%| F|  |TAMS 0x00000000eb300000, 0x00000000eb300000| Untracked 
| 180|0x00000000eb400000, 0x00000000eb400000, 0x00000000eb500000|  0%| F|  |TAMS 0x00000000eb400000, 0x00000000eb400000| Untracked 
| 181|0x00000000eb500000, 0x00000000eb500000, 0x00000000eb600000|  0%| F|  |TAMS 0x00000000eb500000, 0x00000000eb500000| Untracked 
| 182|0x00000000eb600000, 0x00000000eb600000, 0x00000000eb700000|  0%| F|  |TAMS 0x00000000eb600000, 0x00000000eb600000| Untracked 
| 183|0x00000000eb700000, 0x00000000eb700000, 0x00000000eb800000|  0%| F|  |TAMS 0x00000000eb700000, 0x00000000eb700000| Untracked 
| 184|0x00000000eb800000, 0x00000000eb800000, 0x00000000eb900000|  0%| F|  |TAMS 0x00000000eb800000, 0x00000000eb800000| Untracked 
| 185|0x00000000eb900000, 0x00000000eb900000, 0x00000000eba00000|  0%| F|  |TAMS 0x00000000eb900000, 0x00000000eb900000| Untracked 
| 186|0x00000000eba00000, 0x00000000eba00000, 0x00000000ebb00000|  0%| F|  |TAMS 0x00000000eba00000, 0x00000000eba00000| Untracked 
| 187|0x00000000ebb00000, 0x00000000ebb00000, 0x00000000ebc00000|  0%| F|  |TAMS 0x00000000ebb00000, 0x00000000ebb00000| Untracked 
| 188|0x00000000ebc00000, 0x00000000ebc00000, 0x00000000ebd00000|  0%| F|  |TAMS 0x00000000ebc00000, 0x00000000ebc00000| Untracked 
| 189|0x00000000ebd00000, 0x00000000ebd00000, 0x00000000ebe00000|  0%| F|  |TAMS 0x00000000ebd00000, 0x00000000ebd00000| Untracked 
| 190|0x00000000ebe00000, 0x00000000ebe00000, 0x00000000ebf00000|  0%| F|  |TAMS 0x00000000ebe00000, 0x00000000ebe00000| Untracked 
| 191|0x00000000ebf00000, 0x00000000ebf00000, 0x00000000ec000000|  0%| F|  |TAMS 0x00000000ebf00000, 0x00000000ebf00000| Untracked 
| 192|0x00000000ec000000, 0x00000000ec000000, 0x00000000ec100000|  0%| F|  |TAMS 0x00000000ec000000, 0x00000000ec000000| Untracked 
| 193|0x00000000ec100000, 0x00000000ec100000, 0x00000000ec200000|  0%| F|  |TAMS 0x00000000ec100000, 0x00000000ec100000| Untracked 
| 194|0x00000000ec200000, 0x00000000ec200000, 0x00000000ec300000|  0%| F|  |TAMS 0x00000000ec200000, 0x00000000ec200000| Untracked 
| 195|0x00000000ec300000, 0x00000000ec300000, 0x00000000ec400000|  0%| F|  |TAMS 0x00000000ec300000, 0x00000000ec300000| Untracked 
| 196|0x00000000ec400000, 0x00000000ec400000, 0x00000000ec500000|  0%| F|  |TAMS 0x00000000ec400000, 0x00000000ec400000| Untracked 
| 197|0x00000000ec500000, 0x00000000ec500000, 0x00000000ec600000|  0%| F|  |TAMS 0x00000000ec500000, 0x00000000ec500000| Untracked 
| 198|0x00000000ec600000, 0x00000000ec600000, 0x00000000ec700000|  0%| F|  |TAMS 0x00000000ec600000, 0x00000000ec600000| Untracked 
| 199|0x00000000ec700000, 0x00000000ec700000, 0x00000000ec800000|  0%| F|  |TAMS 0x00000000ec700000, 0x00000000ec700000| Untracked 
| 200|0x00000000ec800000, 0x00000000ec800000, 0x00000000ec900000|  0%| F|  |TAMS 0x00000000ec800000, 0x00000000ec800000| Untracked 
| 201|0x00000000ec900000, 0x00000000ec900000, 0x00000000eca00000|  0%| F|  |TAMS 0x00000000ec900000, 0x00000000ec900000| Untracked 
| 202|0x00000000eca00000, 0x00000000eca00000, 0x00000000ecb00000|  0%| F|  |TAMS 0x00000000eca00000, 0x00000000eca00000| Untracked 
| 203|0x00000000ecb00000, 0x00000000ecb00000, 0x00000000ecc00000|  0%| F|  |TAMS 0x00000000ecb00000, 0x00000000ecb00000| Untracked 
| 204|0x00000000ecc00000, 0x00000000ecc00000, 0x00000000ecd00000|  0%| F|  |TAMS 0x00000000ecc00000, 0x00000000ecc00000| Untracked 
| 205|0x00000000ecd00000, 0x00000000ecd00000, 0x00000000ece00000|  0%| F|  |TAMS 0x00000000ecd00000, 0x00000000ecd00000| Untracked 
| 206|0x00000000ece00000, 0x00000000ece00000, 0x00000000ecf00000|  0%| F|  |TAMS 0x00000000ece00000, 0x00000000ece00000| Untracked 
| 207|0x00000000ecf00000, 0x00000000ecf00000, 0x00000000ed000000|  0%| F|  |TAMS 0x00000000ecf00000, 0x00000000ecf00000| Untracked 
| 208|0x00000000ed000000, 0x00000000ed000000, 0x00000000ed100000|  0%| F|  |TAMS 0x00000000ed000000, 0x00000000ed000000| Untracked 
| 209|0x00000000ed100000, 0x00000000ed100000, 0x00000000ed200000|  0%| F|  |TAMS 0x00000000ed100000, 0x00000000ed100000| Untracked 
| 210|0x00000000ed200000, 0x00000000ed200000, 0x00000000ed300000|  0%| F|  |TAMS 0x00000000ed200000, 0x00000000ed200000| Untracked 
| 211|0x00000000ed300000, 0x00000000ed300000, 0x00000000ed400000|  0%| F|  |TAMS 0x00000000ed300000, 0x00000000ed300000| Untracked 
| 212|0x00000000ed400000, 0x00000000ed400000, 0x00000000ed500000|  0%| F|  |TAMS 0x00000000ed400000, 0x00000000ed400000| Untracked 
| 213|0x00000000ed500000, 0x00000000ed500000, 0x00000000ed600000|  0%| F|  |TAMS 0x00000000ed500000, 0x00000000ed500000| Untracked 
| 214|0x00000000ed600000, 0x00000000ed600000, 0x00000000ed700000|  0%| F|  |TAMS 0x00000000ed600000, 0x00000000ed600000| Untracked 
| 215|0x00000000ed700000, 0x00000000ed700000, 0x00000000ed800000|  0%| F|  |TAMS 0x00000000ed700000, 0x00000000ed700000| Untracked 
| 216|0x00000000ed800000, 0x00000000ed800000, 0x00000000ed900000|  0%| F|  |TAMS 0x00000000ed800000, 0x00000000ed800000| Untracked 
| 217|0x00000000ed900000, 0x00000000ed900000, 0x00000000eda00000|  0%| F|  |TAMS 0x00000000ed900000, 0x00000000ed900000| Untracked 
| 218|0x00000000eda00000, 0x00000000eda00000, 0x00000000edb00000|  0%| F|  |TAMS 0x00000000eda00000, 0x00000000eda00000| Untracked 
| 219|0x00000000edb00000, 0x00000000edb00000, 0x00000000edc00000|  0%| F|  |TAMS 0x00000000edb00000, 0x00000000edb00000| Untracked 
| 220|0x00000000edc00000, 0x00000000edc00000, 0x00000000edd00000|  0%| F|  |TAMS 0x00000000edc00000, 0x00000000edc00000| Untracked 
| 221|0x00000000edd00000, 0x00000000edd00000, 0x00000000ede00000|  0%| F|  |TAMS 0x00000000edd00000, 0x00000000edd00000| Untracked 
| 222|0x00000000ede00000, 0x00000000ede00000, 0x00000000edf00000|  0%| F|  |TAMS 0x00000000ede00000, 0x00000000ede00000| Untracked 
| 223|0x00000000edf00000, 0x00000000edf00000, 0x00000000ee000000|  0%| F|  |TAMS 0x00000000edf00000, 0x00000000edf00000| Untracked 
| 224|0x00000000ee000000, 0x00000000ee000000, 0x00000000ee100000|  0%| F|  |TAMS 0x00000000ee000000, 0x00000000ee000000| Untracked 
| 225|0x00000000ee100000, 0x00000000ee100000, 0x00000000ee200000|  0%| F|  |TAMS 0x00000000ee100000, 0x00000000ee100000| Untracked 
| 226|0x00000000ee200000, 0x00000000ee200000, 0x00000000ee300000|  0%| F|  |TAMS 0x00000000ee200000, 0x00000000ee200000| Untracked 
| 227|0x00000000ee300000, 0x00000000ee300000, 0x00000000ee400000|  0%| F|  |TAMS 0x00000000ee300000, 0x00000000ee300000| Untracked 
| 228|0x00000000ee400000, 0x00000000ee400000, 0x00000000ee500000|  0%| F|  |TAMS 0x00000000ee400000, 0x00000000ee400000| Untracked 
| 229|0x00000000ee500000, 0x00000000ee500000, 0x00000000ee600000|  0%| F|  |TAMS 0x00000000ee500000, 0x00000000ee500000| Untracked 
| 230|0x00000000ee600000, 0x00000000ee600000, 0x00000000ee700000|  0%| F|  |TAMS 0x00000000ee600000, 0x00000000ee600000| Untracked 
| 231|0x00000000ee700000, 0x00000000ee700000, 0x00000000ee800000|  0%| F|  |TAMS 0x00000000ee700000, 0x00000000ee700000| Untracked 
| 232|0x00000000ee800000, 0x00000000ee800000, 0x00000000ee900000|  0%| F|  |TAMS 0x00000000ee800000, 0x00000000ee800000| Untracked 
| 233|0x00000000ee900000, 0x00000000ee900000, 0x00000000eea00000|  0%| F|  |TAMS 0x00000000ee900000, 0x00000000ee900000| Untracked 
| 234|0x00000000eea00000, 0x00000000eea00000, 0x00000000eeb00000|  0%| F|  |TAMS 0x00000000eea00000, 0x00000000eea00000| Untracked 
| 235|0x00000000eeb00000, 0x00000000eeb00000, 0x00000000eec00000|  0%| F|  |TAMS 0x00000000eeb00000, 0x00000000eeb00000| Untracked 
| 236|0x00000000eec00000, 0x00000000eec00000, 0x00000000eed00000|  0%| F|  |TAMS 0x00000000eec00000, 0x00000000eec00000| Untracked 
| 237|0x00000000eed00000, 0x00000000eed00000, 0x00000000eee00000|  0%| F|  |TAMS 0x00000000eed00000, 0x00000000eed00000| Untracked 
| 238|0x00000000eee00000, 0x00000000eee00000, 0x00000000eef00000|  0%| F|  |TAMS 0x00000000eee00000, 0x00000000eee00000| Untracked 
| 239|0x00000000eef00000, 0x00000000eef00000, 0x00000000ef000000|  0%| F|  |TAMS 0x00000000eef00000, 0x00000000eef00000| Untracked 
| 240|0x00000000ef000000, 0x00000000ef000000, 0x00000000ef100000|  0%| F|  |TAMS 0x00000000ef000000, 0x00000000ef000000| Untracked 
| 241|0x00000000ef100000, 0x00000000ef100000, 0x00000000ef200000|  0%| F|  |TAMS 0x00000000ef100000, 0x00000000ef100000| Untracked 
| 242|0x00000000ef200000, 0x00000000ef200000, 0x00000000ef300000|  0%| F|  |TAMS 0x00000000ef200000, 0x00000000ef200000| Untracked 
| 243|0x00000000ef300000, 0x00000000ef300000, 0x00000000ef400000|  0%| F|  |TAMS 0x00000000ef300000, 0x00000000ef300000| Untracked 
| 244|0x00000000ef400000, 0x00000000ef400000, 0x00000000ef500000|  0%| F|  |TAMS 0x00000000ef400000, 0x00000000ef400000| Untracked 
| 245|0x00000000ef500000, 0x00000000ef580800, 0x00000000ef600000| 50%| E|  |TAMS 0x00000000ef500000, 0x00000000ef500000| Complete 
| 246|0x00000000ef600000, 0x00000000ef700000, 0x00000000ef700000|100%| E|CS|TAMS 0x00000000ef600000, 0x00000000ef600000| Complete 
| 247|0x00000000ef700000, 0x00000000ef800000, 0x00000000ef800000|100%| E|CS|TAMS 0x00000000ef700000, 0x00000000ef700000| Complete 
| 248|0x00000000ef800000, 0x00000000ef900000, 0x00000000ef900000|100%| E|CS|TAMS 0x00000000ef800000, 0x00000000ef800000| Complete 
| 249|0x00000000ef900000, 0x00000000efa00000, 0x00000000efa00000|100%| E|CS|TAMS 0x00000000ef900000, 0x00000000ef900000| Complete 
| 250|0x00000000efa00000, 0x00000000efb00000, 0x00000000efb00000|100%| E|CS|TAMS 0x00000000efa00000, 0x00000000efa00000| Complete 
| 251|0x00000000efb00000, 0x00000000efc00000, 0x00000000efc00000|100%| E|CS|TAMS 0x00000000efb00000, 0x00000000efb00000| Complete 
| 252|0x00000000efc00000, 0x00000000efd00000, 0x00000000efd00000|100%| E|CS|TAMS 0x00000000efc00000, 0x00000000efc00000| Complete 
| 253|0x00000000efd00000, 0x00000000efe00000, 0x00000000efe00000|100%| E|CS|TAMS 0x00000000efd00000, 0x00000000efd00000| Complete 
| 254|0x00000000efe00000, 0x00000000eff00000, 0x00000000eff00000|100%| E|CS|TAMS 0x00000000efe00000, 0x00000000efe00000| Complete 
| 255|0x00000000eff00000, 0x00000000f0000000, 0x00000000f0000000|100%| E|CS|TAMS 0x00000000eff00000, 0x00000000eff00000| Complete 

Card table byte_map: [0x00000218e17e0000,0x00000218e18e0000] _byte_map_base: 0x00000218e10e0000

Marking Bits (Prev, Next): (CMBitMap*) 0x00000218c8758fb0, (CMBitMap*) 0x00000218c8758f70
 Prev Bits: [0x00000218e21e0000, 0x00000218e29e0000)
 Next Bits: [0x00000218e19e0000, 0x00000218e21e0000)

Polling page: 0x00000218c8570000

Metaspace:

Usage:
  Non-class:     57.62 MB used.
      Class:      9.45 MB used.
       Both:     67.07 MB used.

Virtual space:
  Non-class space:       64.00 MB reserved,      58.00 MB ( 91%) committed,  8 nodes.
      Class space:      308.00 MB reserved,       9.81 MB (  3%) committed,  1 nodes.
             Both:      372.00 MB reserved,      67.81 MB ( 18%) committed. 

Chunk freelists:
   Non-Class:  1.31 MB
       Class:  2.09 MB
        Both:  3.41 MB

MaxMetaspaceSize: 384.00 MB
CompressedClassSpaceSize: 308.00 MB
Initial GC threshold: 21.00 MB
Current GC threshold: 98.25 MB
CDS: on
MetaspaceReclaimPolicy: balanced
 - commit_granule_bytes: 65536.
 - commit_granule_words: 8192.
 - virtual_space_node_default_size: 1048576.
 - enlarge_chunks_in_place: 1.
 - new_chunks_are_fully_committed: 0.
 - uncommit_free_chunks: 1.
 - use_allocation_guard: 0.
 - handle_deallocations: 1.


Internal statistics:

num_allocs_failed_limit: 9.
num_arena_births: 836.
num_arena_deaths: 0.
num_vsnodes_births: 9.
num_vsnodes_deaths: 0.
num_space_committed: 1085.
num_space_uncommitted: 0.
num_chunks_returned_to_freelist: 9.
num_chunks_taken_from_freelist: 3602.
num_chunk_merges: 9.
num_chunk_splits: 2321.
num_chunks_enlarged: 1486.
num_purges: 0.
num_inconsistent_stats: 0.

CodeHeap 'non-profiled nmethods': size=120000Kb used=4952Kb max_used=4952Kb free=115048Kb
 bounds [0x00000218d9520000, 0x00000218d9a00000, 0x00000218e0a50000]
CodeHeap 'profiled nmethods': size=120000Kb used=15804Kb max_used=15804Kb free=104196Kb
 bounds [0x00000218d1a50000, 0x00000218d29c0000, 0x00000218d8f80000]
CodeHeap 'non-nmethods': size=5760Kb used=2395Kb max_used=2446Kb free=3364Kb
 bounds [0x00000218d8f80000, 0x00000218d91f0000, 0x00000218d9520000]
 total_blobs=8814 nmethods=7888 adapters=838
 compilation: enabled
              stopped_count=0, restarted_count=0
 full_count=0

Compilation events (20 events):
Event: 33.532 Thread 0x00000218e5680cf0 8640       3       java.io.Bits::putShort (16 bytes)
Event: 33.532 Thread 0x00000218e5680cf0 nmethod 8640 0x00000218d29ac810 code [0x00000218d29ac9a0, 0x00000218d29acad8]
Event: 33.534 Thread 0x00000218e5680cf0 8641       3       java.util.HashSet::remove (20 bytes)
Event: 33.534 Thread 0x00000218e5680cf0 nmethod 8641 0x00000218d29acc10 code [0x00000218d29acdc0, 0x00000218d29ad008]
Event: 33.535 Thread 0x00000218e5680cf0 8642       1       groovy.lang.MetaClassImpl::isInitialized (5 bytes)
Event: 33.535 Thread 0x00000218e5680cf0 nmethod 8642 0x00000218d99f5110 code [0x00000218d99f52a0, 0x00000218d99f5378]
Event: 33.536 Thread 0x00000218e5680cf0 8643       1       org.gradle.tooling.internal.adapter.MethodInvocation::getName (5 bytes)
Event: 33.536 Thread 0x00000218e5680cf0 nmethod 8643 0x00000218d99f5410 code [0x00000218d99f55a0, 0x00000218d99f5678]
Event: 33.538 Thread 0x00000218e5680cf0 8644       3       org.gradle.internal.resources.AbstractTrackedResourceLock::isLockedByCurrentThread (9 bytes)
Event: 33.539 Thread 0x00000218e5680cf0 nmethod 8644 0x00000218d29ad110 code [0x00000218d29ad2e0, 0x00000218d29ad688]
Event: 33.539 Thread 0x00000218e5680cf0 8645       3       java.lang.invoke.LambdaForm$MH/0x0000000800f90800::linkToTargetMethod (11 bytes)
Event: 33.539 Thread 0x00000218e5680cf0 nmethod 8645 0x00000218d29ad810 code [0x00000218d29ad9c0, 0x00000218d29ade18]
Event: 33.539 Thread 0x00000218e5680cf0 8646       3       java.lang.invoke.LambdaForm$DMH/0x0000000800f90000::newInvokeSpecial (28 bytes)
Event: 33.540 Thread 0x00000218e5680cf0 nmethod 8646 0x00000218d29adf10 code [0x00000218d29ae100, 0x00000218d29ae8c8]
Event: 33.540 Thread 0x00000218e5680cf0 8648       3       org.gradle.internal.logging.sink.OutputEventTransformer::onOutput (369 bytes)
Event: 34.544 Thread 0x00000218e5680cf0 nmethod 8648 0x00000218d29aea90 code [0x00000218d29aef00, 0x00000218d29b1cb8]
Event: 34.544 Thread 0x00000218e5680cf0 8647       3       java.util.Collections$SingletonSet::contains (9 bytes)
Event: 34.545 Thread 0x00000218e5680cf0 nmethod 8647 0x00000218d29b2690 code [0x00000218d29b2840, 0x00000218d29b2b28]
Event: 34.545 Thread 0x00000218e5680cf0 8649       1       org.gradle.internal.operations.OperationIdentifier::getId (5 bytes)
Event: 34.545 Thread 0x00000218e5680cf0 nmethod 8649 0x00000218d99f5710 code [0x00000218d99f58a0, 0x00000218d99f5978]

GC Heap History (18 events):
Event: 10.540 GC heap before
{Heap before GC invocations=0 (full 0):
 garbage-first heap   total 262144K, used 22528K [0x00000000e0000000, 0x0000000100000000)
  region size 1024K, 23 young (23552K), 0 survivors (0K)
 Metaspace       used 1061K, committed 1216K, reserved 323584K
  class space    used 73K, committed 128K, reserved 315392K
}
Event: 10.541 GC heap after
{Heap after GC invocations=1 (full 0):
 garbage-first heap   total 262144K, used 2687K [0x00000000e0000000, 0x0000000100000000)
  region size 1024K, 3 young (3072K), 3 survivors (3072K)
 Metaspace       used 1061K, committed 1216K, reserved 323584K
  class space    used 73K, committed 128K, reserved 315392K
}
Event: 13.372 GC heap before
{Heap before GC invocations=1 (full 0):
 garbage-first heap   total 262144K, used 40575K [0x00000000e0000000, 0x0000000100000000)
  region size 1024K, 38 young (38912K), 3 survivors (3072K)
 Metaspace       used 4379K, committed 4544K, reserved 323584K
  class space    used 550K, committed 640K, reserved 315392K
}
Event: 13.375 GC heap after
{Heap after GC invocations=2 (full 0):
 garbage-first heap   total 262144K, used 11049K [0x00000000e0000000, 0x0000000100000000)
  region size 1024K, 5 young (5120K), 5 survivors (5120K)
 Metaspace       used 4379K, committed 4544K, reserved 323584K
  class space    used 550K, committed 640K, reserved 315392K
}
Event: 21.077 GC heap before
{Heap before GC invocations=2 (full 0):
 garbage-first heap   total 262144K, used 62249K [0x00000000e0000000, 0x0000000100000000)
  region size 1024K, 53 young (54272K), 5 survivors (5120K)
 Metaspace       used 5493K, committed 5696K, reserved 323584K
  class space    used 739K, committed 832K, reserved 315392K
}
Event: 21.083 GC heap after
{Heap after GC invocations=3 (full 0):
 garbage-first heap   total 262144K, used 16903K [0x00000000e0000000, 0x0000000100000000)
  region size 1024K, 7 young (7168K), 7 survivors (7168K)
 Metaspace       used 5493K, committed 5696K, reserved 323584K
  class space    used 739K, committed 832K, reserved 315392K
}
Event: 22.961 GC heap before
{Heap before GC invocations=3 (full 0):
 garbage-first heap   total 262144K, used 118279K [0x00000000e0000000, 0x0000000100000000)
  region size 1024K, 107 young (109568K), 7 survivors (7168K)
 Metaspace       used 21153K, committed 21504K, reserved 339968K
  class space    used 3097K, committed 3264K, reserved 315392K
}
Event: 22.969 GC heap after
{Heap after GC invocations=4 (full 0):
 garbage-first heap   total 262144K, used 23973K [0x00000000e0000000, 0x0000000100000000)
  region size 1024K, 14 young (14336K), 14 survivors (14336K)
 Metaspace       used 21153K, committed 21504K, reserved 339968K
  class space    used 3097K, committed 3264K, reserved 315392K
}
Event: 25.631 GC heap before
{Heap before GC invocations=5 (full 0):
 garbage-first heap   total 262144K, used 159141K [0x00000000e0000000, 0x0000000100000000)
  region size 1024K, 131 young (134144K), 14 survivors (14336K)
 Metaspace       used 35253K, committed 35776K, reserved 348160K
  class space    used 4891K, committed 5120K, reserved 315392K
}
Event: 25.641 GC heap after
{Heap after GC invocations=6 (full 0):
 garbage-first heap   total 262144K, used 46552K [0x00000000e0000000, 0x0000000100000000)
  region size 1024K, 17 young (17408K), 17 survivors (17408K)
 Metaspace       used 35253K, committed 35776K, reserved 348160K
  class space    used 4891K, committed 5120K, reserved 315392K
}
Event: 25.669 GC heap before
{Heap before GC invocations=6 (full 0):
 garbage-first heap   total 262144K, used 48600K [0x00000000e0000000, 0x0000000100000000)
  region size 1024K, 20 young (20480K), 17 survivors (17408K)
 Metaspace       used 35478K, committed 35968K, reserved 348160K
  class space    used 4923K, committed 5184K, reserved 315392K
}
Event: 25.675 GC heap after
{Heap after GC invocations=7 (full 0):
 garbage-first heap   total 262144K, used 47235K [0x00000000e0000000, 0x0000000100000000)
  region size 1024K, 12 young (12288K), 12 survivors (12288K)
 Metaspace       used 35478K, committed 35968K, reserved 348160K
  class space    used 4923K, committed 5184K, reserved 315392K
}
Event: 28.272 GC heap before
{Heap before GC invocations=8 (full 0):
 garbage-first heap   total 262144K, used 196739K [0x00000000e0000000, 0x0000000100000000)
  region size 1024K, 148 young (151552K), 12 survivors (12288K)
 Metaspace       used 47452K, committed 48064K, reserved 364544K
  class space    used 6701K, committed 6976K, reserved 315392K
}
Event: 28.282 GC heap after
{Heap after GC invocations=9 (full 0):
 garbage-first heap   total 262144K, used 66524K [0x00000000e0000000, 0x0000000100000000)
  region size 1024K, 11 young (11264K), 11 survivors (11264K)
 Metaspace       used 47452K, committed 48064K, reserved 364544K
  class space    used 6701K, committed 6976K, reserved 315392K
}
Event: 29.745 GC heap before
{Heap before GC invocations=9 (full 0):
 garbage-first heap   total 262144K, used 166876K [0x00000000e0000000, 0x0000000100000000)
  region size 1024K, 110 young (112640K), 11 survivors (11264K)
 Metaspace       used 59535K, committed 60096K, reserved 372736K
  class space    used 8372K, committed 8640K, reserved 315392K
}
Event: 29.754 GC heap after
{Heap after GC invocations=10 (full 0):
 garbage-first heap   total 262144K, used 74028K [0x00000000e0000000, 0x0000000100000000)
  region size 1024K, 8 young (8192K), 8 survivors (8192K)
 Metaspace       used 59535K, committed 60096K, reserved 372736K
  class space    used 8372K, committed 8640K, reserved 315392K
}
Event: 33.440 GC heap before
{Heap before GC invocations=11 (full 0):
 garbage-first heap   total 262144K, used 228652K [0x00000000e0000000, 0x0000000100000000)
  region size 1024K, 131 young (134144K), 8 survivors (8192K)
 Metaspace       used 67502K, committed 68224K, reserved 380928K
  class space    used 9507K, committed 9856K, reserved 315392K
}
Event: 33.447 GC heap after
{Heap after GC invocations=12 (full 0):
 garbage-first heap   total 262144K, used 116681K [0x00000000e0000000, 0x0000000100000000)
  region size 1024K, 17 young (17408K), 17 survivors (17408K)
 Metaspace       used 67502K, committed 68224K, reserved 380928K
  class space    used 9507K, committed 9856K, reserved 315392K
}

Dll operation events (14 events):
Event: 0.045 Loaded shared library C:\Users\user\.jdks\corretto-17.0.6\bin\java.dll
Event: 0.053 Loaded shared library C:\Users\user\.jdks\corretto-17.0.6\bin\jsvml.dll
Event: 0.092 Loaded shared library C:\Users\user\.jdks\corretto-17.0.6\bin\zip.dll
Event: 0.096 Loaded shared library C:\Users\user\.jdks\corretto-17.0.6\bin\instrument.dll
Event: 0.100 Loaded shared library C:\Users\user\.jdks\corretto-17.0.6\bin\net.dll
Event: 0.102 Loaded shared library C:\Users\user\.jdks\corretto-17.0.6\bin\nio.dll
Event: 0.136 Loaded shared library C:\Users\user\.jdks\corretto-17.0.6\bin\zip.dll
Event: 7.808 Loaded shared library C:\Users\user\.jdks\corretto-17.0.6\bin\jimage.dll
Event: 12.498 Loaded shared library C:\Users\user\.jdks\corretto-17.0.6\bin\verify.dll
Event: 12.668 Loaded shared library C:\Users\user\.gradle\native\1def1411415f61bf3af743bc5b6707747c0891f09f0c88961ee8f79bc544acac\windows-amd64\native-platform.dll
Event: 12.731 Loaded shared library C:\Users\user\.gradle\native\0.2.7\x86_64-windows-gnu\gradle-fileevents.dll
Event: 21.126 Loaded shared library C:\Users\user\.jdks\corretto-17.0.6\bin\management.dll
Event: 21.129 Loaded shared library C:\Users\user\.jdks\corretto-17.0.6\bin\management_ext.dll
Event: 21.717 Loaded shared library C:\Users\user\.jdks\corretto-17.0.6\bin\sunmscapi.dll

Deoptimization events (20 events):
Event: 33.453 Thread 0x00000218e6e634e0 Uncommon trap: trap_request=0xffffff45 fr.pc=0x00000218d989e858 relative=0x0000000000001a98
Event: 33.453 Thread 0x00000218e6e634e0 Uncommon trap: reason=unstable_if action=reinterpret pc=0x00000218d989e858 method=org.gradle.internal.service.DefaultServiceRegistry.isSatisfiedByAny(Ljava/lang/reflect/Type;Ljava/util/List;)Z @ 13 c2
Event: 33.453 Thread 0x00000218e6e634e0 DEOPT PACKING pc=0x00000218d989e858 sp=0x00000052ffafb6b0
Event: 33.453 Thread 0x00000218e6e634e0 DEOPT UNPACKING pc=0x00000218d8fd69a3 sp=0x00000052ffafb578 mode 2
Event: 33.488 Thread 0x00000218e8d5b570 Uncommon trap: trap_request=0xffffffc6 fr.pc=0x00000218d98a5c3c relative=0x0000000000000fbc
Event: 33.488 Thread 0x00000218e8d5b570 Uncommon trap: reason=bimorphic_or_optimized_type_check action=maybe_recompile pc=0x00000218d98a5c3c method=java.util.Collections$SetFromMap.remove(Ljava/lang/Object;)Z @ 5 c2
Event: 33.488 Thread 0x00000218e8d5b570 DEOPT PACKING pc=0x00000218d98a5c3c sp=0x0000005285cfe8b0
Event: 33.488 Thread 0x00000218e8d5b570 DEOPT UNPACKING pc=0x00000218d8fd69a3 sp=0x0000005285cfe8b8 mode 2
Event: 33.520 Thread 0x00000218e8d5c8b0 Uncommon trap: trap_request=0xffffffde fr.pc=0x00000218d95c7ef8 relative=0x0000000000000258
Event: 33.520 Thread 0x00000218e8d5c8b0 Uncommon trap: reason=class_check action=maybe_recompile pc=0x00000218d95c7ef8 method=java.util.stream.StreamOpFlag.fromCharacteristics(Ljava/util/Spliterator;)I @ 14 c2
Event: 33.520 Thread 0x00000218e8d5c8b0 DEOPT PACKING pc=0x00000218d95c7ef8 sp=0x0000005285afd660
Event: 33.520 Thread 0x00000218e8d5c8b0 DEOPT UNPACKING pc=0x00000218d8fd69a3 sp=0x0000005285afd548 mode 2
Event: 33.523 Thread 0x00000218e8d5c8b0 DEOPT PACKING pc=0x00000218d238091c sp=0x0000005285afd920
Event: 33.523 Thread 0x00000218e8d5c8b0 DEOPT UNPACKING pc=0x00000218d8fd7143 sp=0x0000005285afcde0 mode 0
Event: 33.529 Thread 0x00000218e8d5c8b0 DEOPT PACKING pc=0x00000218d1acb714 sp=0x0000005285afd820
Event: 33.529 Thread 0x00000218e8d5c8b0 DEOPT UNPACKING pc=0x00000218d8fd7143 sp=0x0000005285afcc98 mode 0
Event: 33.529 Thread 0x00000218e8d5c8b0 Uncommon trap: trap_request=0xffffffc6 fr.pc=0x00000218d98a5c3c relative=0x0000000000000fbc
Event: 33.529 Thread 0x00000218e8d5c8b0 Uncommon trap: reason=bimorphic_or_optimized_type_check action=maybe_recompile pc=0x00000218d98a5c3c method=java.util.Collections$SetFromMap.remove(Ljava/lang/Object;)Z @ 5 c2
Event: 33.529 Thread 0x00000218e8d5c8b0 DEOPT PACKING pc=0x00000218d98a5c3c sp=0x0000005285afddf0
Event: 33.529 Thread 0x00000218e8d5c8b0 DEOPT UNPACKING pc=0x00000218d8fd69a3 sp=0x0000005285afddf8 mode 2

Classes unloaded (0 events):
No events

Classes redefined (0 events):
No events

Internal exceptions (20 events):
Event: 32.389 Thread 0x00000218e6e634e0 Exception <a 'java/lang/ClassNotFoundException'{0x00000000e9094228}: groovy/lang/GroovyObjectCustomizer> (0x00000000e9094228) 
thrown [s\src\hotspot\share\classfile\systemDictionary.cpp, line 256]
Event: 32.390 Thread 0x00000218e6e634e0 Exception <a 'java/lang/ClassNotFoundException'{0x00000000e90ac030}: io/spring/gradle/dependencymanagement/dsl/ImportsHandlerBeanInfo> (0x00000000e90ac030) 
thrown [s\src\hotspot\share\classfile\systemDictionary.cpp, line 256]
Event: 32.390 Thread 0x00000218e6e634e0 Exception <a 'java/lang/ClassNotFoundException'{0x00000000e90b7760}: io/spring/gradle/dependencymanagement/dsl/ImportsHandlerCustomizer> (0x00000000e90b7760) 
thrown [s\src\hotspot\share\classfile\systemDictionary.cpp, line 256]
Event: 32.395 Thread 0x00000218e6e634e0 Exception <a 'java/lang/ClassNotFoundException'{0x00000000e8d92508}: org/codehaus/groovy/runtime/GStringImplBeanInfo> (0x00000000e8d92508) 
thrown [s\src\hotspot\share\classfile\systemDictionary.cpp, line 256]
Event: 32.397 Thread 0x00000218e6e634e0 Exception <a 'java/lang/ClassNotFoundException'{0x00000000e8b7aeb8}: org/codehaus/groovy/runtime/GStringImplCustomizer> (0x00000000e8b7aeb8) 
thrown [s\src\hotspot\share\classfile\systemDictionary.cpp, line 256]
Event: 33.404 Thread 0x00000218e67ffc10 Exception <a 'java/lang/NoSuchMethodError'{0x00000000eff894a8}: static Lorg/gradle/tooling/internal/provider/PhasedBuildActionResult;.<clinit>()V> (0x00000000eff894a8) 
thrown [s\src\hotspot\share\prims\jni.cpp, line 1107]
Event: 33.404 Thread 0x00000218e67ffc10 Exception <a 'java/lang/NoSuchMethodError'{0x00000000e7e02aa8}: static Lorg/gradle/tooling/internal/provider/serialization/SerializedPayload;.<clinit>()V> (0x00000000e7e02aa8) 
thrown [s\src\hotspot\share\prims\jni.cpp, line 1107]
Event: 33.405 Thread 0x00000218e67ffc10 Exception <a 'java/lang/NoSuchMethodError'{0x00000000e7e1eb78}: static [Ljava/lang/Object;.<clinit>()V> (0x00000000e7e1eb78) 
thrown [s\src\hotspot\share\prims\jni.cpp, line 1107]
Event: 33.406 Thread 0x00000218e67ffc10 Exception <a 'java/lang/NoSuchMethodError'{0x00000000e7e236e0}: static [B.<clinit>()V> (0x00000000e7e236e0) 
thrown [s\src\hotspot\share\prims\jni.cpp, line 1107]
Event: 33.422 Thread 0x00000218e6e634e0 Implicit null exception at 0x00000218d97b2e4b to 0x00000218d97b2e70
Event: 33.449 Thread 0x00000218e5667380 Implicit null exception at 0x00000218d95aeedd to 0x00000218d95af048
Event: 33.473 Thread 0x00000218e8d5c8b0 Exception <a 'java/lang/NoSuchMethodError'{0x00000000efc3fcd0}: 'java.lang.Object java.lang.invoke.DirectMethodHandle$Holder.newInvokeSpecial(java.lang.Object, java.lang.Object, int, java.lang.Object, java.lang.Object)'> (0x00000000efc3fcd0) 
thrown [s\src\hotspot\share\interpreter\linkResolver.cpp, line 759]
Event: 33.525 Thread 0x00000218e67ffc10 Exception <a 'java/lang/NoSuchMethodError'{0x00000000ef9fa750}: static Lorg/gradle/internal/build/event/types/DefaultTaskStartedProgressEvent;.<clinit>()V> (0x00000000ef9fa750) 
thrown [s\src\hotspot\share\prims\jni.cpp, line 1107]
Event: 33.525 Thread 0x00000218e67ffc10 Exception <a 'java/lang/NoSuchMethodError'{0x00000000ef9fbca0}: static Lorg/gradle/internal/build/event/types/AbstractProgressEvent;.<clinit>()V> (0x00000000ef9fbca0) 
thrown [s\src\hotspot\share\prims\jni.cpp, line 1107]
Event: 33.525 Thread 0x00000218e67ffc10 Exception <a 'java/lang/NoSuchMethodError'{0x00000000ef818da0}: static Lorg/gradle/internal/build/event/types/DefaultTaskDescriptor;.<clinit>()V> (0x00000000ef818da0) 
thrown [s\src\hotspot\share\prims\jni.cpp, line 1107]
Event: 33.526 Thread 0x00000218e67ffc10 Exception <a 'java/lang/NoSuchMethodError'{0x00000000ef823e78}: static Lorg/gradle/internal/operations/OperationIdentifier;.<clinit>()V> (0x00000000ef823e78) 
thrown [s\src\hotspot\share\prims\jni.cpp, line 1107]
Event: 33.530 Thread 0x00000218e67ffc10 Exception <a 'java/lang/NoSuchMethodError'{0x00000000ef83e8b0}: static Lorg/gradle/internal/build/event/types/DefaultTaskFinishedProgressEvent;.<clinit>()V> (0x00000000ef83e8b0) 
thrown [s\src\hotspot\share\prims\jni.cpp, line 1107]
Event: 33.531 Thread 0x00000218e67ffc10 Exception <a 'java/lang/NoSuchMethodError'{0x00000000ef86a3f8}: static Lorg/gradle/internal/build/event/types/DefaultTaskSuccessResult;.<clinit>()V> (0x00000000ef86a3f8) 
thrown [s\src\hotspot\share\prims\jni.cpp, line 1107]
Event: 33.531 Thread 0x00000218e67ffc10 Exception <a 'java/lang/NoSuchMethodError'{0x00000000ef86b668}: static Lorg/gradle/internal/build/event/types/AbstractTaskResult;.<clinit>()V> (0x00000000ef86b668) 
thrown [s\src\hotspot\share\prims\jni.cpp, line 1107]
Event: 33.531 Thread 0x00000218e67ffc10 Exception <a 'java/lang/NoSuchMethodError'{0x00000000ef86cd10}: static Lorg/gradle/internal/build/event/types/AbstractResult;.<clinit>()V> (0x00000000ef86cd10) 
thrown [s\src\hotspot\share\prims\jni.cpp, line 1107]

VM Operations (20 events):
Event: 31.612 Executing VM operation: HandshakeAllThreads
Event: 31.612 Executing VM operation: HandshakeAllThreads done
Event: 31.711 Executing VM operation: HandshakeAllThreads
Event: 31.711 Executing VM operation: HandshakeAllThreads done
Event: 31.711 Executing VM operation: HandshakeAllThreads
Event: 31.712 Executing VM operation: HandshakeAllThreads done
Event: 32.208 Executing VM operation: ICBufferFull
Event: 32.209 Executing VM operation: ICBufferFull done
Event: 32.234 Executing VM operation: HandshakeAllThreads
Event: 32.234 Executing VM operation: HandshakeAllThreads done
Event: 33.248 Executing VM operation: Cleanup
Event: 33.249 Executing VM operation: Cleanup done
Event: 33.440 Executing VM operation: G1CollectForAllocation
Event: 33.447 Executing VM operation: G1CollectForAllocation done
Event: 33.523 Executing VM operation: HandshakeAllThreads
Event: 33.523 Executing VM operation: HandshakeAllThreads done
Event: 33.528 Executing VM operation: HandshakeAllThreads
Event: 33.528 Executing VM operation: HandshakeAllThreads done
Event: 34.543 Executing VM operation: Cleanup
Event: 34.544 Executing VM operation: Cleanup done

Events (20 events):
Event: 33.449 loading class sun/security/ssl/Alert$Level done
Event: 33.468 Thread 0x00000218e8d5c8b0 Thread added: 0x00000218e8d5c8b0
Event: 33.475 Thread 0x00000218e8d5cd80 Thread added: 0x00000218e8d5cd80
Event: 33.475 Thread 0x00000218e8d5b570 Thread added: 0x00000218e8d5b570
Event: 33.475 Thread 0x00000218e8d5b0a0 Thread added: 0x00000218e8d5b0a0
Event: 33.475 Thread 0x00000218e8d5d720 Thread added: 0x00000218e8d5d720
Event: 33.475 Thread 0x00000218e8d5a230 Thread added: 0x00000218e8d5a230
Event: 33.475 Thread 0x00000218e8d5ba40 Thread added: 0x00000218e8d5ba40
Event: 33.475 Thread 0x00000218e8d5bf10 Thread added: 0x00000218e8d5bf10
Event: 33.476 Thread 0x00000218e8d5abd0 Thread added: 0x00000218e8d5abd0
Event: 33.476 Thread 0x00000218e8d5c3e0 Thread added: 0x00000218e8d5c3e0
Event: 33.476 Thread 0x00000218e8d5d250 Thread added: 0x00000218e8d5d250
Event: 33.476 Thread 0x00000218e8d5dbf0 Thread added: 0x00000218e8d5dbf0
Event: 33.496 Thread 0x00000218e8d5e0c0 Thread added: 0x00000218e8d5e0c0
Event: 33.520 loading class java/util/TreeMap$KeySpliterator
Event: 33.520 loading class java/util/TreeMap$TreeMapSpliterator
Event: 33.520 loading class java/util/TreeMap$TreeMapSpliterator done
Event: 33.520 loading class java/util/TreeMap$KeySpliterator done
Event: 33.533 loading class java/util/concurrent/ConcurrentLinkedQueue$Itr
Event: 33.533 loading class java/util/concurrent/ConcurrentLinkedQueue$Itr done


Dynamic libraries:
0x00007ff746a60000 - 0x00007ff746a6d000 	C:\Users\user\.jdks\corretto-17.0.6\bin\java.exe
0x00007ffedb020000 - 0x00007ffedb280000 	C:\WINDOWS\SYSTEM32\ntdll.dll
0x00007ffeda710000 - 0x00007ffeda7d7000 	C:\WINDOWS\System32\KERNEL32.DLL
0x00007ffed8830000 - 0x00007ffed8bfa000 	C:\WINDOWS\System32\KERNELBASE.dll
0x00007ffed84c0000 - 0x00007ffed860b000 	C:\WINDOWS\System32\ucrtbase.dll
0x00007ffec28c0000 - 0x00007ffec28d7000 	C:\Users\user\.jdks\corretto-17.0.6\bin\jli.dll
0x00007ffec2920000 - 0x00007ffec2935000 	C:\Users\user\.jdks\corretto-17.0.6\bin\VCRUNTIME140.dll
0x00007ffedab80000 - 0x00007ffedad4c000 	C:\WINDOWS\System32\USER32.dll
0x00007ffed8760000 - 0x00007ffed8787000 	C:\WINDOWS\System32\win32u.dll
0x00007ffedaaa0000 - 0x00007ffedaaca000 	C:\WINDOWS\System32\GDI32.dll
0x00007ffed7360000 - 0x00007ffed75f7000 	C:\WINDOWS\WinSxS\amd64_microsoft.windows.common-controls_6595b64144ccf1df_6.0.26100.3624_none_3e086962e3345f24\COMCTL32.dll
0x00007ffed8380000 - 0x00007ffed84b1000 	C:\WINDOWS\System32\gdi32full.dll
0x00007ffeda940000 - 0x00007ffeda9e9000 	C:\WINDOWS\System32\msvcrt.dll
0x00007ffed8c00000 - 0x00007ffed8ca3000 	C:\WINDOWS\System32\msvcp_win.dll
0x00007ffed9b70000 - 0x00007ffed9b9f000 	C:\WINDOWS\System32\IMM32.DLL
0x00007ffea9380000 - 0x00007ffea941b000 	C:\Users\user\.jdks\corretto-17.0.6\bin\msvcp140.dll
0x00007ffe56d50000 - 0x00007ffe57968000 	C:\Users\user\.jdks\corretto-17.0.6\bin\server\jvm.dll
0x00007ffeda430000 - 0x00007ffeda4e2000 	C:\WINDOWS\System32\ADVAPI32.dll
0x00007ffedaf30000 - 0x00007ffedafd6000 	C:\WINDOWS\System32\sechost.dll
0x00007ffed9750000 - 0x00007ffed9866000 	C:\WINDOWS\System32\RPCRT4.dll
0x00007ffea5c00000 - 0x00007ffea5c0a000 	C:\WINDOWS\SYSTEM32\WSOCK32.dll
0x00007ffed9340000 - 0x00007ffed93b4000 	C:\WINDOWS\System32\WS2_32.dll
0x00007ffec94d0000 - 0x00007ffec9506000 	C:\WINDOWS\SYSTEM32\WINMM.dll
0x00007ffed0f50000 - 0x00007ffed0f5b000 	C:\WINDOWS\SYSTEM32\VERSION.dll
0x00007ffed66c0000 - 0x00007ffed66da000 	C:\WINDOWS\SYSTEM32\kernel.appcore.dll
0x00007ffec5300000 - 0x00007ffec530a000 	C:\Users\user\.jdks\corretto-17.0.6\bin\jimage.dll
0x00007ffed7aa0000 - 0x00007ffed7ce1000 	C:\WINDOWS\SYSTEM32\DBGHELP.DLL
0x00007ffed93c0000 - 0x00007ffed9742000 	C:\WINDOWS\System32\combase.dll
0x00007ffeda570000 - 0x00007ffeda646000 	C:\WINDOWS\System32\OLEAUT32.dll
0x00007ffed7920000 - 0x00007ffed7959000 	C:\WINDOWS\SYSTEM32\dbgcore.DLL
0x00007ffed8790000 - 0x00007ffed8829000 	C:\WINDOWS\System32\bcryptPrimitives.dll
0x00007ffed1920000 - 0x00007ffed192e000 	C:\Users\user\.jdks\corretto-17.0.6\bin\instrument.dll
0x00007ffebe400000 - 0x00007ffebe425000 	C:\Users\user\.jdks\corretto-17.0.6\bin\java.dll
0x00007ffea92a0000 - 0x00007ffea9376000 	C:\Users\user\.jdks\corretto-17.0.6\bin\jsvml.dll
0x00007ffed9cc0000 - 0x00007ffeda3e9000 	C:\WINDOWS\System32\SHELL32.dll
0x00007ffed8cb0000 - 0x00007ffed8e18000 	C:\WINDOWS\System32\wintypes.dll
0x00007ffed5400000 - 0x00007ffed5c52000 	C:\WINDOWS\SYSTEM32\windows.storage.dll
0x00007ffed9bb0000 - 0x00007ffed9c9d000 	C:\WINDOWS\System32\SHCORE.dll
0x00007ffeda650000 - 0x00007ffeda6b4000 	C:\WINDOWS\System32\shlwapi.dll
0x00007ffed8110000 - 0x00007ffed813f000 	C:\WINDOWS\SYSTEM32\profapi.dll
0x00007ffeb91a0000 - 0x00007ffeb91b8000 	C:\Users\user\.jdks\corretto-17.0.6\bin\zip.dll
0x00007ffec2bc0000 - 0x00007ffec2bd9000 	C:\Users\user\.jdks\corretto-17.0.6\bin\net.dll
0x00007ffed0df0000 - 0x00007ffed0f0d000 	C:\WINDOWS\SYSTEM32\WINHTTP.dll
0x00007ffed6c40000 - 0x00007ffed6caa000 	C:\WINDOWS\system32\mswsock.dll
0x00007ffec28f0000 - 0x00007ffec2905000 	C:\Users\user\.jdks\corretto-17.0.6\bin\nio.dll
0x00007ffec2b70000 - 0x00007ffec2b80000 	C:\Users\user\.jdks\corretto-17.0.6\bin\verify.dll
0x00007ffec2870000 - 0x00007ffec2897000 	C:\Users\user\.gradle\native\1def1411415f61bf3af743bc5b6707747c0891f09f0c88961ee8f79bc544acac\windows-amd64\native-platform.dll
0x00007ffea9bd0000 - 0x00007ffea9c48000 	C:\Users\user\.gradle\native\0.2.7\x86_64-windows-gnu\gradle-fileevents.dll
0x00007ffed1910000 - 0x00007ffed1919000 	C:\Users\user\.jdks\corretto-17.0.6\bin\management.dll
0x00007ffec28e0000 - 0x00007ffec28eb000 	C:\Users\user\.jdks\corretto-17.0.6\bin\management_ext.dll
0x00007ffeda400000 - 0x00007ffeda408000 	C:\WINDOWS\System32\PSAPI.DLL
0x00007ffed60f0000 - 0x00007ffed6123000 	C:\WINDOWS\SYSTEM32\IPHLPAPI.DLL
0x00007ffeda420000 - 0x00007ffeda42a000 	C:\WINDOWS\System32\NSI.dll
0x00007ffed0c10000 - 0x00007ffed0c2f000 	C:\WINDOWS\SYSTEM32\dhcpcsvc6.DLL
0x00007ffed0bb0000 - 0x00007ffed0bd5000 	C:\WINDOWS\SYSTEM32\dhcpcsvc.DLL
0x00007ffed6190000 - 0x00007ffed62b5000 	C:\WINDOWS\SYSTEM32\DNSAPI.dll
0x00007ffed7e10000 - 0x00007ffed7e2c000 	C:\WINDOWS\SYSTEM32\CRYPTSP.dll
0x00007ffed6cb0000 - 0x00007ffed6cea000 	C:\WINDOWS\system32\rsaenh.dll
0x00007ffed6d20000 - 0x00007ffed6d4b000 	C:\WINDOWS\SYSTEM32\USERENV.dll
0x00007ffed80e0000 - 0x00007ffed8106000 	C:\WINDOWS\SYSTEM32\bcrypt.dll
0x00007ffed7170000 - 0x00007ffed717c000 	C:\WINDOWS\SYSTEM32\CRYPTBASE.dll
0x00007ffec2860000 - 0x00007ffec286e000 	C:\Users\user\.jdks\corretto-17.0.6\bin\sunmscapi.dll
0x00007ffed8200000 - 0x00007ffed8377000 	C:\WINDOWS\System32\CRYPT32.dll
0x00007ffed7320000 - 0x00007ffed7350000 	C:\WINDOWS\SYSTEM32\ncrypt.dll
0x00007ffed72d0000 - 0x00007ffed730f000 	C:\WINDOWS\SYSTEM32\NTASN1.dll
0x00007ffebe220000 - 0x00007ffebe228000 	C:\WINDOWS\system32\wshunix.dll
0x00007ffed09f0000 - 0x00007ffed09fb000 	C:\Windows\System32\rasadhlp.dll
0x00007ffece7f0000 - 0x00007ffece875000 	C:\WINDOWS\System32\fwpuclnt.dll

dbghelp: loaded successfully - version: 4.0.5 - missing functions: none
symbol engine: initialized successfully - sym options: 0x614 - pdb path: .;C:\Users\user\.jdks\corretto-17.0.6\bin;C:\WINDOWS\SYSTEM32;C:\WINDOWS\WinSxS\amd64_microsoft.windows.common-controls_6595b64144ccf1df_6.0.26100.3624_none_3e086962e3345f24;C:\Users\user\.jdks\corretto-17.0.6\bin\server;C:\Users\user\.gradle\native\1def1411415f61bf3af743bc5b6707747c0891f09f0c88961ee8f79bc544acac\windows-amd64;C:\Users\user\.gradle\native\0.2.7\x86_64-windows-gnu

VM Arguments:
jvm_args: --add-opens=java.base/java.lang=ALL-UNNAMED --add-opens=java.base/java.lang.invoke=ALL-UNNAMED --add-opens=java.base/java.util=ALL-UNNAMED --add-opens=java.prefs/java.util.prefs=ALL-UNNAMED --add-exports=jdk.compiler/com.sun.tools.javac.api=ALL-UNNAMED --add-exports=jdk.compiler/com.sun.tools.javac.util=ALL-UNNAMED --add-opens=java.base/java.util=ALL-UNNAMED --add-opens=java.prefs/java.util.prefs=ALL-UNNAMED --add-opens=java.base/java.nio.charset=ALL-UNNAMED --add-opens=java.base/java.net=ALL-UNNAMED --add-opens=java.base/java.util.concurrent.atomic=ALL-UNNAMED --add-opens=java.xml/javax.xml.namespace=ALL-UNNAMED -XX:MaxMetaspaceSize=384m -XX:+HeapDumpOnOutOfMemoryError -Xms256m -Xmx512m -Dfile.encoding=UTF-8 -Duser.country=KR -Duser.language=ko -Duser.variant -javaagent:C:\Users\user\.gradle\wrapper\dists\gradle-8.13-bin\5xuhj0ry160q40clulazy9h7d\gradle-8.13\lib\agents\gradle-instrumentation-agent-8.13.jar 
java_command: org.gradle.launcher.daemon.bootstrap.GradleDaemon 8.13
java_class_path (initial): C:\Users\user\.gradle\wrapper\dists\gradle-8.13-bin\5xuhj0ry160q40clulazy9h7d\gradle-8.13\lib\gradle-daemon-main-8.13.jar
Launcher Type: SUN_STANDARD

[Global flags]
     intx CICompilerCount                          = 4                                         {product} {ergonomic}
   size_t CompressedClassSpaceSize                 = 322961408                                 {product} {ergonomic}
     uint ConcGCThreads                            = 3                                         {product} {ergonomic}
     uint G1ConcRefinementThreads                  = 10                                        {product} {ergonomic}
   size_t G1HeapRegionSize                         = 1048576                                   {product} {ergonomic}
    uintx GCDrainStackTargetSize                   = 64                                        {product} {ergonomic}
     bool HeapDumpOnOutOfMemoryError               = true                                   {manageable} {command line}
   size_t InitialHeapSize                          = 268435456                                 {product} {command line}
   size_t MarkStackSize                            = 4194304                                   {product} {ergonomic}
   size_t MaxHeapSize                              = 536870912                                 {product} {command line}
   size_t MaxMetaspaceSize                         = 402653184                                 {product} {command line}
   size_t MaxNewSize                               = 321912832                                 {product} {ergonomic}
   size_t MinHeapDeltaBytes                        = 1048576                                   {product} {ergonomic}
   size_t MinHeapSize                              = 268435456                                 {product} {command line}
    uintx NonNMethodCodeHeapSize                   = 5839372                                {pd product} {ergonomic}
    uintx NonProfiledCodeHeapSize                  = 122909434                              {pd product} {ergonomic}
    uintx ProfiledCodeHeapSize                     = 122909434                              {pd product} {ergonomic}
    uintx ReservedCodeCacheSize                    = 251658240                              {pd product} {ergonomic}
     bool SegmentedCodeCache                       = true                                      {product} {ergonomic}
   size_t SoftMaxHeapSize                          = 536870912                              {manageable} {ergonomic}
     bool UseCompressedClassPointers               = true                           {product lp64_product} {ergonomic}
     bool UseCompressedOops                        = true                           {product lp64_product} {ergonomic}
     bool UseG1GC                                  = true                                      {product} {ergonomic}
     bool UseLargePagesIndividualAllocation        = false                                  {pd product} {ergonomic}

Logging:
Log output configuration:
 #0: stdout all=warning uptime,level,tags
 #1: stderr all=off uptime,level,tags

Environment Variables:
JAVA_HOME=C:\Program Files\Java\jdk-17
CLASSPATH=C:\Program Files\Java\jdk-17\lib
PATH=C:\Program Files\Common Files\Oracle\Java\javapath;C:\Program Files\Java\jdk-17\bin;C:\Program Files\Apache Software Foundation\Tomcat 9.0\bin;%JRE_HOME%\bin;C:\Program Files (x86)\NAT Service;C:\Windows\system32;C:\Windows;C:\Windows\System32\Wbem;C:\Windows\System32\WindowsPowerShell\v1.0\;C:\Windows\System32\OpenSSH\;C:\Program Files (x86)\NVIDIA Corporation\PhysX\Common;C:\Program Files (x86)\dotnet\;C:\Program Files\Bandizip\;C:\Program Files\Git\cmd;C:\Program Files\dotnet\;C:\Program Files\PuTTY\;C:\Users\user\AppData\Roaming\nvm;C:\Program Files\nodejs;C:\Program Files\nodejs\;C:\Program Files\Java\jdk-17\bin\;;C:\Program Files\Docker\Docker\resources\bin;C:\Program Files\Rancher Desktop\resources\resources\win32\bin\;C:\Program Files\Rancher Desktop\resources\resources\win32\docker-cli-plugins\;C:\Program Files\Rancher Desktop\resources\resources\linux\bin\;C:\Program Files\Rancher Desktop\resources\resources\linux\docker-cli-plugins\;C:\WINDOWS\system32;C:\WINDOWS;C:\WINDOWS\System32\Wbem;C:\WINDOWS\System32\WindowsPowerShell\v1.0\;C:\WINDOWS\System32\OpenSSH\;C:\Program Files\MySQL\MySQL Shell 8.0\bin\;C:\Users\user\AppData\Local\Microsoft\WindowsApps;C:\Users\user\AppData\Local\Programs\Microsoft VS Code\bin;C:\Program Files\JetBrains\IntelliJ IDEA 2023.2.8\bin;;C:\study_\apache-maven-3.8.6\bin;C:\Program Files\JetBrains\DataGrip 2024.2.1\bin;;C:\Users\user\AppData\Roaming\nvm;C:\Program Files\nodejs;C:\Users\user\AppData\Roaming\npm
USERNAME=user
OS=Windows_NT
PROCESSOR_IDENTIFIER=Intel64 Family 6 Model 151 Stepping 2, GenuineIntel
TMP=C:\Users\user\AppData\Local\Temp
TEMP=C:\Users\user\AppData\Local\Temp



---------------  S Y S T E M  ---------------

OS:
 Windows 11 , 64 bit Build 26100 (10.0.26100.3775)
OS uptime: 1 days 6:21 hours
Hyper-V role detected

CPU: total 12 (initial active 12) (6 cores per cpu, 2 threads per core) family 6 model 151 stepping 2 microcode 0x18, cx8, cmov, fxsr, ht, mmx, 3dnowpref, sse, sse2, sse3, ssse3, sse4.1, sse4.2, popcnt, lzcnt, tsc, tscinvbit, avx, avx2, aes, erms, clmul, bmi1, bmi2, adx, sha, fma, vzeroupper, clflush, clflushopt, clwb, hv

Memory: 4k page, system-wide physical 24389M (1119M free)
TotalPageFile size 83898M (AvailPageFile size 30M)
current process WorkingSet (physical memory assigned to process): 469M, peak: 469M
current process commit charge ("private bytes"): 528M, peak: 531M

vm_info: OpenJDK 64-Bit Server VM (17.0.6+10-LTS) for windows-amd64 JRE (17.0.6+10-LTS), built on Jan 13 2023 22:57:04 by "Administrator" with MS VC++ 15.9 (VS2017)

END.
